<testsuites><testsuite name="mimxrt595_evk_cm33" timestamp="2023-12-13T09:54:44.990379" time="38958.98" tests="444" failures="26" errors="0" skipped="0"><properties><property name="version" value="zephyr-v3.5.0-2927-g03b702690ae7" /></properties><testcase classname="mimxrt595_evk_cm33:tests/net/socket/can/net.socket.can" name="tests/net/socket/can/net.socket.can" time="9.65" /><testcase classname="mimxrt595_evk_cm33:tests/net/lib/http_server/common/net.http.server.common" name="tests/net/lib/http_server/common/net.http.server.common" time="16.82" /><testcase classname="mimxrt595_evk_cm33:tests/net/lib/lwm2m/engine/net.lwm2m.engine" name="tests/net/lib/lwm2m/engine/net.lwm2m.engine" time="26.240000000000002" /><testcase classname="mimxrt595_evk_cm33:tests/net/lib/lwm2m/content_raw_cbor/net.lwm2m.content_raw_cbor" name="tests/net/lib/lwm2m/content_raw_cbor/net.lwm2m.content_raw_cbor" time="38.78" /><testcase classname="mimxrt595_evk_cm33:tests/net/lib/lwm2m/content_senml_cbor/net.lwm2m.content_senml_cbor" name="tests/net/lib/lwm2m/content_senml_cbor/net.lwm2m.content_senml_cbor" time="52.78" /><testcase classname="mimxrt595_evk_cm33:tests/net/lib/lwm2m/content_oma_tlv/net.lwm2m.content_oma_tlv" name="tests/net/lib/lwm2m/content_oma_tlv/net.lwm2m.content_oma_tlv" time="70.28" /><testcase classname="mimxrt595_evk_cm33:tests/net/lib/lwm2m/lwm2m_engine/net.lwm2m.lwm2m_engine" name="tests/net/lib/lwm2m/lwm2m_engine/net.lwm2m.lwm2m_engine" time="89.97" /><testcase classname="mimxrt595_evk_cm33:tests/net/lib/lwm2m/content_json/net.lwm2m.content_json" name="tests/net/lib/lwm2m/content_json/net.lwm2m.content_json" time="106.33" /><testcase classname="mimxrt595_evk_cm33:tests/net/lib/lwm2m/content_link_format/net.lwm2m.content_link_format" name="tests/net/lib/lwm2m/content_link_format/net.lwm2m.content_link_format" time="118.22" /><testcase classname="mimxrt595_evk_cm33:tests/net/lib/lwm2m/lwm2m_registry/net.lwm2m.lwm2m_registry" name="tests/net/lib/lwm2m/lwm2m_registry/net.lwm2m.lwm2m_registry" time="130.65" /><testcase classname="mimxrt595_evk_cm33:tests/net/lib/lwm2m/content_plain_text/net.lwm2m.content_plain_text" name="tests/net/lib/lwm2m/content_plain_text/net.lwm2m.content_plain_text" time="144.62" /><testcase classname="mimxrt595_evk_cm33:tests/net/lib/lwm2m/block_transfer/net.lwm2m.block_transfer" name="tests/net/lib/lwm2m/block_transfer/net.lwm2m.block_transfer" time="160.07" /><testcase classname="mimxrt595_evk_cm33:tests/net/lib/mqtt_sn_packet/net.mqtt_sn.packet" name="tests/net/lib/mqtt_sn_packet/net.mqtt_sn.packet" time="177.23" /><testcase classname="mimxrt595_evk_cm33:tests/net/lib/coap_server/common/net.coap.server.common" name="tests/net/lib/coap_server/common/net.coap.server.common" time="196.92999999999998" /><testcase classname="mimxrt595_evk_cm33:tests/net/buf/net.buf" name="tests/net/buf/net.buf" time="203.80999999999997" /><testcase classname="mimxrt595_evk_cm33:tests/kernel/condvar/condvar_api/kernel.condvar" name="tests/kernel/condvar/condvar_api/kernel.condvar" time="215.54999999999998" /><testcase classname="mimxrt595_evk_cm33:tests/kernel/xip/arch.common.xip" name="tests/kernel/xip/arch.common.xip" time="222.10999999999999" /><testcase classname="mimxrt595_evk_cm33:tests/kernel/xip/arch.common.xip.minimallibc" name="tests/kernel/xip/arch.common.xip.minimallibc" time="227.01999999999998" /><testcase classname="mimxrt595_evk_cm33:tests/kernel/pipe/pipe/kernel.pipe" name="tests/kernel/pipe/pipe/kernel.pipe" time="237.74999999999997" /><testcase classname="mimxrt595_evk_cm33:tests/kernel/pipe/pipe_api/kernel.pipe.api" name="tests/kernel/pipe/pipe_api/kernel.pipe.api" time="244.18999999999997" /><testcase classname="mimxrt595_evk_cm33:tests/kernel/interrupt/arch.interrupt" name="tests/kernel/interrupt/arch.interrupt" time="248.70999999999998" /><testcase classname="mimxrt595_evk_cm33:tests/kernel/interrupt/arch.interrupt.minimallibc" name="tests/kernel/interrupt/arch.interrupt.minimallibc" time="253.82" /><testcase classname="mimxrt595_evk_cm33:tests/kernel/interrupt/arch.shared_interrupt" name="tests/kernel/interrupt/arch.shared_interrupt" time="259.67" /><testcase classname="mimxrt595_evk_cm33:tests/kernel/context/kernel.context" name="tests/kernel/context/kernel.context" time="269.28000000000003" /><testcase classname="mimxrt595_evk_cm33:tests/kernel/context/kernel.context.minimallibc" name="tests/kernel/context/kernel.context.minimallibc" time="278.77000000000004" /><testcase classname="mimxrt595_evk_cm33:tests/kernel/pending/kernel.objects" name="tests/kernel/pending/kernel.objects" time="288.08000000000004" /><testcase classname="mimxrt595_evk_cm33:tests/kernel/pending/kernel.objects.minimallibc" name="tests/kernel/pending/kernel.objects.minimallibc" time="297.99000000000007" /><testcase classname="mimxrt595_evk_cm33:tests/kernel/queue/kernel.queue" name="tests/kernel/queue/kernel.queue" time="303.89000000000004" /><testcase classname="mimxrt595_evk_cm33:tests/kernel/queue/kernel.queue.minimallibc" name="tests/kernel/queue/kernel.queue.minimallibc" time="309.65000000000003" /><testcase classname="mimxrt595_evk_cm33:tests/kernel/stack/stack/kernel.stack.usage" name="tests/kernel/stack/stack/kernel.stack.usage" time="314.91" /><testcase classname="mimxrt595_evk_cm33:tests/kernel/fifo/fifo_timeout/kernel.fifo.timeout" name="tests/kernel/fifo/fifo_timeout/kernel.fifo.timeout" time="320.46000000000004" /><testcase classname="mimxrt595_evk_cm33:tests/kernel/fifo/fifo_usage/kernel.fifo.usage" name="tests/kernel/fifo/fifo_usage/kernel.fifo.usage" time="326.01000000000005" /><testcase classname="mimxrt595_evk_cm33:tests/kernel/fifo/fifo_api/kernel.fifo" name="tests/kernel/fifo/fifo_api/kernel.fifo" time="330.94000000000005" /><testcase classname="mimxrt595_evk_cm33:tests/kernel/mem_heap/mheap_api_concept/kernel.memory_heap" name="tests/kernel/mem_heap/mheap_api_concept/kernel.memory_heap" time="335.21000000000004" /><testcase classname="mimxrt595_evk_cm33:tests/kernel/mem_heap/k_heap_api/kernel.k_heap_api" name="tests/kernel/mem_heap/k_heap_api/kernel.k_heap_api" time="338.88000000000005" /><testcase classname="mimxrt595_evk_cm33:tests/kernel/common/kernel.common" name="tests/kernel/common/kernel.common" time="345.07000000000005" /><testcase classname="mimxrt595_evk_cm33:tests/kernel/common/kernel.common.tls" name="tests/kernel/common/kernel.common.tls" time="352.21000000000004" /><testcase classname="mimxrt595_evk_cm33:tests/kernel/common/kernel.common.misra" name="tests/kernel/common/kernel.common.misra" time="359.26000000000005" /><testcase classname="mimxrt595_evk_cm33:tests/kernel/common/kernel.common.minimallibc" name="tests/kernel/common/kernel.common.minimallibc" time="365.6" /><testcase classname="mimxrt595_evk_cm33:tests/kernel/common/kernel.common.nano32" name="tests/kernel/common/kernel.common.nano32" time="371.90000000000003" /><testcase classname="mimxrt595_evk_cm33:tests/kernel/common/kernel.common.nano64" name="tests/kernel/common/kernel.common.nano64" time="378.95000000000005" /><testcase classname="mimxrt595_evk_cm33:tests/kernel/common/kernel.common.picolibc" name="tests/kernel/common/kernel.common.picolibc" time="389.00000000000006" /><testcase classname="mimxrt595_evk_cm33:tests/kernel/obj_tracking/kernel.objects.tracking" name="tests/kernel/obj_tracking/kernel.objects.tracking" time="394.4700000000001" /><testcase classname="mimxrt595_evk_cm33:tests/kernel/obj_tracking/kernel.objects.tracking.minimallibc" name="tests/kernel/obj_tracking/kernel.objects.tracking.minimallibc" time="398.00000000000006" /><testcase classname="mimxrt595_evk_cm33:tests/kernel/poll/kernel.poll" name="tests/kernel/poll/kernel.poll" time="406.4100000000001" /><testcase classname="mimxrt595_evk_cm33:tests/kernel/poll/kernel.poll.minimallibc" name="tests/kernel/poll/kernel.poll.minimallibc" time="416.1300000000001" /><testcase classname="mimxrt595_evk_cm33:tests/kernel/fatal/message_capture/kernel.logging.message_capture" name="tests/kernel/fatal/message_capture/kernel.logging.message_capture" time="420.60000000000014" /><testcase classname="mimxrt595_evk_cm33:tests/kernel/fatal/exception/kernel.common.stack_protection" name="tests/kernel/fatal/exception/kernel.common.stack_protection" time="426.82000000000016" /><testcase classname="mimxrt595_evk_cm33:tests/kernel/fatal/exception/kernel.common.stack_protection_no_userspace" name="tests/kernel/fatal/exception/kernel.common.stack_protection_no_userspace" time="431.85000000000014" /><testcase classname="mimxrt595_evk_cm33:tests/kernel/fatal/exception/kernel.common.stack_protection_arm_fpu_sharing" name="tests/kernel/fatal/exception/kernel.common.stack_protection_arm_fpu_sharing" time="438.28000000000014" /><testcase classname="mimxrt595_evk_cm33:tests/kernel/fatal/exception/kernel.common.stack_protection_armv8m_mpu_stack_guard" name="tests/kernel/fatal/exception/kernel.common.stack_protection_armv8m_mpu_stack_guard" time="443.3100000000001"><failure type="failure" message="Failed">*** Booting Zephyr OS build zephyr-v3.5.0-2927-g03b702690ae7 ***
E: no free partition slots available
E: no free partition slots available
Running TESTSUITE fatal_exception
===================================================================
START - test_fatal
test alt thread 1: generic CPU exception
E: ***** USAGE FAULT *****
E:   Illegal use of the EPSR
E: r0/a1:  0x00000000  r1/a2:  0x00000000  r2/a3:  0x30180ee0
E: r3/a4:  0x3018279c r12/ip:  0x7fdb7dfd r14/lr:  0x18001993
E:  xpsr:  0x40000000
E: Faulting instruction address (r15/pc): 0x3018279c
E: &gt;&gt;&gt; ZEPHYR FATAL ERROR 0: CPU exception on CPU 0
E: Current thread: 0x30180f00 (unknown)
Caught system error -- reason 0
test alt thread 1: generic CPU exception divide zero
E: r0/a1:  0x00000000  r1/a2:  0x00000000  r2/a3:  0x00000000
E: r3/a4:  0x30180ee0 r12/ip:  0x00000000 r14/lr:  0x180020cb
E:  xpsr:  0x41000000
E: Faulting instruction address (r15/pc): 0x180019b0
E: &gt;&gt;&gt; ZEPHYR FATAL ERROR 0: CPU exception on CPU 0
E: Current thread: 0x30180f00 (unknown)
Caught system error -- reason 0
test alt thread 2: initiate kernel oops
E: r0/a1:  0x00000003  r1/a2:  0x00000000  r2/a3:  0x00000003
E: r3/a4:  0x30180ee0 r12/ip:  0x180019b0 r14/lr:  0x180020cb
E:  xpsr:  0x41000000
E: Faulting instruction address (r15/pc): 0x180019d4
E: &gt;&gt;&gt; ZEPHYR FATAL ERROR 3: Kernel oops on CPU 0
E: Current thread: 0x30180f00 (unknown)
Caught system error -- reason 3
test alt thread 3: initiate kernel panic
E: r0/a1:  0x00000004  r1/a2:  0x00000000  r2/a3:  0x00000004
E: r3/a4:  0x30180ee0 r12/ip:  0x30180f00 r14/lr:  0x180020cb
E:  xpsr:  0x41000000
E: Faulting instruction address (r15/pc): 0x18001a18
E: &gt;&gt;&gt; ZEPHYR FATAL ERROR 4: Kernel panic on CPU 0
E: Current thread: 0x30180f00 (unknown)
Caught system error -- reason 4
test alt thread 4: fail assertion
ASSERTION FAIL [0] @ WEST_TOPDIR/zephyr/tests/kernel/fatal/exception/src/main.c:159
intentionally failed assertion
E: r0/a1:  0x00000004  r1/a2:  0x0000009f  r2/a3:  0x00000016
E: r3/a4:  0x00000000 r12/ip:  0x00000000 r14/lr:  0x1800ef51
E:  xpsr:  0x61000000
E: Faulting instruction address (r15/pc): 0x1800ef6a
E: &gt;&gt;&gt; ZEPHYR FATAL ERROR 4: Kernel panic on CPU 0
E: Current thread: 0x30180f00 (unknown)
Caught system error -- reason 4
test alt thread 5: initiate arbitrary SW exception
E: r0/a1:  0x7fffffff  r1/a2:  0x00000000  r2/a3:  0x7fffffff
E: r3/a4:  0x30180ee0 r12/ip:  0x30181434 r14/lr:  0x180020cb
E:  xpsr:  0x41000000
E: Faulting instruction address (r15/pc): 0x18001a5e
E: &gt;&gt;&gt; ZEPHYR FATAL ERROR 2147483647: Unknown error on CPU 0
E: Current thread: 0x30180f00 (unknown)
Caught system error -- reason 2147483647
test alt thread 6: initiate arbitrary SW exception negative
E: r0/a1:  0xfffffffe  r1/a2:  0x00000000  r2/a3:  0xfffffffe
E: r3/a4:  0x30180ee0 r12/ip:  0x30180f00 r14/lr:  0x180020cb
E:  xpsr:  0x41000000
E: Faulting instruction address (r15/pc): 0x18001aa2
E: &gt;&gt;&gt; ZEPHYR FATAL ERROR -2: Unknown error on CPU 0
E: Current thread: 0x30180f00 (unknown)
Caught system error -- reason -2
test stack HW-based overflow - supervisor 1
E: ***** MPU FAULT *****
E:   Stacking error (context area might be not valid)
E:   Data Access Violation
E:   MMFAR Address: 0x30181ffc
E: r0/a1:  0x4fffff3f  r1/a2:  0xdffdff7f  r2/a3:  0x7bf7dfff
E: r3/a4:  0xffefe3bb r12/ip:  0x7fffdfff r14/lr:  0xfffdfbaf
E:  xpsr:  0x41000000
E: Faulting instruction address (r15/pc): 0x1800eaf6
E: &gt;&gt;&gt; ZEPHYR FATAL ERROR 2: Stack overflow on CPU 0
E: Current thread: 0x30180f00 (unknown)
Caught system error -- reason 2
test stack HW-based overflow - supervisor 2
E: ***** MPU FAULT *****
E:   Stacking error (context area might be not valid)
E:   Data Access Violation
E:   MMFAR Address: 0x30181ffc
E: r0/a1:  0x4fffff3f  r1/a2:  0xdffdff7f  r2/a3:  0x7bf7dfff
E: r3/a4:  0xffefe3bb r12/ip:  0x7fffdfff r14/lr:  0xfffdfbaf
E:  xpsr:  0x41000000
E: Faulting instruction address (r15/pc): 0x1800eaf6
E: &gt;&gt;&gt; ZEPHYR FATAL ERROR 2: Stack overflow on CPU 0
E: Current thread: 0x30180f00 (unknown)
Caught system error -- reason 2
test stack HW-based overflow - user 1
E: ***** MPU FAULT *****
E:   Data Access Violation
E:   MMFAR Address: 0x30180ee0
E: r0/a1:  0x00000025  r1/a2:  0x00000000  r2/a3:  0x00000002
E: r3/a4:  0x30180ee0 r12/ip:  0x180020b3 r14/lr:  0x18001c65
E:  xpsr:  0x01000000
E: Faulting instruction address (r15/pc): 0x18001c52
E: &gt;&gt;&gt; ZEPHYR FATAL ERROR 0: CPU exception on CPU 0
E: Current thread: 0x30180f00 (unknown)
Caught system error -- reason 0
Was not expecting a crash
PROJECT EXECUTION FAILED
</failure></testcase><testcase classname="mimxrt595_evk_cm33:tests/kernel/fatal/exception/kernel.common.stack_sentinel" name="tests/kernel/fatal/exception/kernel.common.stack_sentinel" time="448.0700000000001" /><testcase classname="mimxrt595_evk_cm33:tests/kernel/obj_core/obj_core/kernel.obj_core" name="tests/kernel/obj_core/obj_core/kernel.obj_core" time="452.5500000000001" /><testcase classname="mimxrt595_evk_cm33:tests/kernel/obj_core/obj_core_stats/kernel.obj_core.stats" name="tests/kernel/obj_core/obj_core_stats/kernel.obj_core.stats" time="458.2000000000001" /><testcase classname="mimxrt595_evk_cm33:tests/kernel/obj_core/obj_core_stats_api/kernel.obj_core.stats.api" name="tests/kernel/obj_core/obj_core_stats_api/kernel.obj_core.stats.api" time="462.7200000000001" /><testcase classname="mimxrt595_evk_cm33:tests/kernel/lifo/lifo_api/kernel.lifo" name="tests/kernel/lifo/lifo_api/kernel.lifo" time="467.80000000000007" /><testcase classname="mimxrt595_evk_cm33:tests/kernel/lifo/lifo_usage/kernel.lifo.usage" name="tests/kernel/lifo/lifo_usage/kernel.lifo.usage" time="473.14000000000004" /><testcase classname="mimxrt595_evk_cm33:tests/kernel/device/kernel.device" name="tests/kernel/device/kernel.device" time="478.26000000000005" /><testcase classname="mimxrt595_evk_cm33:tests/kernel/device/kernel.device.minimallibc" name="tests/kernel/device/kernel.device.minimallibc" time="483.14000000000004" /><testcase classname="mimxrt595_evk_cm33:tests/kernel/device/kernel.device.pm" name="tests/kernel/device/kernel.device.pm" time="487.34000000000003" /><testcase classname="mimxrt595_evk_cm33:tests/kernel/profiling/profiling_api/kernel.common.profiling" name="tests/kernel/profiling/profiling_api/kernel.common.profiling" time="492.18" /><testcase classname="mimxrt595_evk_cm33:tests/kernel/early_sleep/kernel.common.sleep" name="tests/kernel/early_sleep/kernel.common.sleep" time="498.97" /><testcase classname="mimxrt595_evk_cm33:tests/kernel/early_sleep/kernel.common.sleep.minimallibc" name="tests/kernel/early_sleep/kernel.common.sleep.minimallibc" time="503.72" /><testcase classname="mimxrt595_evk_cm33:tests/kernel/threads/thread_apis/kernel.threads.apis" name="tests/kernel/threads/thread_apis/kernel.threads.apis" time="515.89" /><testcase classname="mimxrt595_evk_cm33:tests/kernel/threads/tls/kernel.threads.tls" name="tests/kernel/threads/tls/kernel.threads.tls" time="528.96" /><testcase classname="mimxrt595_evk_cm33:tests/kernel/threads/tls/kernel.threads.tls.userspace" name="tests/kernel/threads/tls/kernel.threads.tls.userspace" time="1141.88"><failure type="failure" message="Timeout">*** Booting Zephyr OS build zephyr-v3.5.0-2927-g03b702690ae7 ***
E: no free partition slots available
Running TESTSUITE thread_tls
===================================================================
E: num_parts of 3 exceeds maximum allowable partitions (2)
ASSERTION FAIL [ret == 0] @ WEST_TOPDIR/zephyr/tests/kernel/threads/tls/src/main.c:219
k_mem_domain_init() failed -22
E: r0/a1:  0x00000004  r1/a2:  0x000000db  r2/a3:  0x00000016
E: r3/a4:  0x00000000 r12/ip:  0x00000000 r14/lr:  0x1800e609
E:  xpsr:  0x69000000
E: Faulting instruction address (r15/pc): 0x1800e622
E: &gt;&gt;&gt; ZEPHYR FATAL ERROR 4: Kernel panic on CPU 0
E: Current thread: 0x301812c0 (main)
E: Halting system
</failure></testcase><testcase classname="mimxrt595_evk_cm33:tests/kernel/threads/thread_init/kernel.threads.init" name="tests/kernel/threads/thread_init/kernel.threads.init" time="1154.0" /><testcase classname="mimxrt595_evk_cm33:tests/kernel/threads/thread_error_case/kernel.threads.error.case" name="tests/kernel/threads/thread_error_case/kernel.threads.error.case" time="1166.76" /><testcase classname="mimxrt595_evk_cm33:tests/kernel/threads/dynamic_thread/kernel.threads.dynamic" name="tests/kernel/threads/dynamic_thread/kernel.threads.dynamic" time="1178.48" /><testcase classname="mimxrt595_evk_cm33:tests/kernel/threads/dynamic_thread_stack/kernel.threads.dynamic_thread.stack.no_pool.no_alloc.no_user" name="tests/kernel/threads/dynamic_thread_stack/kernel.threads.dynamic_thread.stack.no_pool.no_alloc.no_user" time="1186.65" /><testcase classname="mimxrt595_evk_cm33:tests/kernel/threads/dynamic_thread_stack/kernel.threads.dynamic_thread.stack.no_pool.no_alloc.user" name="tests/kernel/threads/dynamic_thread_stack/kernel.threads.dynamic_thread.stack.no_pool.no_alloc.user" time="1194.18" /><testcase classname="mimxrt595_evk_cm33:tests/kernel/threads/dynamic_thread_stack/kernel.threads.dynamic_thread.stack.no_pool.alloc.no_user" name="tests/kernel/threads/dynamic_thread_stack/kernel.threads.dynamic_thread.stack.no_pool.alloc.no_user" time="1200.74" /><testcase classname="mimxrt595_evk_cm33:tests/kernel/threads/dynamic_thread_stack/kernel.threads.dynamic_thread.stack.no_pool.alloc.user" name="tests/kernel/threads/dynamic_thread_stack/kernel.threads.dynamic_thread.stack.no_pool.alloc.user" time="1207.78" /><testcase classname="mimxrt595_evk_cm33:tests/kernel/threads/dynamic_thread_stack/kernel.threads.dynamic_thread.stack.pool.no_alloc.no_user" name="tests/kernel/threads/dynamic_thread_stack/kernel.threads.dynamic_thread.stack.pool.no_alloc.no_user" time="1215.92" /><testcase classname="mimxrt595_evk_cm33:tests/kernel/threads/dynamic_thread_stack/kernel.threads.dynamic_thread.stack.pool.no_alloc.user" name="tests/kernel/threads/dynamic_thread_stack/kernel.threads.dynamic_thread.stack.pool.no_alloc.user" time="1225.24" /><testcase classname="mimxrt595_evk_cm33:tests/kernel/threads/dynamic_thread_stack/kernel.threads.dynamic_thread.stack.pool.alloc.no_user" name="tests/kernel/threads/dynamic_thread_stack/kernel.threads.dynamic_thread.stack.pool.alloc.no_user" time="1229.59" /><testcase classname="mimxrt595_evk_cm33:tests/kernel/threads/dynamic_thread_stack/kernel.threads.dynamic_thread.stack.pool.alloc.user" name="tests/kernel/threads/dynamic_thread_stack/kernel.threads.dynamic_thread.stack.pool.alloc.user" time="1241.1699999999998" /><testcase classname="mimxrt595_evk_cm33:tests/kernel/threads/thread_stack/kernel.threads.thread_stack" name="tests/kernel/threads/thread_stack/kernel.threads.thread_stack" time="1246.5399999999997" /><testcase classname="mimxrt595_evk_cm33:tests/kernel/threads/thread_stack/kernel.threads.armv8m_mpu_stack_guard" name="tests/kernel/threads/thread_stack/kernel.threads.armv8m_mpu_stack_guard" time="1852.5999999999997"><failure type="failure" message="Timeout">*** Booting Zephyr OS build zephyr-v3.5.0-2927-g03b702690ae7 ***
E: no free partition slots available
E: no free partition slots available
Running TESTSUITE userspace_thread_stack
===================================================================
START - test_idle_stack
hi! bye!
allocated semaphore 0x30182c10
unused idle thread stack size: 320/384 (64 used)
PASS - test_idle_stack in 0.010 seconds
===================================================================
START - test_stack_buffer
Reserved space (thread stacks): 0
Reserved space (kernel stacks): 64
CONFIG_ISR_STACK_SIZE 2048
irq stack 0: 0x301821c0 size 2112
Provided stack size: 512
testing user_stack
stack may host user thread, size in metadata is 512
Stack object 0x30183280[512]
- Testing supervisor mode
- Thread reports buffer 0x301832c0 size 448
- check read/write to stack buffer
- Carved-out space in buffer: 64
- Unused objects space: 0
self-reported unused stack space: 40
target thread unused stack space: 40
- Testing user mode (direct launch)
E: ***** MPU FAULT *****
E:   Data Access Violation
E:   MMFAR Address: 0x30180eb0
E: r0/a1:  0x00000000  r1/a2:  0x00000000  r2/a3:  0x00000000
E: r3/a4:  0x00000000 r12/ip:  0x180022cb r14/lr:  0x180022e3
E:  xpsr:  0x41000000
E: Faulting instruction address (r15/pc): 0x18001c58
E: &gt;&gt;&gt; ZEPHYR FATAL ERROR 0: CPU exception on CPU 0
E: Current thread: 0x30180f20 (unknown)
E: Halting system
</failure></testcase><testcase classname="mimxrt595_evk_cm33:tests/kernel/sched/metairq/kernel.scheduler.metairq" name="tests/kernel/sched/metairq/kernel.scheduler.metairq" time="1855.9599999999996" /><testcase classname="mimxrt595_evk_cm33:tests/kernel/sched/preempt/kernel.scheduler.preempt" name="tests/kernel/sched/preempt/kernel.scheduler.preempt" time="1860.4699999999996" /><testcase classname="mimxrt595_evk_cm33:tests/kernel/sched/deadline/kernel.scheduler.deadline" name="tests/kernel/sched/deadline/kernel.scheduler.deadline" time="1864.1299999999997" /><testcase classname="mimxrt595_evk_cm33:tests/kernel/sched/schedule_api/kernel.scheduler" name="tests/kernel/sched/schedule_api/kernel.scheduler" time="1887.3299999999997" /><testcase classname="mimxrt595_evk_cm33:tests/kernel/sched/schedule_api/kernel.scheduler.no_timeslicing" name="tests/kernel/sched/schedule_api/kernel.scheduler.no_timeslicing" time="1894.2399999999998" /><testcase classname="mimxrt595_evk_cm33:tests/kernel/sched/schedule_api/kernel.scheduler.slice_perthread" name="tests/kernel/sched/schedule_api/kernel.scheduler.slice_perthread" time="1916.0499999999997" /><testcase classname="mimxrt595_evk_cm33:tests/kernel/sched/schedule_api/kernel.scheduler.multiq" name="tests/kernel/sched/schedule_api/kernel.scheduler.multiq" time="1938.2099999999998" /><testcase classname="mimxrt595_evk_cm33:tests/kernel/sched/schedule_api/kernel.scheduler.multiq_no_timeslicing" name="tests/kernel/sched/schedule_api/kernel.scheduler.multiq_no_timeslicing" time="1943.8299999999997" /><testcase classname="mimxrt595_evk_cm33:tests/kernel/sched/schedule_api/kernel.scheduler.dumb_timeslicing" name="tests/kernel/sched/schedule_api/kernel.scheduler.dumb_timeslicing" time="1966.2999999999997" /><testcase classname="mimxrt595_evk_cm33:tests/kernel/sched/schedule_api/kernel.scheduler.dumb_no_timeslicing" name="tests/kernel/sched/schedule_api/kernel.scheduler.dumb_no_timeslicing" time="1973.7599999999998" /><testcase classname="mimxrt595_evk_cm33:tests/kernel/mem_protect/stack_random/kernel.memory_protection.stack_random" name="tests/kernel/mem_protect/stack_random/kernel.memory_protection.stack_random" time="1981.2299999999998" /><testcase classname="mimxrt595_evk_cm33:tests/kernel/mem_protect/userspace/kernel.memory_protection.userspace" name="tests/kernel/mem_protect/userspace/kernel.memory_protection.userspace" time="1989.2599999999998"><failure type="failure" message="Failed">*** Booting Zephyr OS build zephyr-v3.5.0-2927-g03b702690ae7 ***
Running TESTSUITE userspace
===================================================================
START - test_access_after_revoke
E: thread 0x301810e0 (2) does not have permission on k_sem 0x30183e8c
E: permission bitmap
E: 08 00                   |..      
E: syscall z_vrfy_k_sem_take failed check: access denied
E: r0/a1:  0x00000000  r1/a2:  0x00000000  r2/a3:  0x00000000
E: r3/a4:  0x00000000 r12/ip:  0x00000000 r14/lr:  0x00000000
E:  xpsr:  0x00000000
E: Faulting instruction address (r15/pc): 0x2000080a
E: &gt;&gt;&gt; ZEPHYR FATAL ERROR 3: Kernel oops on CPU 0
E: Current thread: 0x301810e0 (test_access_after_revoke)
Caught system error -- reason 3
System error was expected
PASS - test_access_after_revoke in 0.050 seconds
===================================================================
START - test_bad_syscall
E: Bad system call id 2147483647 invoked
E: r0/a1:  0x00000000  r1/a2:  0x00000000  r2/a3:  0x00000000
E: r3/a4:  0x00000000 r12/ip:  0x00000000 r14/lr:  0x00000000
E:  xpsr:  0x00000000
E: Faulting instruction address (r15/pc): 0x2000080a
E: &gt;&gt;&gt; ZEPHYR FATAL ERROR 3: Kernel oops on CPU 0
E: Current thread: 0x301810e0 (test_bad_syscall)
Caught system error -- reason 3
System error was expected
PASS - test_bad_syscall in 0.036 seconds
===================================================================
START - test_disable_mmu_mpu
E: ***** BUS FAULT *****
E:   Precise data bus error
E:   BFAR Address: 0xe000ed94
E: r0/a1:  0x00000000  r1/a2:  0x00000000  r2/a3:  0x00000000
E: r3/a4:  0xe000ed00 r12/ip:  0x1800440b r14/lr:  0x18001c15
E:  xpsr:  0x41000000
E: Faulting instruction address (r15/pc): 0x18003dd4
E: &gt;&gt;&gt; ZEPHYR FATAL ERROR 0: CPU exception on CPU 0
E: Current thread: 0x301810e0 (test_disable_mmu_mpu)
Caught system error -- reason 0
System error was expected
PASS - test_disable_mmu_mpu in 0.041 seconds
===================================================================
START - test_is_usermode
PASS - test_is_usermode in 0.001 seconds
===================================================================
START - test_kernel_only_thread
kernel only thread in kernel mode
ASSERTION FAIL [z_stack_is_user_capable(_kernel.cpus[0].current-&gt;stack_obj)] @ WEST_TOPDIR/zephyr/kernel/thread.c:914
dropping to user mode with kernel-only stack object
E: r0/a1:  0x00000004  r1/a2:  0x00000392  r2/a3:  0x00000016
E: r3/a4:  0x00000000 r12/ip:  0x00000000 r14/lr:  0x1801030b
E:  xpsr:  0x61000000
E: Faulting instruction address (r15/pc): 0x18010324
E: &gt;&gt;&gt; ZEPHYR FATAL ERROR 4: Kernel panic on CPU 0
E: Current thread: 0x30180f40 (kernel_only_thread)
Caught system error -- reason 4
System error was expected
PASS - test_kernel_only_thread in 0.501 seconds
===================================================================
START - test_object_recycle
PASS - test_object_recycle in 0.001 seconds
===================================================================
START - test_oops_exception
E: r0/a1:  0x00000000  r1/a2:  0x00000000  r2/a3:  0x00000003
E: r3/a4:  0x30180ef0 r12/ip:  0x1800440b r14/lr:  0x1800446f
E:  xpsr:  0x41000000
E: Faulting instruction address (r15/pc): 0x18001a40
E: &gt;&gt;&gt; ZEPHYR FATAL ERROR 3: Kernel oops on CPU 0
E: Current thread: 0x301810e0 (test_oops_exception)
Caught system error -- reason 3
System error was expected
PASS - test_oops_exception in 0.033 seconds
===================================================================
START - test_oops_maxint
E: r0/a1:  0x7fffffff  r1/a2:  0x00000000  r2/a3:  0x00000003
E: r3/a4:  0x30180ef0 r12/ip:  0x1800440b r14/lr:  0x1800446f
E:  xpsr:  0x41000000
E: Faulting instruction address (r15/pc): 0x18001a64
E: &gt;&gt;&gt; ZEPHYR FATAL ERROR 3: Kernel oops on CPU 0
E: Current thread: 0x301810e0 (test_oops_maxint)
Caught system error -- reason 3
System error was expected
PASS - test_oops_maxint in 0.033 seconds
===================================================================
START - test_oops_oops
E: r0/a1:  0x00000003  r1/a2:  0x00000000  r2/a3:  0x00000003
E: r3/a4:  0x30180ef0 r12/ip:  0x1800440b r14/lr:  0x1800446f
E:  xpsr:  0x41000000
E: Faulting instruction address (r15/pc): 0x18001a1c
E: &gt;&gt;&gt; ZEPHYR FATAL ERROR 3: Kernel oops on CPU 0
E: Current thread: 0x301810e0 (test_oops_oops)
Caught system error -- reason 3
System error was expected
PASS - test_oops_oops in 0.032 seconds
===================================================================
START - test_oops_panic
E: r0/a1:  0x00000004  r1/a2:  0x00000000  r2/a3:  0x00000003
E: r3/a4:  0x30180ef0 r12/ip:  0x1800440b r14/lr:  0x1800446f
E:  xpsr:  0x41000000
E: Faulting instruction address (r15/pc): 0x180019f8
E: &gt;&gt;&gt; ZEPHYR FATAL ERROR 3: Kernel oops on CPU 0
E: Current thread: 0x301810e0 (test_oops_panic)
Caught system error -- reason 3
System error was expected
PASS - test_oops_panic in 0.033 seconds
===================================================================
START - test_oops_stackcheck
E: r0/a1:  0x00000002  r1/a2:  0x00000000  r2/a3:  0x00000002
E: r3/a4:  0x30180ef0 r12/ip:  0x1800440b r14/lr:  0x1800446f
E:  xpsr:  0x41000000
E: Faulting instruction address (r15/pc): 0x18001a88
E: &gt;&gt;&gt; ZEPHYR FATAL ERROR 2: Stack overflow on CPU 0
E: Current thread: 0x301810e0 (test_oops_stackcheck)
Caught system error -- reason 2
System error was expected
PASS - test_oops_stackcheck in 0.033 seconds
===================================================================
START - test_pass_noperms_object
E: thread 0x301810e0 (2) does not have permission on k_sem 0x301815dc
E: permission bitmap
E: 00 00                   |..      
E: syscall z_vrfy_k_sem_init failed check: access denied
E: r0/a1:  0x00000000  r1/a2:  0x00000000  r2/a3:  0x00000000
E: r3/a4:  0x00000000 r12/ip:  0x00000000 r14/lr:  0x00000000
E:  xpsr:  0x00000000
E: Faulting instruction address (r15/pc): 0x2000080a
E: &gt;&gt;&gt; ZEPHYR FATAL ERROR 3: Kernel oops on CPU 0
E: Current thread: 0x301810e0 (test_pass_noperms_object)
Caught system error -- reason 3
System error was expected
PASS - test_pass_noperms_object in 0.050 seconds
===================================================================
START - test_pass_user_object
E: 0x30180f0c is not a valid k_sem
E: address is not a known kernel object
E: syscall z_vrfy_k_sem_init failed check: access denied
E: r0/a1:  0x00000000  r1/a2:  0x00000000  r2/a3:  0x00000000
E: r3/a4:  0x00000000 r12/ip:  0x00000000 r14/lr:  0x00000000
E:  xpsr:  0x00000000
E: Faulting instruction address (r15/pc): 0x2000080a
E: &gt;&gt;&gt; ZEPHYR FATAL ERROR 3: Kernel oops on CPU 0
E: Current thread: 0x301810e0 (test_pass_user_object)
Caught system error -- reason 3
System error was expected
PASS - test_pass_user_object in 0.045 seconds
===================================================================
START - test_read_kernel_data
E: ***** MPU FAULT *****
E:   Data Access Violation
E:   MMFAR Address: 0x30181650
E: r0/a1:  0x18015d22  r1/a2:  0x00000000  r2/a3:  0x00000001
E: r3/a4:  0x30181650 r12/ip:  0x1800440b r14/lr:  0x18001db9
E:  xpsr:  0x01000000
E: Faulting instruction address (r15/pc): 0x18001dbc
E: &gt;&gt;&gt; ZEPHYR FATAL ERROR 0: CPU exception on CPU 0
E: Current thread: 0x301810e0 (test_read_kernel_data)
Caught system error -- reason 0
System error was expected
PASS - test_read_kernel_data in 0.041 seconds
===================================================================
START - test_read_kernram
E: ***** MPU FAULT *****
E:   Data Access Violation
E:   MMFAR Address: 0x301819b0
E: r0/a1:  0x18016995  r1/a2:  0x00000000  r2/a3:  0x00000001
E: r3/a4:  0x301819a8 r12/ip:  0x1800440b r14/lr:  0x18001eed
E:  xpsr:  0x01000000
E: Faulting instruction address (r15/pc): 0x18001ef0
E: &gt;&gt;&gt; ZEPHYR FATAL ERROR 0: CPU exception on CPU 0
E: Current thread: 0x301810e0 (test_read_kernram)
Caught system error -- reason 0
System error was expected
PASS - test_read_kernram in 0.040 seconds
===================================================================
START - test_read_kobject_user_pipe
E: syscall z_vrfy_k_pipe_put failed check: Memory region 0x30183e8c (size 1) read access denied
E: r0/a1:  0x00000000  r1/a2:  0x00000000  r2/a3:  0x00000000
E: r3/a4:  0x00000000 r12/ip:  0x00000000 r14/lr:  0x00000000
E:  xpsr:  0x00000000
E: Faulting instruction address (r15/pc): 0x2000080a
E: &gt;&gt;&gt; ZEPHYR FATAL ERROR 3: Kernel oops on CPU 0
E: Current thread: 0x301810e0 (test_read_kobject_user_pipe)
Caught system error -- reason 3
System error was expected
PASS - test_read_kobject_user_pipe in 0.042 seconds
===================================================================
START - test_read_other_stack
E: ***** MPU FAULT *****
E:   Data Access Violation
E:   MMFAR Address: 0x30182d7c
E: r0/a1:  0x00000000  r1/a2:  0x30182d7c  r2/a3:  0x00000001
E: r3/a4:  0x30180ef0 r12/ip:  0x1800286b r14/lr:  0x18001cb3
E:  xpsr:  0x01000000
E: Faulting instruction address (r15/pc): 0x18001cb2
E: &gt;&gt;&gt; ZEPHYR FATAL ERROR 0: CPU exception on CPU 0
E: Current thread: 0x30181010 (unknown)
Caught system error -- reason 0
System error was expected
PASS - test_read_other_stack in 0.040 seconds
===================================================================
START - test_read_priv_stack
E: ***** MPU FAULT *****
E:   Data Access Violation
E:   MMFAR Address: 0x301835c0
E: r0/a1:  0x18012bfb  r1/a2:  0x00000000  r2/a3:  0x00000001
E: r3/a4:  0x301835c0 r12/ip:  0x1800440b r14/lr:  0x18001d35
E:  xpsr:  0x01000000
E: Faulting instruction address (r15/pc): 0x18001d3a
E: &gt;&gt;&gt; ZEPHYR FATAL ERROR 0: CPU exception on CPU 0
E: Current thread: 0x301810e0 (test_read_priv_stack)
Caught system error -- reason 0
System error was expected
PASS - test_read_priv_stack in 0.041 seconds
===================================================================
START - test_revoke_noperms_object
E: thread 0x301810e0 (2) does not have permission on k_sem 0x301815dc
E: permission bitmap
E: 00 00                   |..      
E: syscall z_vrfy_k_object_release failed check: object 0x301815dc access denied
E: r0/a1:  0x00000000  r1/a2:  0x00000000  r2/a3:  0x00000000
E: r3/a4:  0x00000000 r12/ip:  0x00000000 r14/lr:  0x00000000
E:  xpsr:  0x00000000
E: Faulting instruction address (r15/pc): 0x2000080a
E: &gt;&gt;&gt; ZEPHYR FATAL ERROR 3: Kernel oops on CPU 0
E: Current thread: 0x301810e0 (test_revoke_noperms_object)
Caught system error -- reason 3
System error was expected
PASS - test_revoke_noperms_object in 0.052 seconds
===================================================================
START - test_start_kernel_thread
E: syscall z_vrfy_k_thread_create failed check: options &amp; K_USER
E: r0/a1:  0x00000000  r1/a2:  0x00000000  r2/a3:  0x00000000
E: r3/a4:  0x00000000 r12/ip:  0x00000000 r14/lr:  0x00000000
E:  xpsr:  0x00000000
E: Faulting instruction address (r15/pc): 0x2000080a
E: &gt;&gt;&gt; ZEPHYR FATAL ERROR 3: Kernel oops on CPU 0
E: Current thread: 0x301810e0 (test_start_kernel_thread)
Caught system error -- reason 3
System error was expected
PASS - test_start_kernel_thread in 0.039 seconds
===================================================================
START - test_syscall_context
PASS - test_syscall_context in 0.001 seconds
===================================================================
START - test_tls_leakage
SKIP - test_tls_leakage in 0.001 seconds
===================================================================
START - test_tls_pointer
SKIP - test_tls_pointer in 0.001 seconds
===================================================================
START - test_unimplemented_syscall
E: Unimplemented system call
E: r0/a1:  0x00000000  r1/a2:  0x00000000  r2/a3:  0x00000000
E: r3/a4:  0x00000000 r12/ip:  0x00000000 r14/lr:  0x00000000
E:  xpsr:  0x00000000
E: Faulting instruction address (r15/pc): 0x2000080a
E: &gt;&gt;&gt; ZEPHYR FATAL ERROR 3: Kernel oops on CPU 0
E: Current thread: 0x301810e0 (test_unimplemented_syscall)
Caught system error -- reason 3
System error was expected
PASS - test_unimplemented_syscall in 0.036 seconds
===================================================================
START - test_user_mode_enter
PASS - test_user_mode_enter in 0.001 seconds
===================================================================
START - test_write_control
PASS - test_write_control in 0.001 seconds
===================================================================
START - test_write_kernel_data
E: ***** MPU FAULT *****
E:   Data Access Violation
E:   MMFAR Address: 0x30181650
E: r0/a1:  0x00000000  r1/a2:  0x18012b07  r2/a3:  0x00000001
E: r3/a4:  0x30181650 r12/ip:  0x1800440b r14/lr:  0x18001d7d
E:  xpsr:  0x01000000
E: Faulting instruction address (r15/pc): 0x18001d82
E: &gt;&gt;&gt; ZEPHYR FATAL ERROR 0: CPU exception on CPU 0
E: Current thread: 0x301810e0 (test_write_kernel_data)
Caught system error -- reason 0
System error was expected
PASS - test_write_kernel_data in 0.041 seconds
===================================================================
START - test_write_kernram
E: ***** MPU FAULT *****
E:   Data Access Violation
E:   MMFAR Address: 0x301819b0
E: r0/a1:  0x00000000  r1/a2:  0x18012b07  r2/a3:  0x00000001
E: r3/a4:  0x301819a8 r12/ip:  0x1800440b r14/lr:  0x18001eb1
E:  xpsr:  0x01000000
E: Faulting instruction address (r15/pc): 0x18001eb4
E: &gt;&gt;&gt; ZEPHYR FATAL ERROR 0: CPU exception on CPU 0
E: Current thread: 0x301810e0 (test_write_kernram)
Caught system error -- reason 0
System error was expected
PASS - test_write_kernram in 0.041 seconds
===================================================================
START - test_write_kernro
E: ***** MPU FAULT *****
E:   Data Access Violation
E:   MMFAR Address: 0x18012494
E: r0/a1:  0x00000000  r1/a2:  0x18012c85  r2/a3:  0x00000001
E: r3/a4:  0xffffffea r12/ip:  0x1800440b r14/lr:  0x18001e63
E:  xpsr:  0x21000000
E: Faulting instruction address (r15/pc): 0x18001e66
E: &gt;&gt;&gt; ZEPHYR FATAL ERROR 0: CPU exception on CPU 0
E: Current thread: 0x301810e0 (test_write_kernro)
Caught system error -- reason 0
System error was expected
PASS - test_write_kernro in 0.040 seconds
===================================================================
START - test_write_kerntext
E: ***** MPU FAULT *****
E:   Data Access Violation
E:   MMFAR Address: 0x180019ad
E: r0/a1:  0x00000000  r1/a2:  0x00000000  r2/a3:  0x180129b1
E: r3/a4:  0x180019ad r12/ip:  0x1800440b r14/lr:  0x18001e01
E:  xpsr:  0x01000000
E: Faulting instruction address (r15/pc): 0x18001e04
E: &gt;&gt;&gt; ZEPHYR FATAL ERROR 0: CPU exception on CPU 0
E: Current thread: 0x301810e0 (test_write_kerntext)
Caught system error -- reason 0
System error was expected
PASS - test_write_kerntext in 0.041 seconds
===================================================================
START - test_write_kobject_user_pipe
E: syscall z_vrfy_k_pipe_get failed check: Memory region 0x30183e8c (size 1) write access denied
E: r0/a1:  0x00000000  r1/a2:  0x00000000  r2/a3:  0x00000000
E: r3/a4:  0x00000000 r12/ip:  0x00000000 r14/lr:  0x00000000
E:  xpsr:  0x00000000
E: Faulting instruction address (r15/pc): 0x2000080a
E: &gt;&gt;&gt; ZEPHYR FATAL ERROR 3: Kernel oops on CPU 0
E: Current thread: 0x301810e0 (test_write_kobject_user_pipe)
Caught system error -- reason 3
System error was expected
PASS - test_write_kobject_user_pipe in 0.042 seconds
===================================================================
START - test_write_other_stack
E: ***** MPU FAULT *****
E:   Data Access Violation
E:   MMFAR Address: 0x30182d7c
E: r0/a1:  0x00000000  r1/a2:  0x30182d7c  r2/a3:  0x00000001
E: r3/a4:  0x00000002 r12/ip:  0x1800286b r14/lr:  0x18001c7b
E:  xpsr:  0x01000000
E: Faulting instruction address (r15/pc): 0x18001c7c
E: &gt;&gt;&gt; ZEPHYR FATAL ERROR 0: CPU exception on CPU 0
E: Current thread: 0x30181010 (unknown)
Caught system error -- reason 0
System error was expected
PASS - test_write_other_stack in 0.040 seconds
===================================================================
START - test_write_priv_stack
E: ***** MPU FAULT *****
E:   Data Access Violation
E:   MMFAR Address: 0x301835c0
E: r0/a1:  0x00000000  r1/a2:  0x18012b07  r2/a3:  0x0000002a
E: r3/a4:  0x301835c0 r12/ip:  0x1800440b r14/lr:  0x18001cf5
E:  xpsr:  0x01000000
E: Faulting instruction address (r15/pc): 0x18001cfc
E: &gt;&gt;&gt; ZEPHYR FATAL ERROR 0: CPU exception on CPU 0
E: Current thread: 0x301810e0 (test_write_priv_stack)
Caught system error -- reason 0
System error was expected
PASS - test_write_priv_stack in 0.041 seconds
===================================================================
TESTSUITE userspace succeeded
Running TESTSUITE userspace_domain
===================================================================
START - test_1st_init_and_access_other_memdomain
E: ***** MPU FAULT *****
E:   Data Access Violation
E:   MMFAR Address: 0x30180f1c
E: r0/a1:  0x30180f1c  r1/a2:  0x00000000  r2/a3:  0x00000000
E: r3/a4:  0x00000001 r12/ip:  0x1800286b r14/lr:  0x18002883
E:  xpsr:  0x01000000
E: Faulting instruction address (r15/pc): 0x18001ac8
E: &gt;&gt;&gt; ZEPHYR FATAL ERROR 0: CPU exception on CPU 0
E: Current thread: 0x30181010 (unknown)
Caught system error -- reason 0
System error was expected
PASS - test_1st_init_and_access_other_memdomain in 0.040 seconds
===================================================================
START - test_domain_add_part_drop_to_user
E: no free partition slots available
Assertion failed at WEST_TOPDIR/zephyr/tests/kernel/mem_protect/userspace/src/main.c:768: userspace_domain_test_domain_add_part_drop_to_user: (k_mem_domain_add_partition(&amp;k_mem_domain_default, &amp;alt_part) not equal to 0)
failed to add memory partition
FAIL - test_domain_add_part_drop_to_user in 0.027 seconds
===================================================================
START - test_domain_add_thread_drop_to_user
PASS - test_domain_add_thread_drop_to_user in 0.002 seconds
===================================================================
START - test_domain_remove_part_drop_to_user
E: no matching partition found
Assertion failed at WEST_TOPDIR/zephyr/tests/kernel/mem_protect/userspace/src/main.c:788: userspace_domain_test_domain_remove_part_drop_to_user: (k_mem_domain_remove_partition(&amp;k_mem_domain_default, &amp;alt_part) not equal to 0)
failed to remove partition
FAIL - test_domain_remove_part_drop_to_user in 0.026 seconds
===================================================================
TESTSUITE userspace_domain failed.
Running TESTSUITE userspace_domain_ctx
===================================================================
START - test_domain_add_part_context_switch
E: no free partition slots available
Assertion failed at WEST_TOPDIR/zephyr/tests/kernel/mem_protect/userspace/src/main.c:817: userspace_domain_ctx_test_domain_add_part_context_switch: (k_mem_domain_add_partition(&amp;k_mem_domain_default, &amp;alt_part) not equal to 0)
failed to add memory partition
FAIL - test_domain_add_part_context_switch in 0.027 seconds
===================================================================
START - test_domain_add_thread_context_switch
PASS - test_domain_add_thread_context_switch in 0.001 seconds
===================================================================
START - test_domain_remove_part_context_switch
E: no matching partition found
Assertion failed at WEST_TOPDIR/zephyr/tests/kernel/mem_protect/userspace/src/main.c:838: userspace_domain_ctx_test_domain_remove_part_context_switch: (k_mem_domain_remove_partition(&amp;k_mem_domain_default, &amp;alt_part) not equal to 0)
failed to remove memory partition
FAIL - test_domain_remove_part_context_switch in 0.027 seconds
===================================================================
TESTSUITE userspace_domain_ctx failed.
------ TESTSUITE SUMMARY START ------
SUITE PASS - 100.00% [userspace]: pass = 31, fail = 0, skip = 2, total = 33 duration = 1.511 seconds
- PASS - [userspace.test_access_after_revoke] duration = 0.050 seconds
- PASS - [userspace.test_bad_syscall] duration = 0.036 seconds
- PASS - [userspace.test_disable_mmu_mpu] duration = 0.041 seconds
- PASS - [userspace.test_is_usermode] duration = 0.001 seconds
- PASS - [userspace.test_kernel_only_thread] duration = 0.501 seconds
- PASS - [userspace.test_object_recycle] duration = 0.001 seconds
- PASS - [userspace.test_oops_exception] duration = 0.033 seconds
- PASS - [userspace.test_oops_maxint] duration = 0.033 seconds
- PASS - [userspace.test_oops_oops] duration = 0.032 seconds
- PASS - [userspace.test_oops_panic] duration = 0.033 seconds
- PASS - [userspace.test_oops_stackcheck] duration = 0.033 seconds
- PASS - [userspace.test_pass_noperms_object] duration = 0.050 seconds
- PASS - [userspace.test_pass_user_object] duration = 0.045 seconds
- PASS - [userspace.test_read_kernel_data] duration = 0.041 seconds
- PASS - [userspace.test_read_kernram] duration = 0.040 seconds
- PASS - [userspace.test_read_kobject_user_pipe] duration = 0.042 seconds
- PASS - [userspace.test_read_other_stack] duration = 0.040 seconds
- PASS - [userspace.test_read_priv_stack] duration = 0.041 seconds
- PASS - [userspace.test_revoke_noperms_object] duration = 0.052 seconds
- PASS - [userspace.test_start_kernel_thread] duration = 0.039 seconds
- PASS - [userspace.test_syscall_context] duration = 0.001 seconds
- SKIP - [userspace.test_tls_leakage] duration = 0.001 seconds
- SKIP - [userspace.test_tls_pointer] duration = 0.001 seconds
- PASS - [userspace.test_unimplemented_syscall] duration = 0.036 seconds
- PASS - [userspace.test_user_mode_enter] duration = 0.001 seconds
- PASS - [userspace.test_write_control] duration = 0.001 seconds
- PASS - [userspace.test_write_kernel_data] duration = 0.041 seconds
- PASS - [userspace.test_write_kernram] duration = 0.041 seconds
- PASS - [userspace.test_write_kernro] duration = 0.040 seconds
- PASS - [userspace.test_write_kerntext] duration = 0.041 seconds
- PASS - [userspace.test_write_kobject_user_pipe] duration = 0.042 seconds
- PASS - [userspace.test_write_other_stack] duration = 0.040 seconds
- PASS - [userspace.test_write_priv_stack] duration = 0.041 seconds
SUITE FAIL -  50.00% [userspace_domain]: pass = 2, fail = 2, skip = 0, total = 4 duration = 0.095 seconds
- PASS - [userspace_domain.test_1st_init_and_access_other_memdomain] duration = 0.040 seconds
- FAIL - [userspace_domain.test_domain_add_part_drop_to_user] duration = 0.027 seconds
- PASS - [userspace_domain.test_domain_add_thread_drop_to_user] duration = 0.002 seconds
- FAIL - [userspace_domain.test_domain_remove_part_drop_to_user] duration = 0.026 seconds
SUITE FAIL -  33.33% [userspace_domain_ctx]: pass = 1, fail = 2, skip = 0, total = 3 duration = 0.055 seconds
- FAIL - [userspace_domain_ctx.test_domain_add_part_context_switch] duration = 0.027 seconds
- PASS - [userspace_domain_ctx.test_domain_add_thread_context_switch] duration = 0.001 seconds
- FAIL - [userspace_domain_ctx.test_domain_remove_part_context_switch] duration = 0.027 seconds
------ TESTSUITE SUMMARY END ------
===================================================================
RunID: 1b6e200db40c82d0253754483de8e204
PROJECT EXECUTION FAILED
</failure></testcase><testcase classname="mimxrt595_evk_cm33:tests/kernel/mem_protect/sys_sem/kernel.memory_protection.sys_sem" name="tests/kernel/mem_protect/sys_sem/kernel.memory_protection.sys_sem" time="1994.0299999999997" /><testcase classname="mimxrt595_evk_cm33:tests/kernel/mem_protect/sys_sem/kernel.memory_protection.sys_sem.nouser" name="tests/kernel/mem_protect/sys_sem/kernel.memory_protection.sys_sem.nouser" time="1998.2499999999998" /><testcase classname="mimxrt595_evk_cm33:tests/kernel/mem_protect/obj_validation/kernel.memory_protection.obj_validation" name="tests/kernel/mem_protect/obj_validation/kernel.memory_protection.obj_validation" time="2002.8399999999997" /><testcase classname="mimxrt595_evk_cm33:tests/kernel/mem_protect/mem_protect/kernel.memory_protection" name="tests/kernel/mem_protect/mem_protect/kernel.memory_protection" time="2012.0499999999997"><failure type="failure" message="Failed">*** Booting Zephyr OS build zephyr-v3.5.0-2927-g03b702690ae7 ***
Running TESTSUITE mem_protect
===================================================================
START - test_inherit_resource_pool
PASS - test_inherit_resource_pool in 0.001 seconds
===================================================================
START - test_permission_inheritance
E: ***** MPU FAULT *****
E:   Data Access Violation
E:   MMFAR Address: 0x30181bd8
E: r0/a1:  0x00000000  r1/a2:  0x00000000  r2/a3:  0x00000001
E: r3/a4:  0x30181bd8 r12/ip:  0x180113f7 r14/lr:  0x18001c4d
E:  xpsr:  0x21000000
E: Faulting instruction address (r15/pc): 0x18001cca
E: &gt;&gt;&gt; ZEPHYR FATAL ERROR 0: CPU exception on CPU 0
E: Current thread: 0x30181320 (unknown)
Caught system error -- reason 0 1
fatal error expected as part of test case
PASS - test_permission_inheritance in 0.041 seconds
===================================================================
TESTSUITE mem_protect succeeded
Running TESTSUITE mem_protect_domain
===================================================================
Assertion failed at WEST_TOPDIR/zephyr/tests/kernel/mem_protect/mem_protect/src/mem_domain.c:64: test_mem_domain_setup: (num_rw_parts &gt; 0 is false)
no free memory partitions
START - test_mem_domain_api_supervisor_only
FAIL - test_mem_domain_api_supervisor_only in 0.001 seconds
===================================================================
START - test_mem_domain_boot_threads
FAIL - test_mem_domain_boot_threads in 0.001 seconds
===================================================================
START - test_mem_domain_init_fail
FAIL - test_mem_domain_init_fail in 0.001 seconds
===================================================================
START - test_mem_domain_invalid_access
FAIL - test_mem_domain_invalid_access in 0.001 seconds
===================================================================
START - test_mem_domain_migration
FAIL - test_mem_domain_migration in 0.001 seconds
===================================================================
START - test_mem_domain_no_writes_to_ro
FAIL - test_mem_domain_no_writes_to_ro in 0.001 seconds
===================================================================
START - test_mem_domain_remove_add_partition
FAIL - test_mem_domain_remove_add_partition in 0.001 seconds
===================================================================
START - test_mem_domain_remove_part_fail
FAIL - test_mem_domain_remove_part_fail in 0.001 seconds
===================================================================
START - test_mem_domain_valid_access
FAIL - test_mem_domain_valid_access in 0.001 seconds
===================================================================
START - test_mem_part_add_error_null
FAIL - test_mem_part_add_error_null in 0.001 seconds
===================================================================
START - test_mem_part_add_error_zerosize
FAIL - test_mem_part_add_error_zerosize in 0.001 seconds
===================================================================
START - test_mem_part_assert_add_overmax
FAIL - test_mem_part_assert_add_overmax in 0.001 seconds
===================================================================
START - test_mem_part_error_wraparound
FAIL - test_mem_part_error_wraparound in 0.001 seconds
===================================================================
START - test_mem_part_overlap
FAIL - test_mem_part_overlap in 0.001 seconds
===================================================================
START - test_mem_part_remove_error_zerosize
FAIL - test_mem_part_remove_error_zerosize in 0.001 seconds
===================================================================
TESTSUITE mem_protect_domain failed.
Running TESTSUITE mem_protect_kobj
===================================================================
START - test_access_kobject_without_init_access
E: thread 0x30181838 (8) does not have permission on k_sem 0x30181fb0
E: permission bitmap
E: 00 00 00 00             |....    
E: syscall z_vrfy_k_sem_take failed check: access denied
E: r0/a1:  0x00000000  r1/a2:  0x00000000  r2/a3:  0x00000000
E: r3/a4:  0x00000000 r12/ip:  0x00000000 r14/lr:  0x00000000
E:  xpsr:  0x00000000
E: Faulting instruction address (r15/pc): 0x00820d04
E: &gt;&gt;&gt; ZEPHYR FATAL ERROR 3: Kernel oops on CPU 0
E: Current thread: 0x30181838 (test_access_kobject_without_ini)
Caught system error -- reason 3 1
fatal error expected as part of test case
PASS - test_access_kobject_without_init_access in 0.052 seconds
===================================================================
START - test_access_kobject_without_init_with_access
E: 0x30181fa0 used before initialization
E: syscall z_vrfy_k_sem_take failed check: access denied
E: r0/a1:  0x00000000  r1/a2:  0x00000000  r2/a3:  0x00000000
E: r3/a4:  0x00000000 r12/ip:  0x00000000 r14/lr:  0x00000000
E:  xpsr:  0x00000000
E: Faulting instruction address (r15/pc): 0x000c1000
E: &gt;&gt;&gt; ZEPHYR FATAL ERROR 3: Kernel oops on CPU 0
E: Current thread: 0x30181768 (unknown)
Caught system error -- reason 3 1
fatal error expected as part of test case
PASS - test_access_kobject_without_init_with_access in 0.042 seconds
===================================================================
START - test_all_kobjects_str
PASS - test_all_kobjects_str in 0.001 seconds
===================================================================
START - test_alloc_kobjects
E: bad object type 0 requested
E: bad object type 83 requested
PASS - test_alloc_kobjects in 0.006 seconds
===================================================================
START - test_create_new_essential_thread_from_user
E: syscall z_vrfy_k_thread_create failed check: !(options &amp; K_ESSENTIAL)
E: r0/a1:  0x00000000  r1/a2:  0x00000000  r2/a3:  0x00000000
E: r3/a4:  0x00000000 r12/ip:  0x00000000 r14/lr:  0x00000000
E:  xpsr:  0x00000000
E: Faulting instruction address (r15/pc): 0x000c1000
E: &gt;&gt;&gt; ZEPHYR FATAL ERROR 3: Kernel oops on CPU 0
E: Current thread: 0x30181768 (unknown)
Caught system error -- reason 3 1
fatal error expected as part of test case
PASS - test_create_new_essential_thread_from_user in 0.040 seconds
===================================================================
START - test_create_new_higher_prio_thread_from_user
E: syscall z_vrfy_k_thread_create failed check: z_is_prio_lower_or_equal(prio, _current-&gt;base.prio)
E: r0/a1:  0x00000000  r1/a2:  0x00000000  r2/a3:  0x00000000
E: r3/a4:  0x00000000 r12/ip:  0x00000000 r14/lr:  0x00000000
E:  xpsr:  0x00000000
E: Faulting instruction address (r15/pc): 0x000c1000
E: &gt;&gt;&gt; ZEPHYR FATAL ERROR 3: Kernel oops on CPU 0
E: Current thread: 0x30181768 (unknown)
Caught system error -- reason 3 1
fatal error expected as part of test case
PASS - test_create_new_higher_prio_thread_from_user in 0.042 seconds
===================================================================
START - test_create_new_invalid_prio_thread_from_user
E: syscall z_vrfy_k_thread_create failed check: _is_valid_prio(prio, NULL)
E: r0/a1:  0x00000000  r1/a2:  0x00000000  r2/a3:  0x00000000
E: r3/a4:  0x00000000 r12/ip:  0x00000000 r14/lr:  0x00000000
E:  xpsr:  0x00000000
E: Faulting instruction address (r15/pc): 0x000c1000
E: &gt;&gt;&gt; ZEPHYR FATAL ERROR 3: Kernel oops on CPU 0
E: Current thread: 0x30181768 (unknown)
Caught system error -- reason 3 1
fatal error expected as part of test case
PASS - test_create_new_invalid_prio_thread_from_user in 0.040 seconds
===================================================================
START - test_create_new_supervisor_thread_from_user
E: syscall z_vrfy_k_thread_create failed check: options &amp; K_USER
E: r0/a1:  0x00000000  r1/a2:  0x00000000  r2/a3:  0x00000000
E: r3/a4:  0x00000000 r12/ip:  0x00000000 r14/lr:  0x00000000
E:  xpsr:  0x00000000
E: Faulting instruction address (r15/pc): 0x000c1000
E: &gt;&gt;&gt; ZEPHYR FATAL ERROR 3: Kernel oops on CPU 0
E: Current thread: 0x30181768 (unknown)
Caught system error -- reason 3 1
fatal error expected as part of test case
PASS - test_create_new_supervisor_thread_from_user in 0.039 seconds
===================================================================
START - test_create_new_thread_from_user
PASS - test_create_new_thread_from_user in 0.001 seconds
===================================================================
START - test_create_new_thread_from_user_huge_stacksize
E: syscall z_vrfy_k_thread_create failed check: stack size 513 is too big, max is 512
E: r0/a1:  0x00000000  r1/a2:  0x00000000  r2/a3:  0x00000000
E: r3/a4:  0x00000000 r12/ip:  0x00000000 r14/lr:  0x00000000
E:  xpsr:  0x00000000
E: Faulting instruction address (r15/pc): 0x000c1000
E: &gt;&gt;&gt; ZEPHYR FATAL ERROR 3: Kernel oops on CPU 0
E: Current thread: 0x30181768 (unknown)
Caught system error -- reason 3 1
fatal error expected as part of test case
PASS - test_create_new_thread_from_user_huge_stacksize in 0.041 seconds
===================================================================
START - test_create_new_thread_from_user_invalid_stacksize
E: thread 0x30181768 (6) does not have permission on z_thread_stack_element 0x30185a40
E: permission bitmap
E: 00 00 00 00             |....    
E: syscall z_vrfy_k_thread_create failed check: bad stack object
E: r0/a1:  0x00000000  r1/a2:  0x00000000  r2/a3:  0x00000000
E: r3/a4:  0x00000000 r12/ip:  0x00000000 r14/lr:  0x00000000
E:  xpsr:  0x00000000
E: Faulting instruction address (r15/pc): 0x000c1000
E: &gt;&gt;&gt; ZEPHYR FATAL ERROR 3: Kernel oops on CPU 0
E: Current thread: 0x30181768 (unknown)
Caught system error -- reason 3 1
fatal error expected as part of test case
PASS - test_create_new_thread_from_user_invalid_stacksize in 0.052 seconds
===================================================================
START - test_create_new_thread_from_user_no_access_stack
E: thread 0x30181768 (6) does not have permission on z_thread_stack_element 0x30185a40
E: permission bitmap
E: 00 00 00 00             |....    
E: syscall z_vrfy_k_thread_create failed check: bad stack object
E: r0/a1:  0x00000000  r1/a2:  0x00000000  r2/a3:  0x00000000
E: r3/a4:  0x00000000 r12/ip:  0x00000000 r14/lr:  0x00000000
E:  xpsr:  0x00000000
E: Faulting instruction address (r15/pc): 0x000c1000
E: &gt;&gt;&gt; ZEPHYR FATAL ERROR 3: Kernel oops on CPU 0
E: Current thread: 0x30181768 (unknown)
Caught system error -- reason 3 1
fatal error expected as part of test case
PASS - test_create_new_thread_from_user_no_access_stack in 0.052 seconds
===================================================================
START - test_kobj_create_out_of_memory
==max_obj(101)
==max_obj(84)
==max_obj(112)
==max_obj(84)
==max_obj(112)
==max_obj(126)
==max_obj(126)
==max_obj(101)
E: out of free thread indexes
==max_obj(20)
==max_obj(77)
==max_obj(0)
E: forbidden object type 'NET_SOCKET' requested
==max_obj(0)
==max_obj(111)
E: forbidden object type 'sys_mutex' requested
==max_obj(0)
E: forbidden object type 'k_futex' requested
==max_obj(0)
PASS - test_kobj_create_out_of_memory in 0.054 seconds
===================================================================
START - test_kobject_access_all_grant
PASS - test_kobject_access_all_grant in 0.001 seconds
===================================================================
START - test_kobject_access_all_grant_error
E: ***** MPU FAULT *****
E:   Data Access Violation
E:   MMFAR Address: 0x30182764
E: r0/a1:  0x30182764  r1/a2:  0x0000005d  r2/a3:  0x00000000
E: r3/a4:  0x00000020 r12/ip:  0x180064eb r14/lr:  0x18010aa7
E:  xpsr:  0x61000000
E: Faulting instruction address (r15/pc): 0x1800aff4
E: &gt;&gt;&gt; ZEPHYR FATAL ERROR 0: CPU exception on CPU 0
E: Current thread: 0x30181838 (test_kobject_access_all_grant_e)
Caught system error -- reason 0 1
fatal error expected as part of test case
PASS - test_kobject_access_all_grant_error in 0.043 seconds
===================================================================
START - test_kobject_access_grant
E: ***** MPU FAULT *****
E:   Data Access Violation
E:   MMFAR Address: 0x30181fd0
E: r0/a1:  0x00000000  r1/a2:  0x30181fd0  r2/a3:  0xffffffff
E: r3/a4:  0xffffffff r12/ip:  0x180116b1 r14/lr:  0x180116bd
E:  xpsr:  0x21000000
E: Faulting instruction address (r15/pc): 0x18002800
E: &gt;&gt;&gt; ZEPHYR FATAL ERROR 0: CPU exception on CPU 0
E: Current thread: 0x30181838 (test_kobject_access_grant)
Caught system error -- reason 0 1
fatal error expected as part of test case
PASS - test_kobject_access_grant in 0.043 seconds
===================================================================
START - test_kobject_access_grant_error
PASS - test_kobject_access_grant_error in 0.001 seconds
===================================================================
START - test_kobject_access_grant_error_user
E: (nil) is not a valid k_thread
E: address is not a known kernel object
E: syscall z_vrfy_k_object_access_grant failed check: access denied
E: r0/a1:  0x00000000  r1/a2:  0x00000000  r2/a3:  0x00000000
E: r3/a4:  0x00000000 r12/ip:  0x00000000 r14/lr:  0x00000000
E:  xpsr:  0x00000000
E: Faulting instruction address (r15/pc): 0x00820d04
E: &gt;&gt;&gt; ZEPHYR FATAL ERROR 3: Kernel oops on CPU 0
E: Current thread: 0x30181838 (test_kobject_access_grant_error)
Caught system error -- reason 3 1
fatal error expected as part of test case
PASS - test_kobject_access_grant_error_user in 0.048 seconds
===================================================================
START - test_kobject_access_grant_error_user_null
E: (nil) is not a valid generic
E: address is not a known kernel object
E: syscall z_vrfy_k_object_access_grant failed check: object (nil) access denied
E: r0/a1:  0x00000000  r1/a2:  0x00000000  r2/a3:  0x00000000
E: r3/a4:  0x00000000 r12/ip:  0x00000000 r14/lr:  0x00000000
E:  xpsr:  0x00000000
E: Faulting instruction address (r15/pc): 0x00820d04
E: &gt;&gt;&gt; ZEPHYR FATAL ERROR 3: Kernel oops on CPU 0
E: Current thread: 0x30181838 (test_kobject_access_grant_error)
Caught system error -- reason 3 1
fatal error expected as part of test case
PASS - test_kobject_access_grant_error_user_null in 0.049 seconds
===================================================================
START - test_kobject_access_grant_to_invalid_thread
E: thread 0x30181838 (8) does not have permission on k_thread 0x301813f0
E: permission bitmap
E: 00 00 00 00             |....    
E: syscall mem_protect_kobj_test_kobject_access_grant_to_invalid_thread failed check: access denied
PASS - test_kobject_access_grant_to_invalid_thread in 0.021 seconds
===================================================================
START - test_kobject_access_invalid_kobject
E: thread 0x30181838 (8) does not have permission on k_sem 0x30181fc0
E: permission bitmap
E: 00 00 00 00             |....    
E: syscall z_vrfy_k_sem_take failed check: access denied
E: r0/a1:  0x00000000  r1/a2:  0x00000000  r2/a3:  0x00000000
E: r3/a4:  0x00000000 r12/ip:  0x00000000 r14/lr:  0x00000000
E:  xpsr:  0x00000000
E: Faulting instruction address (r15/pc): 0x00820d04
E: &gt;&gt;&gt; ZEPHYR FATAL ERROR 3: Kernel oops on CPU 0
E: Current thread: 0x30181838 (test_kobject_access_invalid_kob)
Caught system error -- reason 3 1
fatal error expected as part of test case
PASS - test_kobject_access_invalid_kobject in 0.052 seconds
===================================================================
START - test_kobject_free_error
PASS - test_kobject_free_error in 0.001 seconds
===================================================================
START - test_kobject_grant_access_kobj
PASS - test_kobject_grant_access_kobj in 0.001 seconds
===================================================================
START - test_kobject_grant_access_kobj_invalid
E: thread 0x30181768 (6) does not have permission on k_thread 0x301815c8
E: permission bitmap
E: 00 00 00 00             |....    
E: syscall z_vrfy_k_object_access_grant failed check: access denied
E: r0/a1:  0x00000000  r1/a2:  0x00000000  r2/a3:  0x00000000
E: r3/a4:  0x00000000 r12/ip:  0x00000000 r14/lr:  0x00000000
E:  xpsr:  0x00000000
E: Faulting instruction address (r15/pc): 0x000c1000
E: &gt;&gt;&gt; ZEPHYR FATAL ERROR 3: Kernel oops on CPU 0
E: Current thread: 0x30181768 (unknown)
Caught system error -- reason 3 1
fatal error expected as part of test case
PASS - test_kobject_grant_access_kobj_invalid in 0.051 seconds
===================================================================
START - test_kobject_init_error
E: bad object type 255 requested
E: bad object type 83 requested
E: forbidden object type 'k_futex' requested
PASS - test_kobject_init_error in 0.011 seconds
===================================================================
START - test_kobject_invalid
PASS - test_kobject_invalid in 0.001 seconds
===================================================================
START - test_kobject_perm_error
E: thread 0x30181768 (6) does not have permission on k_mem_slab 0x30181cd8
E: permission bitmap
E: 00 00 00 00             |....    
E: syscall z_vrfy_k_object_access_grant failed check: object 0x30181cd8 access denied
E: r0/a1:  0x00000000  r1/a2:  0x00000000  r2/a3:  0x00000000
E: r3/a4:  0x00000000 r12/ip:  0x00000000 r14/lr:  0x00000000
E:  xpsr:  0x00000000
E: Faulting instruction address (r15/pc): 0x000c1000
E: &gt;&gt;&gt; ZEPHYR FATAL ERROR 3: Kernel oops on CPU 0
E: Current thread: 0x30181768 (unknown)
Caught system error -- reason 3 1
fatal error expected as part of test case
E: thread 0x30181768 (6) does not have permission on k_msgq 0x30181cac
E: permission bitmap
E: 00 00 00 00             |....    
E: syscall z_vrfy_k_object_access_grant failed check: object 0x30181cac access denied
E: r0/a1:  0x00000000  r1/a2:  0x00000000  r2/a3:  0x00000000
E: r3/a4:  0x00000000 r12/ip:  0x00000000 r14/lr:  0x00000000
E:  xpsr:  0x00000000
E: Faulting instruction address (r15/pc): 0x000c1000
E: &gt;&gt;&gt; ZEPHYR FATAL ERROR 3: Kernel oops on CPU 0
E: Current thread: 0x30181768 (unknown)
Caught system error -- reason 3 1
fatal error expected as part of test case
E: thread 0x30181768 (6) does not have permission on k_mutex 0x30181c98
E: permission bitmap
E: 00 00 00 00             |....    
E: syscall z_vrfy_k_object_access_grant failed check: object 0x30181c98 access denied
E: r0/a1:  0x00000000  r1/a2:  0x00000000  r2/a3:  0x00000000
E: r3/a4:  0x00000000 r12/ip:  0x00000000 r14/lr:  0x00000000
E:  xpsr:  0x00000000
E: Faulting instruction address (r15/pc): 0x000c1000
E: &gt;&gt;&gt; ZEPHYR FATAL ERROR 3: Kernel oops on CPU 0
E: Current thread: 0x30181768 (unknown)
Caught system error -- reason 3 1
fatal error expected as part of test case
E: thread 0x30181768 (6) does not have permission on k_pipe 0x30181c6c
E: permission bitmap
E: 00 00 00 00             |....    
E: syscall z_vrfy_k_object_access_grant failed check: object 0x30181c6c access denied
E: r0/a1:  0x00000000  r1/a2:  0x00000000  r2/a3:  0x00000000
E: r3/a4:  0x00000000 r12/ip:  0x00000000 r14/lr:  0x00000000
E:  xpsr:  0x00000000
E: Faulting instruction address (r15/pc): 0x000c1000
E: &gt;&gt;&gt; ZEPHYR FATAL ERROR 3: Kernel oops on CPU 0
E: Current thread: 0x30181768 (unknown)
Caught system error -- reason 3 1
fatal error expected as part of test case
E: thread 0x30181768 (6) does not have permission on k_queue 0x30181c58
E: permission bitmap
E: 00 00 00 00             |....    
E: syscall z_vrfy_k_object_access_grant failed check: object 0x30181c58 access denied
E: r0/a1:  0x00000000  r1/a2:  0x00000000  r2/a3:  0x00000000
E: r3/a4:  0x00000000 r12/ip:  0x00000000 r14/lr:  0x00000000
E:  xpsr:  0x00000000
E: Faulting instruction address (r15/pc): 0x000c1000
E: &gt;&gt;&gt; ZEPHYR FATAL ERROR 3: Kernel oops on CPU 0
E: Current thread: 0x30181768 (unknown)
Caught system error -- reason 3 1
fatal error expected as part of test case
E: thread 0x30181768 (6) does not have permission on k_poll_signal 0x30181c48
E: permission bitmap
E: 00 00 00 00             |....    
E: syscall z_vrfy_k_object_access_grant failed check: object 0x30181c48 access denied
E: r0/a1:  0x00000000  r1/a2:  0x00000000  r2/a3:  0x00000000
E: r3/a4:  0x00000000 r12/ip:  0x00000000 r14/lr:  0x00000000
E:  xpsr:  0x00000000
E: Faulting instruction address (r15/pc): 0x000c1000
E: &gt;&gt;&gt; ZEPHYR FATAL ERROR 3: Kernel oops on CPU 0
E: Current thread: 0x30181768 (unknown)
Caught system error -- reason 3 1
fatal error expected as part of test case
E: thread 0x30181768 (6) does not have permission on k_sem 0x30181c38
E: permission bitmap
E: 00 00 00 00             |....    
E: syscall z_vrfy_k_object_access_grant failed check: object 0x30181c38 access denied
E: r0/a1:  0x00000000  r1/a2:  0x00000000  r2/a3:  0x00000000
E: r3/a4:  0x00000000 r12/ip:  0x00000000 r14/lr:  0x00000000
E:  xpsr:  0x00000000
E: Faulting instruction address (r15/pc): 0x000c1000
E: &gt;&gt;&gt; ZEPHYR FATAL ERROR 3: Kernel oops on CPU 0
E: Current thread: 0x30181768 (unknown)
Caught system error -- reason 3 1
fatal error expected as part of test case
E: thread 0x30181768 (6) does not have permission on k_stack 0x30181c1c
E: permission bitmap
E: 00 00 00 00             |....    
E: syscall z_vrfy_k_object_access_grant failed check: object 0x30181c1c access denied
E: r0/a1:  0x00000000  r1/a2:  0x00000000  r2/a3:  0x00000000
E: r3/a4:  0x00000000 r12/ip:  0x00000000 r14/lr:  0x00000000
E:  xpsr:  0x00000000
E: Faulting instruction address (r15/pc): 0x000c1000
E: &gt;&gt;&gt; ZEPHYR FATAL ERROR 3: Kernel oops on CPU 0
E: Current thread: 0x30181768 (unknown)
Caught system error -- reason 3 1
fatal error expected as part of test case
E: thread 0x30181768 (6) does not have permission on k_thread 0x301814f8
E: permission bitmap
E: 00 00 00 00             |....    
E: syscall z_vrfy_k_object_access_grant failed check: object 0x301814f8 access denied
E: r0/a1:  0x00000000  r1/a2:  0x00000000  r2/a3:  0x00000000
E: r3/a4:  0x00000000 r12/ip:  0x00000000 r14/lr:  0x00000000
E:  xpsr:  0x00000000
E: Faulting instruction address (r15/pc): 0x000c1000
E: &gt;&gt;&gt; ZEPHYR FATAL ERROR 3: Kernel oops on CPU 0
E: Current thread: 0x30181768 (unknown)
Caught system error -- reason 3 1
fatal error expected as part of test case
E: thread 0x30181768 (6) does not have permission on k_timer 0x301814c0
E: permission bitmap
E: 00 00 00 00             |....    
E: syscall z_vrfy_k_object_access_grant failed check: object 0x301814c0 access denied
E: r0/a1:  0x00000000  r1/a2:  0x00000000  r2/a3:  0x00000000
E: r3/a4:  0x00000000 r12/ip:  0x00000000 r14/lr:  0x00000000
E:  xpsr:  0x00000000
E: Faulting instruction address (r15/pc): 0x000c1000
E: &gt;&gt;&gt; ZEPHYR FATAL ERROR 3: Kernel oops on CPU 0
E: Current thread: 0x30181768 (unknown)
Caught system error -- reason 3 1
fatal error expected as part of test case
E: 0x30182768 is not a valid generic
E: address is not a known kernel object
E: syscall z_vrfy_k_object_access_grant failed check: object 0x30182768 access denied
E: r0/a1:  0x00000000  r1/a2:  0x00000000  r2/a3:  0x00000000
E: r3/a4:  0x00000000 r12/ip:  0x00000000 r14/lr:  0x00000000
E:  xpsr:  0x00000000
E: Faulting instruction address (r15/pc): 0x000c1000
E: &gt;&gt;&gt; ZEPHYR FATAL ERROR 3: Kernel oops on CPU 0
E: Current thread: 0x30181768 (unknown)
Caught system error -- reason 3 1
fatal error expected as part of test case
E: thread 0x30181768 (6) does not have permission on k_futex 0x30181c18
E: permission bitmap
E: 00 00 00 00             |....    
E: syscall z_vrfy_k_object_access_grant failed check: object 0x30181c18 access denied
E: r0/a1:  0x00000000  r1/a2:  0x00000000  r2/a3:  0x00000000
E: r3/a4:  0x00000000 r12/ip:  0x00000000 r14/lr:  0x00000000
E:  xpsr:  0x00000000
E: Faulting instruction address (r15/pc): 0x000c1000
E: &gt;&gt;&gt; ZEPHYR FATAL ERROR 3: Kernel oops on CPU 0
E: Current thread: 0x30181768 (unknown)
Caught system error -- reason 3 1
fatal error expected as part of test case
E: thread 0x30181768 (6) does not have permission on k_condvar 0x30181c10
E: permission bitmap
E: 00 00 00 00             |....    
E: syscall z_vrfy_k_object_access_grant failed check: object 0x30181c10 access denied
E: r0/a1:  0x00000000  r1/a2:  0x00000000  r2/a3:  0x00000000
E: r3/a4:  0x00000000 r12/ip:  0x00000000 r14/lr:  0x00000000
E:  xpsr:  0x00000000
E: Faulting instruction address (r15/pc): 0x000c1000
E: &gt;&gt;&gt; ZEPHYR FATAL ERROR 3: Kernel oops on CPU 0
E: Current thread: 0x30181768 (unknown)
Caught system error -- reason 3 1
fatal error expected as part of test case
PASS - test_kobject_perm_error in 0.676 seconds
===================================================================
START - test_kobject_reinitialize_thread_kobj
E: thread 0x30181768 (6) does not have permission on k_thread 0x301815c8
E: permission bitmap
E: 00 00 00 00             |....    
E: syscall z_vrfy_k_thread_create failed check: access denied
E: r0/a1:  0x00000000  r1/a2:  0x00000000  r2/a3:  0x00000000
E: r3/a4:  0x00000000 r12/ip:  0x00000000 r14/lr:  0x00000000
E:  xpsr:  0x00000000
E: Faulting instruction address (r15/pc): 0x000c1000
E: &gt;&gt;&gt; ZEPHYR FATAL ERROR 3: Kernel oops on CPU 0
E: Current thread: 0x30181768 (unknown)
Caught system error -- reason 3 1
fatal error expected as part of test case
PASS - test_kobject_reinitialize_thread_kobj in 0.051 seconds
===================================================================
START - test_kobject_release_from_user
E: thread 0x30181768 (6) does not have permission on k_sem 0x30188ce4
E: permission bitmap
E: 00 01 00 00             |....    
E: syscall z_vrfy_k_sem_give failed check: access denied
E: r0/a1:  0x00000000  r1/a2:  0x00000000  r2/a3:  0x00000000
E: r3/a4:  0x00000000 r12/ip:  0x00000000 r14/lr:  0x00000000
E:  xpsr:  0x00000000
E: Faulting instruction address (r15/pc): 0x000c1000
E: &gt;&gt;&gt; ZEPHYR FATAL ERROR 3: Kernel oops on CPU 0
E: Current thread: 0x30181768 (unknown)
Caught system error -- reason 3 1
fatal error expected as part of test case
PASS - test_kobject_release_from_user in 0.050 seconds
===================================================================
START - test_kobject_revoke_access
E: thread 0x30181768 (6) does not have permission on k_sem 0x30188ce4
E: permission bitmap
E: 00 00 00 00             |....    
E: syscall z_vrfy_k_sem_give failed check: access denied
E: r0/a1:  0x00000000  r1/a2:  0x00000000  r2/a3:  0x00000000
E: r3/a4:  0x00000000 r12/ip:  0x00000000 r14/lr:  0x00000000
E:  xpsr:  0x00000000
E: Faulting instruction address (r15/pc): 0x000c1000
E: &gt;&gt;&gt; ZEPHYR FATAL ERROR 3: Kernel oops on CPU 0
E: Current thread: 0x30181768 (unknown)
Caught system error -- reason 3 1
fatal error expected as part of test case
PASS - test_kobject_revoke_access in 0.050 seconds
===================================================================
START - test_mark_thread_exit_uninitialized
PASS - test_mark_thread_exit_uninitialized in 0.001 seconds
===================================================================
START - test_new_user_thread_with_in_use_stack_obj
E: 0x30185d40 z_thread_stack_element in use
E: syscall z_vrfy_k_thread_create failed check: bad stack object
E: r0/a1:  0x00000000  r1/a2:  0x00000000  r2/a3:  0x00000000
E: r3/a4:  0x00000000 r12/ip:  0x00000000 r14/lr:  0x00000000
E:  xpsr:  0x00000000
E: Faulting instruction address (r15/pc): 0x000c1000
E: &gt;&gt;&gt; ZEPHYR FATAL ERROR 3: Kernel oops on CPU 0
E: Current thread: 0x30181768 (unknown)
Caught system error -- reason 3 1
fatal error expected as part of test case
PASS - test_new_user_thread_with_in_use_stack_obj in 0.043 seconds
===================================================================
START - test_syscall_invalid_kobject
E: 0x30188c84 is not a valid k_sem
E: address is actually a k_mutex
E: syscall z_vrfy_k_sem_take failed check: access denied
E: r0/a1:  0x00000000  r1/a2:  0x00000000  r2/a3:  0x00000000
E: r3/a4:  0x00000000 r12/ip:  0x00000000 r14/lr:  0x00000000
E:  xpsr:  0x00000000
E: Faulting instruction address (r15/pc): 0x00820d04
E: &gt;&gt;&gt; ZEPHYR FATAL ERROR 3: Kernel oops on CPU 0
E: Current thread: 0x30181838 (test_syscall_invalid_kobject)
Caught system error -- reason 3 1
fatal error expected as part of test case
PASS - test_syscall_invalid_kobject in 0.047 seconds
===================================================================
START - test_thread_alloc_out_of_idx
E: out of free thread indexes
E: out of free thread indexes
PASS - test_thread_alloc_out_of_idx in 0.009 seconds
===================================================================
START - test_thread_has_residual_permissions
E: thread 0x30181768 (6) does not have permission on k_sem 0x30188ce4
E: permission bitmap
E: 00 01 00 00             |....    
E: syscall z_vrfy_k_sem_take failed check: access denied
E: r0/a1:  0x00000000  r1/a2:  0x00000000  r2/a3:  0x00000000
E: r3/a4:  0x00000000 r12/ip:  0x00000000 r14/lr:  0x00000000
E:  xpsr:  0x00000000
E: Faulting instruction address (r15/pc): 0x000c1000
E: &gt;&gt;&gt; ZEPHYR FATAL ERROR 3: Kernel oops on CPU 0
E: Current thread: 0x30181768 (unknown)
Caught system error -- reason 3 1
fatal error expected as part of test case
PASS - test_thread_has_residual_permissions in 0.050 seconds
===================================================================
START - test_thread_without_kobject_permission
E: thread 0x30181838 (8) does not have permission on k_sem 0x30188ce4
E: permission bitmap
E: 00 00 00 00             |....    
E: syscall z_vrfy_k_sem_give failed check: access denied
E: r0/a1:  0x00000000  r1/a2:  0x00000000  r2/a3:  0x00000000
E: r3/a4:  0x00000000 r12/ip:  0x00000000 r14/lr:  0x00000000
E:  xpsr:  0x00000000
E: Faulting instruction address (r15/pc): 0x00820d04
E: &gt;&gt;&gt; ZEPHYR FATAL ERROR 3: Kernel oops on CPU 0
E: Current thread: 0x30181838 (test_thread_without_kobject_per)
Caught system error -- reason 3 1
fatal error expected as part of test case
PASS - test_thread_without_kobject_permission in 0.052 seconds
===================================================================
TESTSUITE mem_protect_kobj succeeded
Running TESTSUITE mem_protect_part
===================================================================
START - test_mem_part_assign_bss_vars_zero
PASS - test_mem_part_assign_bss_vars_zero in 0.001 seconds
===================================================================
START - test_mem_part_auto_determ_size
PASS - test_mem_part_auto_determ_size in 0.001 seconds
===================================================================
TESTSUITE mem_protect_part succeeded
------ TESTSUITE SUMMARY START ------
SUITE PASS - 100.00% [mem_protect]: pass = 2, fail = 0, skip = 0, total = 2 duration = 0.042 seconds
- PASS - [mem_protect.test_inherit_resource_pool] duration = 0.001 seconds
- PASS - [mem_protect.test_permission_inheritance] duration = 0.041 seconds
SUITE FAIL -   0.00% [mem_protect_domain]: pass = 0, fail = 15, skip = 0, total = 15 duration = 0.015 seconds
- FAIL - [mem_protect_domain.test_mem_domain_api_supervisor_only] duration = 0.001 seconds
- FAIL - [mem_protect_domain.test_mem_domain_boot_threads] duration = 0.001 seconds
- FAIL - [mem_protect_domain.test_mem_domain_init_fail] duration = 0.001 seconds
- FAIL - [mem_protect_domain.test_mem_domain_invalid_access] duration = 0.001 seconds
- FAIL - [mem_protect_domain.test_mem_domain_migration] duration = 0.001 seconds
- FAIL - [mem_protect_domain.test_mem_domain_no_writes_to_ro] duration = 0.001 seconds
- FAIL - [mem_protect_domain.test_mem_domain_remove_add_partition] duration = 0.001 seconds
- FAIL - [mem_protect_domain.test_mem_domain_remove_part_fail] duration = 0.001 seconds
- FAIL - [mem_protect_domain.test_mem_domain_valid_access] duration = 0.001 seconds
- FAIL - [mem_protect_domain.test_mem_part_add_error_null] duration = 0.001 seconds
- FAIL - [mem_protect_domain.test_mem_part_add_error_zerosize] duration = 0.001 seconds
- FAIL - [mem_protect_domain.test_mem_part_assert_add_overmax] duration = 0.001 seconds
- FAIL - [mem_protect_domain.test_mem_part_error_wraparound] duration = 0.001 seconds
- FAIL - [mem_protect_domain.test_mem_part_overlap] duration = 0.001 seconds
- FAIL - [mem_protect_domain.test_mem_part_remove_error_zerosize] duration = 0.001 seconds
SUITE PASS - 100.00% [mem_protect_kobj]: pass = 36, fail = 0, skip = 0, total = 36 duration = 1.814 seconds
- PASS - [mem_protect_kobj.test_access_kobject_without_init_access] duration = 0.052 seconds
- PASS - [mem_protect_kobj.test_access_kobject_without_init_with_access] duration = 0.042 seconds
- PASS - [mem_protect_kobj.test_all_kobjects_str] duration = 0.001 seconds
- PASS - [mem_protect_kobj.test_alloc_kobjects] duration = 0.006 seconds
- PASS - [mem_protect_kobj.test_create_new_essential_thread_from_user] duration = 0.040 seconds
- PASS - [mem_protect_kobj.test_create_new_higher_prio_thread_from_user] duration = 0.042 seconds
- PASS - [mem_protect_kobj.test_create_new_invalid_prio_thread_from_user] duration = 0.040 seconds
- PASS - [mem_protect_kobj.test_create_new_supervisor_thread_from_user] duration = 0.039 seconds
- PASS - [mem_protect_kobj.test_create_new_thread_from_user] duration = 0.001 seconds
- PASS - [mem_protect_kobj.test_create_new_thread_from_user_huge_stacksize] duration = 0.041 seconds
- PASS - [mem_protect_kobj.test_create_new_thread_from_user_invalid_stacksize] duration = 0.052 seconds
- PASS - [mem_protect_kobj.test_create_new_thread_from_user_no_access_stack] duration = 0.052 seconds
- PASS - [mem_protect_kobj.test_kobj_create_out_of_memory] duration = 0.054 seconds
- PASS - [mem_protect_kobj.test_kobject_access_all_grant] duration = 0.001 seconds
- PASS - [mem_protect_kobj.test_kobject_access_all_grant_error] duration = 0.043 seconds
- PASS - [mem_protect_kobj.test_kobject_access_grant] duration = 0.043 seconds
- PASS - [mem_protect_kobj.test_kobject_access_grant_error] duration = 0.001 seconds
- PASS - [mem_protect_kobj.test_kobject_access_grant_error_user] duration = 0.048 seconds
- PASS - [mem_protect_kobj.test_kobject_access_grant_error_user_null] duration = 0.049 seconds
- PASS - [mem_protect_kobj.test_kobject_access_grant_to_invalid_thread] duration = 0.021 seconds
- PASS - [mem_protect_kobj.test_kobject_access_invalid_kobject] duration = 0.052 seconds
- PASS - [mem_protect_kobj.test_kobject_free_error] duration = 0.001 seconds
- PASS - [mem_protect_kobj.test_kobject_grant_access_kobj] duration = 0.001 seconds
- PASS - [mem_protect_kobj.test_kobject_grant_access_kobj_invalid] duration = 0.051 seconds
- PASS - [mem_protect_kobj.test_kobject_init_error] duration = 0.011 seconds
- PASS - [mem_protect_kobj.test_kobject_invalid] duration = 0.001 seconds
- PASS - [mem_protect_kobj.test_kobject_perm_error] duration = 0.676 seconds
- PASS - [mem_protect_kobj.test_kobject_reinitialize_thread_kobj] duration = 0.051 seconds
- PASS - [mem_protect_kobj.test_kobject_release_from_user] duration = 0.050 seconds
- PASS - [mem_protect_kobj.test_kobject_revoke_access] duration = 0.050 seconds
- PASS - [mem_protect_kobj.test_mark_thread_exit_uninitialized] duration = 0.001 seconds
- PASS - [mem_protect_kobj.test_new_user_thread_with_in_use_stack_obj] duration = 0.043 seconds
- PASS - [mem_protect_kobj.test_syscall_invalid_kobject] duration = 0.047 seconds
- PASS - [mem_protect_kobj.test_thread_alloc_out_of_idx] duration = 0.009 seconds
- PASS - [mem_protect_kobj.test_thread_has_residual_permissions] duration = 0.050 seconds
- PASS - [mem_protect_kobj.test_thread_without_kobject_permission] duration = 0.052 seconds
SUITE PASS - 100.00% [mem_protect_part]: pass = 2, fail = 0, skip = 0, total = 2 duration = 0.002 seconds
- PASS - [mem_protect_part.test_mem_part_assign_bss_vars_zero] duration = 0.001 seconds
- PASS - [mem_protect_part.test_mem_part_auto_determ_size] duration = 0.001 seconds
------ TESTSUITE SUMMARY END ------
===================================================================
RunID: 59b91cfb7a09a15de26fbb513d79a5a1
PROJECT EXECUTION FAILED
</failure></testcase><testcase classname="mimxrt595_evk_cm33:tests/kernel/mem_protect/syscalls/kernel.memory_protection.syscalls" name="tests/kernel/mem_protect/syscalls/kernel.memory_protection.syscalls" time="2031.4399999999998" /><testcase classname="mimxrt595_evk_cm33:tests/kernel/mem_protect/futex/kernel.futex" name="tests/kernel/mem_protect/futex/kernel.futex" time="2036.0499999999997" /><testcase classname="mimxrt595_evk_cm33:tests/kernel/mem_protect/stackprot/kernel.memory_protection.stackprot" name="tests/kernel/mem_protect/stackprot/kernel.memory_protection.stackprot" time="2040.4299999999998" /><testcase classname="mimxrt595_evk_cm33:tests/kernel/mem_protect/protection/kernel.memory_protection.protection" name="tests/kernel/mem_protect/protection/kernel.memory_protection.protection" time="2046.2099999999998" /><testcase classname="mimxrt595_evk_cm33:tests/kernel/mbox/mbox_usage/kernel.mailbox.usage" name="tests/kernel/mbox/mbox_usage/kernel.mailbox.usage" time="2050.96" /><testcase classname="mimxrt595_evk_cm33:tests/kernel/mbox/mbox_api/kernel.mailbox.api" name="tests/kernel/mbox/mbox_api/kernel.mailbox.api" time="2056.68" /><testcase classname="mimxrt595_evk_cm33:tests/kernel/mem_slab/mslab_threadsafe/kernel.memory_slabs.threadsafe" name="tests/kernel/mem_slab/mslab_threadsafe/kernel.memory_slabs.threadsafe" time="2061.31" /><testcase classname="mimxrt595_evk_cm33:tests/kernel/mem_slab/mslab_stats/kernel.memory_slabs.stats" name="tests/kernel/mem_slab/mslab_stats/kernel.memory_slabs.stats" time="2067.45" /><testcase classname="mimxrt595_evk_cm33:tests/kernel/mem_slab/mslab_concept/kernel.memory_slabs.concept" name="tests/kernel/mem_slab/mslab_concept/kernel.memory_slabs.concept" time="2075.0499999999997" /><testcase classname="mimxrt595_evk_cm33:tests/kernel/mem_slab/mslab_api/kernel.memory_slabs.api" name="tests/kernel/mem_slab/mslab_api/kernel.memory_slabs.api" time="2089.14" /><testcase classname="mimxrt595_evk_cm33:tests/kernel/mem_slab/mslab/kernel.memory_slabs" name="tests/kernel/mem_slab/mslab/kernel.memory_slabs" time="2092.6299999999997" /><testcase classname="mimxrt595_evk_cm33:tests/kernel/semaphore/sys_sem/kernel.semaphore.usage" name="tests/kernel/semaphore/sys_sem/kernel.semaphore.usage" time="2098.74" /><testcase classname="mimxrt595_evk_cm33:tests/kernel/semaphore/semaphore/kernel.semaphore" name="tests/kernel/semaphore/semaphore/kernel.semaphore" time="2114.29" /><testcase classname="mimxrt595_evk_cm33:tests/kernel/timer/timepoints/kernel.timer.timepoints" name="tests/kernel/timer/timepoints/kernel.timer.timepoints" time="2122.25" /><testcase classname="mimxrt595_evk_cm33:tests/kernel/timer/timer_monotonic/kernel.timer.monotonic" name="tests/kernel/timer/timer_monotonic/kernel.timer.monotonic" time="2132.69" /><testcase classname="mimxrt595_evk_cm33:tests/kernel/timer/timer_error_case/kernel.timer.error_case" name="tests/kernel/timer/timer_error_case/kernel.timer.error_case" time="2137.4500000000003" /><testcase classname="mimxrt595_evk_cm33:tests/kernel/timer/starve/kernel.timer.starve" name="tests/kernel/timer/starve/kernel.timer.starve" time="5687.24" /><testcase classname="mimxrt595_evk_cm33:tests/kernel/timer/timer_api/kernel.timer" name="tests/kernel/timer/timer_api/kernel.timer" time="5698.24" /><testcase classname="mimxrt595_evk_cm33:tests/kernel/timer/timer_api/kernel.timer.tickless" name="tests/kernel/timer/timer_api/kernel.timer.tickless" time="5706.719999999999"><failure type="failure" message="Failed">*** Booting Zephyr OS build zephyr-v3.5.0-2927-g03b702690ae7 ***
E: no free partition slots available
Running TESTSUITE timer_api
===================================================================
START - test_sleep_abs
Assertion failed at WEST_TOPDIR/zephyr/tests/kernel/timer/timer_api/src/main.c:807: timer_api_test_sleep_abs: (late &gt;= 0 &amp;&amp; late &lt;= MAX(2, k_us_to_ticks_ceil32(250)) is false)
expected wakeup at 344, got 354 (late 10)
FAIL - test_sleep_abs in 0.027 seconds
===================================================================
START - test_time_conversions
PASS - test_time_conversions in 0.030 seconds
===================================================================
START - test_timeout_abs
PASS - test_timeout_abs in 0.001 seconds
===================================================================
START - test_timer_duration_period
PASS - test_timer_duration_period in 0.326 seconds
===================================================================
START - test_timer_expirefn_null
PASS - test_timer_expirefn_null in 0.326 seconds
===================================================================
START - test_timer_k_define
PASS - test_timer_k_define in 0.701 seconds
===================================================================
START - test_timer_period_0
PASS - test_timer_period_0 in 0.202 seconds
===================================================================
START - test_timer_period_k_forever
PASS - test_timer_period_k_forever in 0.202 seconds
===================================================================
START - test_timer_periodicity
PASS - test_timer_periodicity in 0.252 seconds
===================================================================
START - test_timer_remaining
PASS - test_timer_remaining in 0.051 seconds
===================================================================
START - test_timer_restart
PASS - test_timer_restart in 0.276 seconds
===================================================================
START - test_timer_status_get
PASS - test_timer_status_get in 0.001 seconds
===================================================================
START - test_timer_status_get_anytime
PASS - test_timer_status_get_anytime in 0.326 seconds
===================================================================
START - test_timer_status_sync
PASS - test_timer_status_sync in 0.352 seconds
===================================================================
START - test_timer_user_data
PASS - test_timer_user_data in 0.302 seconds
===================================================================
TESTSUITE timer_api failed.
------ TESTSUITE SUMMARY START ------
SUITE FAIL -  93.33% [timer_api]: pass = 14, fail = 1, skip = 0, total = 15 duration = 3.375 seconds
- FAIL - [timer_api.test_sleep_abs] duration = 0.027 seconds
- PASS - [timer_api.test_time_conversions] duration = 0.030 seconds
- PASS - [timer_api.test_timeout_abs] duration = 0.001 seconds
- PASS - [timer_api.test_timer_duration_period] duration = 0.326 seconds
- PASS - [timer_api.test_timer_expirefn_null] duration = 0.326 seconds
- PASS - [timer_api.test_timer_k_define] duration = 0.701 seconds
- PASS - [timer_api.test_timer_period_0] duration = 0.202 seconds
- PASS - [timer_api.test_timer_period_k_forever] duration = 0.202 seconds
- PASS - [timer_api.test_timer_periodicity] duration = 0.252 seconds
- PASS - [timer_api.test_timer_remaining] duration = 0.051 seconds
- PASS - [timer_api.test_timer_restart] duration = 0.276 seconds
- PASS - [timer_api.test_timer_status_get] duration = 0.001 seconds
- PASS - [timer_api.test_timer_status_get_anytime] duration = 0.326 seconds
- PASS - [timer_api.test_timer_status_sync] duration = 0.352 seconds
- PASS - [timer_api.test_timer_user_data] duration = 0.302 seconds
------ TESTSUITE SUMMARY END ------
===================================================================
RunID: e1af9614b939dfbc1b13e7d3c376da7b
PROJECT EXECUTION FAILED
</failure></testcase><testcase classname="mimxrt595_evk_cm33:tests/kernel/timer/timer_behavior/kernel.timer.timer" name="tests/kernel/timer/timer_behavior/kernel.timer.timer" time="5742.119999999999" /><testcase classname="mimxrt595_evk_cm33:tests/kernel/fpu_sharing/float_disable/kernel.fpu_sharing.float_disable" name="tests/kernel/fpu_sharing/float_disable/kernel.fpu_sharing.float_disable" time="5745.939999999999" /><testcase classname="mimxrt595_evk_cm33:tests/kernel/fpu_sharing/generic/kernel.fpu_sharing.generic.arm" name="tests/kernel/fpu_sharing/generic/kernel.fpu_sharing.generic.arm" time="5759.979999999999" /><testcase classname="mimxrt595_evk_cm33:tests/kernel/msgq/msgq_api/kernel.message_queue" name="tests/kernel/msgq/msgq_api/kernel.message_queue" time="5768.409999999999" /><testcase classname="mimxrt595_evk_cm33:tests/kernel/msgq/msgq_usage/kernel.message_queue.usage" name="tests/kernel/msgq/msgq_usage/kernel.message_queue.usage" time="5773.769999999999" /><testcase classname="mimxrt595_evk_cm33:tests/kernel/workq/work/kernel.workqueue.api" name="tests/kernel/workq/work/kernel.workqueue.api" time="5780.089999999998" /><testcase classname="mimxrt595_evk_cm33:tests/kernel/workq/critical/kernel.workqueue.critical" name="tests/kernel/workq/critical/kernel.workqueue.critical" time="5784.859999999999" /><testcase classname="mimxrt595_evk_cm33:tests/kernel/workq/user_work/kernel.workqueue.user" name="tests/kernel/workq/user_work/kernel.workqueue.user" time="5789.119999999999" /><testcase classname="mimxrt595_evk_cm33:tests/kernel/workq/work_queue/kernel.workqueue" name="tests/kernel/workq/work_queue/kernel.workqueue" time="5798.319999999999" /><testcase classname="mimxrt595_evk_cm33:tests/kernel/mutex/mutex_error_case/kernel.mutex.error" name="tests/kernel/mutex/mutex_error_case/kernel.mutex.error" time="5803.6799999999985" /><testcase classname="mimxrt595_evk_cm33:tests/kernel/mutex/sys_mutex/kernel.mutex.system" name="tests/kernel/mutex/sys_mutex/kernel.mutex.system" time="5815.949999999999" /><testcase classname="mimxrt595_evk_cm33:tests/kernel/mutex/sys_mutex/kernel.mutex.system.nouser" name="tests/kernel/mutex/sys_mutex/kernel.mutex.system.nouser" time="5830.149999999999" /><testcase classname="mimxrt595_evk_cm33:tests/kernel/mutex/mutex_api/kernel.mutex" name="tests/kernel/mutex/mutex_api/kernel.mutex" time="5846.409999999999" /><testcase classname="mimxrt595_evk_cm33:tests/kernel/events/event_api/kernel.events" name="tests/kernel/events/event_api/kernel.events" time="5851.479999999999" /><testcase classname="mimxrt595_evk_cm33:tests/kernel/events/sys_event/kernel.events.usage" name="tests/kernel/events/sys_event/kernel.events.usage" time="5856.449999999999" /><testcase classname="mimxrt595_evk_cm33:tests/kernel/tickless/tickless_concept/kernel.tickless.concept" name="tests/kernel/tickless/tickless_concept/kernel.tickless.concept" time="5862.859999999999" /><testcase classname="mimxrt595_evk_cm33:tests/kernel/usage/thread_runtime_stats/kernel.usage" name="tests/kernel/usage/thread_runtime_stats/kernel.usage" time="5867.029999999999" /><testcase classname="mimxrt595_evk_cm33:tests/kernel/sleep/kernel.common.timing" name="tests/kernel/sleep/kernel.common.timing" time="5874.259999999998" /><testcase classname="mimxrt595_evk_cm33:tests/kernel/sleep/kernel.common.timing.minimallibc" name="tests/kernel/sleep/kernel.common.timing.minimallibc" time="5881.479999999999" /><testcase classname="mimxrt595_evk_cm33:tests/posix/eventfd/portability.posix.eventfd" name="tests/posix/eventfd/portability.posix.eventfd" time="5896.559999999999" /><testcase classname="mimxrt595_evk_cm33:tests/posix/common/portability.posix.common" name="tests/posix/common/portability.posix.common" time="8196.3" /><testcase classname="mimxrt595_evk_cm33:tests/posix/common/portability.posix.common.newlib" name="tests/posix/common/portability.posix.common.newlib" time="10605.789999999999"><failure type="failure" message="Timeout">*** Booting Zephyr OS build zephyr-v3.5.0-2927-g03b702690ae7 ***
Running TESTSUITE posix_apis
===================================================================
START - test_barrier
PASS - test_barrier in 0.001 seconds
===================================================================
START - test_clock
POSIX clock APIs
POSIX clock APIs test done
PASS - test_clock in 1.004 seconds
===================================================================
START - test_clock_nanosleep_errors_errno
PASS - test_clock_nanosleep_errors_errno in 0.001 seconds
===================================================================
START - test_clock_nanosleep_execution
PASS - test_clock_nanosleep_execution in 0.001 seconds
===================================================================
START - test_cond_resource_exhausted
E: Unable to allocate pthread_cond_t
PASS - test_cond_resource_exhausted in 0.004 seconds
===================================================================
START - test_cond_resource_leak
PASS - test_cond_resource_leak in 0.001 seconds
===================================================================
START - test_correct_key_is_deleted
PASS - test_correct_key_is_deleted in 0.001 seconds
===================================================================
START - test_fnmatch
PASS - test_fnmatch in 0.001 seconds
===================================================================
START - test_key_1toN_thread
Different threads set different values to same key:
thread 0: set value = 806913288 and retrieved value = 806913288
thread 1: set value = 806913512 and retrieved value = 806913512
PASS - test_key_1toN_thread in 0.017 seconds
===================================================================
START - test_key_Nto1_thread
Single thread associates its value with different keys:
key 0: set value = 806913712 and retrieved value = 806913712
key 1: set value = 806913712 and retrieved value = 806913712
PASS - test_key_Nto1_thread in 0.017 seconds
===================================================================
START - test_key_resource_leak
PASS - test_key_resource_leak in 0.001 seconds
===================================================================
START - test_mqueue
PASS - test_mqueue in 0.011 seconds
===================================================================
START - test_mutex_normal
E: k_mutex_unlock() failed: -16
mutex lock is taken
PASS - test_mutex_normal in 0.105 seconds
===================================================================
START - test_mutex_recursive
recursive mutex lock is taken
PASS - test_mutex_recursive in 0.003 seconds
===================================================================
START - test_mutex_resource_exhausted
E: Unable to allocate pthread_mutex_t
PASS - test_mutex_resource_exhausted in 0.004 seconds
===================================================================
START - test_mutex_resource_leak
PASS - test_mutex_resource_leak in 0.001 seconds
===================================================================
START - test_mutex_timedlock
Expecting timedlock with timeout of 200 ms to fail
E: Timeout locking mutex 0x30182ca8
Expecting timedlock with timeout of 200 ms to succeed after 100ms
PASS - test_mutex_timedlock in 0.314 seconds
===================================================================
START - test_nanosleep_errors_errno
</failure></testcase><testcase classname="mimxrt595_evk_cm33:tests/posix/common/portability.posix.common.tls" name="tests/posix/common/portability.posix.common.tls" time="13009.14"><failure type="failure" message="Timeout">*** Booting Zephyr OS build zephyr-v3.5.0-2927-g03b702690ae7 ***
Running TESTSUITE posix_apis
===================================================================
START - test_barrier
PASS - test_barrier in 0.001 seconds
===================================================================
START - test_clock
POSIX clock APIs
POSIX clock APIs test done
PASS - test_clock in 1.005 seconds
===================================================================
START - test_clock_nanosleep_errors_errno
PASS - test_clock_nanosleep_errors_errno in 0.001 seconds
===================================================================
START - test_clock_nanosleep_execution
PASS - test_clock_nanosleep_execution in 0.001 seconds
===================================================================
START - test_cond_resource_exhausted
E: Unable to allocate pthread_cond_t
PASS - test_cond_resource_exhausted in 0.004 seconds
===================================================================
START - test_cond_resource_leak
PASS - test_cond_resource_leak in 0.001 seconds
===================================================================
START - test_correct_key_is_deleted
PASS - test_correct_key_is_deleted in 0.001 seconds
===================================================================
START - test_fnmatch
PASS - test_fnmatch in 0.001 seconds
===================================================================
START - test_key_1toN_thread
Different threads set different values to same key:
thread 0: set value = 806911152 and retrieved value = 806911152
thread 1: set value = 806911376 and retrieved value = 806911376
PASS - test_key_1toN_thread in 0.017 seconds
===================================================================
START - test_key_Nto1_thread
Single thread associates its value with different keys:
key 0: set value = 806911576 and retrieved value = 806911576
key 1: set value = 806911576 and retrieved value = 806911576
PASS - test_key_Nto1_thread in 0.017 seconds
===================================================================
START - test_key_resource_leak
PASS - test_key_resource_leak in 0.001 seconds
===================================================================
START - test_mqueue
PASS - test_mqueue in 0.011 seconds
===================================================================
START - test_mutex_normal
E: k_mutex_unlock() failed: -16
mutex lock is taken
PASS - test_mutex_normal in 0.105 seconds
===================================================================
START - test_mutex_recursive
recursive mutex lock is taken
PASS - test_mutex_recursive in 0.003 seconds
===================================================================
START - test_mutex_resource_exhausted
E: Unable to allocate pthread_mutex_t
PASS - test_mutex_resource_exhausted in 0.004 seconds
===================================================================
START - test_mutex_resource_leak
PASS - test_mutex_resource_leak in 0.001 seconds
===================================================================
START - test_mutex_timedlock
Expecting timedlock with timeout of 200 ms to fail
E: Timeout locking mutex 0x30182488
Expecting timedlock with timeout of 200 ms to succeed after 100ms
PASS - test_mutex_timedlock in 0.314 seconds
===================================================================
START - test_nanosleep_errors_errno
</failure></testcase><testcase classname="mimxrt595_evk_cm33:tests/posix/common/portability.posix.common.tls.newlib" name="tests/posix/common/portability.posix.common.tls.newlib" time="15414.58"><failure type="failure" message="Timeout">*** Booting Zephyr OS build zephyr-v3.5.0-2927-g03b702690ae7 ***
Running TESTSUITE posix_apis
===================================================================
START - test_barrier
PASS - test_barrier in 0.001 seconds
===================================================================
START - test_clock
POSIX clock APIs
POSIX clock APIs test done
PASS - test_clock in 1.004 seconds
===================================================================
START - test_clock_nanosleep_errors_errno
PASS - test_clock_nanosleep_errors_errno in 0.001 seconds
===================================================================
START - test_clock_nanosleep_execution
PASS - test_clock_nanosleep_execution in 0.001 seconds
===================================================================
START - test_cond_resource_exhausted
E: Unable to allocate pthread_cond_t
PASS - test_cond_resource_exhausted in 0.004 seconds
===================================================================
START - test_cond_resource_leak
PASS - test_cond_resource_leak in 0.001 seconds
===================================================================
START - test_correct_key_is_deleted
PASS - test_correct_key_is_deleted in 0.001 seconds
===================================================================
START - test_fnmatch
PASS - test_fnmatch in 0.001 seconds
===================================================================
START - test_key_1toN_thread
Different threads set different values to same key:
thread 0: set value = 806913296 and retrieved value = 806913296
thread 1: set value = 806913520 and retrieved value = 806913520
PASS - test_key_1toN_thread in 0.017 seconds
===================================================================
START - test_key_Nto1_thread
Single thread associates its value with different keys:
key 0: set value = 806913720 and retrieved value = 806913720
key 1: set value = 806913720 and retrieved value = 806913720
PASS - test_key_Nto1_thread in 0.017 seconds
===================================================================
START - test_key_resource_leak
PASS - test_key_resource_leak in 0.001 seconds
===================================================================
START - test_mqueue
PASS - test_mqueue in 0.011 seconds
===================================================================
START - test_mutex_normal
E: k_mutex_unlock() failed: -16
mutex lock is taken
PASS - test_mutex_normal in 0.105 seconds
===================================================================
START - test_mutex_recursive
recursive mutex lock is taken
PASS - test_mutex_recursive in 0.003 seconds
===================================================================
START - test_mutex_resource_exhausted
E: Unable to allocate pthread_mutex_t
PASS - test_mutex_resource_exhausted in 0.004 seconds
===================================================================
START - test_mutex_resource_leak
PASS - test_mutex_resource_leak in 0.001 seconds
===================================================================
START - test_mutex_timedlock
Expecting timedlock with timeout of 200 ms to fail
E: Timeout locking mutex 0x30182cac
Expecting timedlock with timeout of 200 ms to succeed after 100ms
PASS - test_mutex_timedlock in 0.314 seconds
===================================================================
START - test_nanosleep_errors_errno
</failure></testcase><testcase classname="mimxrt595_evk_cm33:tests/posix/common/portability.posix.common.picolibc" name="tests/posix/common/portability.posix.common.picolibc" time="17819.97"><failure type="failure" message="Timeout">*** Booting Zephyr OS build zephyr-v3.5.0-2927-g03b702690ae7 ***
Running TESTSUITE posix_apis
===================================================================
START - test_barrier
PASS - test_barrier in 0.001 seconds
===================================================================
START - test_clock
POSIX clock APIs
POSIX clock APIs test done
PASS - test_clock in 1.004 seconds
===================================================================
START - test_clock_nanosleep_errors_errno
PASS - test_clock_nanosleep_errors_errno in 0.001 seconds
===================================================================
START - test_clock_nanosleep_execution
PASS - test_clock_nanosleep_execution in 0.001 seconds
===================================================================
START - test_cond_resource_exhausted
E: Unable to allocate pthread_cond_t
PASS - test_cond_resource_exhausted in 0.004 seconds
===================================================================
START - test_cond_resource_leak
PASS - test_cond_resource_leak in 0.001 seconds
===================================================================
START - test_correct_key_is_deleted
PASS - test_correct_key_is_deleted in 0.001 seconds
===================================================================
START - test_fnmatch
PASS - test_fnmatch in 0.001 seconds
===================================================================
START - test_key_1toN_thread
Different threads set different values to same key:
thread 0: set value = 806911152 and retrieved value = 806911152
thread 1: set value = 806911376 and retrieved value = 806911376
PASS - test_key_1toN_thread in 0.017 seconds
===================================================================
START - test_key_Nto1_thread
Single thread associates its value with different keys:
key 0: set value = 806911576 and retrieved value = 806911576
key 1: set value = 806911576 and retrieved value = 806911576
PASS - test_key_Nto1_thread in 0.017 seconds
===================================================================
START - test_key_resource_leak
PASS - test_key_resource_leak in 0.001 seconds
===================================================================
START - test_mqueue
PASS - test_mqueue in 0.011 seconds
===================================================================
START - test_mutex_normal
E: k_mutex_unlock() failed: -16
mutex lock is taken
PASS - test_mutex_normal in 0.105 seconds
===================================================================
START - test_mutex_recursive
recursive mutex lock is taken
PASS - test_mutex_recursive in 0.003 seconds
===================================================================
START - test_mutex_resource_exhausted
E: Unable to allocate pthread_mutex_t
PASS - test_mutex_resource_exhausted in 0.004 seconds
===================================================================
START - test_mutex_resource_leak
PASS - test_mutex_resource_leak in 0.001 seconds
===================================================================
START - test_mutex_timedlock
Expecting timedlock with timeout of 200 ms to fail
E: Timeout locking mutex 0x30182488
Expecting timedlock with timeout of 200 ms to succeed after 100ms
PASS - test_mutex_timedlock in 0.314 seconds
===================================================================
START - test_nanosleep_errors_errno
</failure></testcase><testcase classname="mimxrt595_evk_cm33:tests/posix/common/portability.posix.common.no_spin_validate" name="tests/posix/common/portability.posix.common.no_spin_validate" time="20232.61"><failure type="failure" message="Timeout">*** Booting Zephyr OS build zephyr-v3.5.0-2927-g03b702690ae7 ***
Running TESTSUITE posix_apis
===================================================================
START - test_barrier
PASS - test_barrier in 0.001 seconds
===================================================================
START - test_clock
POSIX clock APIs
POSIX clock APIs test done
PASS - test_clock in 1.005 seconds
===================================================================
START - test_clock_nanosleep_errors_errno
PASS - test_clock_nanosleep_errors_errno in 0.001 seconds
===================================================================
START - test_clock_nanosleep_execution
PASS - test_clock_nanosleep_execution in 0.001 seconds
===================================================================
START - test_cond_resource_exhausted
E: Unable to allocate pthread_cond_t
PASS - test_cond_resource_exhausted in 0.004 seconds
===================================================================
START - test_cond_resource_leak
PASS - test_cond_resource_leak in 0.001 seconds
===================================================================
START - test_correct_key_is_deleted
PASS - test_correct_key_is_deleted in 0.001 seconds
===================================================================
START - test_fnmatch
PASS - test_fnmatch in 0.001 seconds
===================================================================
START - test_key_1toN_thread
Different threads set different values to same key:
thread 0: set value = 806911056 and retrieved value = 806911056
thread 1: set value = 806911280 and retrieved value = 806911280
PASS - test_key_1toN_thread in 0.017 seconds
===================================================================
START - test_key_Nto1_thread
Single thread associates its value with different keys:
key 0: set value = 806911480 and retrieved value = 806911480
key 1: set value = 806911480 and retrieved value = 806911480
PASS - test_key_Nto1_thread in 0.017 seconds
===================================================================
START - test_key_resource_leak
PASS - test_key_resource_leak in 0.001 seconds
===================================================================
START - test_mqueue
PASS - test_mqueue in 0.011 seconds
===================================================================
START - test_mutex_normal
E: k_mutex_unlock() failed: -16
mutex lock is taken
PASS - test_mutex_normal in 0.105 seconds
===================================================================
START - test_mutex_recursive
recursive mutex lock is taken
PASS - test_mutex_recursive in 0.003 seconds
===================================================================
START - test_mutex_resource_exhausted
E: Unable to allocate pthread_mutex_t
PASS - test_mutex_resource_exhausted in 0.004 seconds
===================================================================
START - test_mutex_resource_leak
PASS - test_mutex_resource_leak in 0.001 seconds
===================================================================
START - test_mutex_timedlock
Expecting timedlock with timeout of 200 ms to fail
E: Timeout locking mutex 0x30182460
Expecting timedlock with timeout of 200 ms to succeed after 100ms
PASS - test_mutex_timedlock in 0.313 seconds
===================================================================
START - test_nanosleep_errors_errno
PASS - test_nanosleep_errors_errno in 1077.818 seconds
===================================================================
START - test_nanosleep_execution
</failure></testcase><testcase classname="mimxrt595_evk_cm33:tests/posix/common/portability.posix.common.signal.strsignal_no_desc" name="tests/posix/common/portability.posix.common.signal.strsignal_no_desc" time="22637.010000000002"><failure type="failure" message="Timeout">*** Booting Zephyr OS build zephyr-v3.5.0-2927-g03b702690ae7 ***
Running TESTSUITE posix_apis
===================================================================
START - test_barrier
PASS - test_barrier in 0.001 seconds
===================================================================
START - test_clock
POSIX clock APIs
POSIX clock APIs test done
PASS - test_clock in 1.004 seconds
===================================================================
START - test_clock_nanosleep_errors_errno
PASS - test_clock_nanosleep_errors_errno in 0.001 seconds
===================================================================
START - test_clock_nanosleep_execution
PASS - test_clock_nanosleep_execution in 0.001 seconds
===================================================================
START - test_cond_resource_exhausted
E: Unable to allocate pthread_cond_t
PASS - test_cond_resource_exhausted in 0.004 seconds
===================================================================
START - test_cond_resource_leak
PASS - test_cond_resource_leak in 0.001 seconds
===================================================================
START - test_correct_key_is_deleted
PASS - test_correct_key_is_deleted in 0.001 seconds
===================================================================
START - test_fnmatch
PASS - test_fnmatch in 0.001 seconds
===================================================================
START - test_key_1toN_thread
Different threads set different values to same key:
thread 0: set value = 806911152 and retrieved value = 806911152
thread 1: set value = 806911376 and retrieved value = 806911376
PASS - test_key_1toN_thread in 0.017 seconds
===================================================================
START - test_key_Nto1_thread
Single thread associates its value with different keys:
key 0: set value = 806911576 and retrieved value = 806911576
key 1: set value = 806911576 and retrieved value = 806911576
PASS - test_key_Nto1_thread in 0.017 seconds
===================================================================
START - test_key_resource_leak
PASS - test_key_resource_leak in 0.001 seconds
===================================================================
START - test_mqueue
PASS - test_mqueue in 0.011 seconds
===================================================================
START - test_mutex_normal
E: k_mutex_unlock() failed: -16
mutex lock is taken
PASS - test_mutex_normal in 0.105 seconds
===================================================================
START - test_mutex_recursive
recursive mutex lock is taken
PASS - test_mutex_recursive in 0.003 seconds
===================================================================
START - test_mutex_resource_exhausted
E: Unable to allocate pthread_mutex_t
PASS - test_mutex_resource_exhausted in 0.004 seconds
===================================================================
START - test_mutex_resource_leak
PASS - test_mutex_resource_leak in 0.001 seconds
===================================================================
START - test_mutex_timedlock
Expecting timedlock with timeout of 200 ms to fail
E: Timeout locking mutex 0x30182488
Expecting timedlock with timeout of 200 ms to succeed after 100ms
PASS - test_mutex_timedlock in 0.314 seconds
===================================================================
START - test_nanosleep_errors_errno
</failure></testcase><testcase classname="mimxrt595_evk_cm33:tests/posix/common/portability.posix.common.signal.big_nsig" name="tests/posix/common/portability.posix.common.signal.big_nsig" time="24681.420000000002" /><testcase classname="mimxrt595_evk_cm33:tests/posix/common/portability.posix.common.dynamic_stack" name="tests/posix/common/portability.posix.common.dynamic_stack" time="27089.58"><failure type="failure" message="Timeout">*** Booting Zephyr OS build zephyr-v3.5.0-2927-g03b702690ae7 ***
Running TESTSUITE posix_apis
===================================================================
START - test_barrier
PASS - test_barrier in 0.001 seconds
===================================================================
START - test_clock
POSIX clock APIs
POSIX clock APIs test done
PASS - test_clock in 1.005 seconds
===================================================================
START - test_clock_nanosleep_errors_errno
PASS - test_clock_nanosleep_errors_errno in 0.001 seconds
===================================================================
START - test_clock_nanosleep_execution
PASS - test_clock_nanosleep_execution in 0.001 seconds
===================================================================
START - test_cond_resource_exhausted
E: Unable to allocate pthread_cond_t
PASS - test_cond_resource_exhausted in 0.004 seconds
===================================================================
START - test_cond_resource_leak
PASS - test_cond_resource_leak in 0.001 seconds
===================================================================
START - test_correct_key_is_deleted
PASS - test_correct_key_is_deleted in 0.001 seconds
===================================================================
START - test_fnmatch
PASS - test_fnmatch in 0.001 seconds
===================================================================
START - test_key_1toN_thread
Different threads set different values to same key:
thread 0: set value = 806911160 and retrieved value = 806911160
thread 1: set value = 806911384 and retrieved value = 806911384
PASS - test_key_1toN_thread in 0.017 seconds
===================================================================
START - test_key_Nto1_thread
Single thread associates its value with different keys:
key 0: set value = 806911584 and retrieved value = 806911584
key 1: set value = 806911584 and retrieved value = 806911584
PASS - test_key_Nto1_thread in 0.017 seconds
===================================================================
START - test_key_resource_leak
PASS - test_key_resource_leak in 0.001 seconds
===================================================================
START - test_mqueue
PASS - test_mqueue in 0.011 seconds
===================================================================
START - test_mutex_normal
E: k_mutex_unlock() failed: -16
mutex lock is taken
PASS - test_mutex_normal in 0.105 seconds
===================================================================
START - test_mutex_recursive
recursive mutex lock is taken
PASS - test_mutex_recursive in 0.003 seconds
===================================================================
START - test_mutex_resource_exhausted
E: Unable to allocate pthread_mutex_t
PASS - test_mutex_resource_exhausted in 0.004 seconds
===================================================================
START - test_mutex_resource_leak
PASS - test_mutex_resource_leak in 0.001 seconds
===================================================================
START - test_mutex_timedlock
Expecting timedlock with timeout of 200 ms to fail
E: Timeout locking mutex 0x30182488
Expecting timedlock with timeout of 200 ms to succeed after 100ms
PASS - test_mutex_timedlock in 0.314 seconds
===================================================================
START - test_nanosleep_errors_errno
</failure></testcase><testcase classname="mimxrt595_evk_cm33:tests/posix/headers/portability.posix.headers.with_posix_api" name="tests/posix/headers/portability.posix.headers.with_posix_api" time="27097.04" /><testcase classname="mimxrt595_evk_cm33:tests/posix/headers/portability.posix.headers.without_posix_api" name="tests/posix/headers/portability.posix.headers.without_posix_api" time="27104.89" /><testcase classname="mimxrt595_evk_cm33:tests/posix/headers/portability.posix.headers.picolibc.with_posix_api" name="tests/posix/headers/portability.posix.headers.picolibc.with_posix_api" time="27113.309999999998" /><testcase classname="mimxrt595_evk_cm33:tests/posix/headers/portability.posix.headers.picolibc.without_posix_api" name="tests/posix/headers/portability.posix.headers.picolibc.without_posix_api" time="27123.87" /><testcase classname="mimxrt595_evk_cm33:tests/posix/headers/portability.posix.headers.newlib.with_posix_api" name="tests/posix/headers/portability.posix.headers.newlib.with_posix_api" time="27135.079999999998" /><testcase classname="mimxrt595_evk_cm33:tests/posix/headers/portability.posix.headers.newlib.without_posix_api" name="tests/posix/headers/portability.posix.headers.newlib.without_posix_api" time="27144.269999999997" /><testcase classname="mimxrt595_evk_cm33:tests/posix/getopt/portability.posix.getopt" name="tests/posix/getopt/portability.posix.getopt" time="27152.869999999995" /><testcase classname="mimxrt595_evk_cm33:tests/posix/getopt/portability.posix.getopt.newlib" name="tests/posix/getopt/portability.posix.getopt.newlib" time="27167.229999999996" /><testcase classname="mimxrt595_evk_cm33:tests/posix/getopt/portability.posix.getopt.picolibc" name="tests/posix/getopt/portability.posix.getopt.picolibc" time="27185.989999999994" /><testcase classname="mimxrt595_evk_cm33:tests/posix/pthread_pressure/portability.posix.pthread_pressure" name="tests/posix/pthread_pressure/portability.posix.pthread_pressure" time="27205.759999999995" /><testcase classname="mimxrt595_evk_cm33:tests/posix/fs/portability.posix.fs" name="tests/posix/fs/portability.posix.fs" time="27216.719999999994" /><testcase classname="mimxrt595_evk_cm33:tests/posix/fs/portability.posix.fs.newlib" name="tests/posix/fs/portability.posix.fs.newlib" time="27223.879999999994" /><testcase classname="mimxrt595_evk_cm33:tests/posix/fs/portability.posix.fs.tls" name="tests/posix/fs/portability.posix.fs.tls" time="27233.469999999994" /><testcase classname="mimxrt595_evk_cm33:tests/posix/fs/portability.posix.fs.tls.newlib" name="tests/posix/fs/portability.posix.fs.tls.newlib" time="27239.949999999993" /><testcase classname="mimxrt595_evk_cm33:tests/posix/fs/portability.posix.fs.picolibc" name="tests/posix/fs/portability.posix.fs.picolibc" time="27247.649999999994" /><testcase classname="mimxrt595_evk_cm33:tests/posix/fs/portability.posix.fs.tls.picolibc" name="tests/posix/fs/portability.posix.fs.tls.picolibc" time="27257.489999999994" /><testcase classname="mimxrt595_evk_cm33:tests/application_development/gen_inc_file/buildsystem.include_file" name="tests/application_development/gen_inc_file/buildsystem.include_file" time="27265.649999999994" /><testcase classname="mimxrt595_evk_cm33:tests/ztest/summary/testing.ztest.summary.shared_unit_test" name="tests/ztest/summary/testing.ztest.summary.shared_unit_test" time="27271.909999999993" /><testcase classname="mimxrt595_evk_cm33:tests/ztest/error_hook/testing.ztest.error_hook" name="tests/ztest/error_hook/testing.ztest.error_hook" time="27282.399999999994" /><testcase classname="mimxrt595_evk_cm33:tests/ztest/error_hook/testing.ztest.error_hook.no_userspace" name="tests/ztest/error_hook/testing.ztest.error_hook.no_userspace" time="27292.409999999993" /><testcase classname="mimxrt595_evk_cm33:tests/ztest/zexpect/testing.ztest.expect" name="tests/ztest/zexpect/testing.ztest.expect" time="27301.449999999993" /><testcase classname="mimxrt595_evk_cm33:tests/ztest/zexpect/testing.ztest.expect_cpp" name="tests/ztest/zexpect/testing.ztest.expect_cpp" time="27310.279999999995" /><testcase classname="mimxrt595_evk_cm33:tests/ztest/base/testing.ztest.base.verbose_0" name="tests/ztest/base/testing.ztest.base.verbose_0" time="27319.279999999995" /><testcase classname="mimxrt595_evk_cm33:tests/ztest/base/testing.ztest.base.verbose_0_userspace" name="tests/ztest/base/testing.ztest.base.verbose_0_userspace" time="27328.319999999996" /><testcase classname="mimxrt595_evk_cm33:tests/ztest/base/testing.ztest.base.verbose_1" name="tests/ztest/base/testing.ztest.base.verbose_1" time="27338.079999999994" /><testcase classname="mimxrt595_evk_cm33:tests/ztest/base/testing.ztest.base.verbose_2" name="tests/ztest/base/testing.ztest.base.verbose_2" time="27346.279999999995" /><testcase classname="mimxrt595_evk_cm33:tests/modules/uoscore/libraries.uoscore" name="tests/modules/uoscore/libraries.uoscore" time="27354.249999999996" /><testcase classname="mimxrt595_evk_cm33:tests/drivers/console/hello_world/drivers.console.uart" name="tests/drivers/console/hello_world/drivers.console.uart" time="27361.399999999998" /><testcase classname="mimxrt595_evk_cm33:tests/drivers/i2s/i2s_speed/drivers.i2s.speed" name="tests/drivers/i2s/i2s_speed/drivers.i2s.speed" time="27367.21" /><testcase classname="mimxrt595_evk_cm33:tests/drivers/ipm/drivers.ipc.mailbox" name="tests/drivers/ipm/drivers.ipc.mailbox" time="27371.61" /><testcase classname="mimxrt595_evk_cm33:tests/drivers/spi/dt_spec/drivers.spi.dt_spec" name="tests/drivers/spi/dt_spec/drivers.spi.dt_spec" time="27379.11" /><testcase classname="mimxrt595_evk_cm33:tests/drivers/spi/spi_loopback/drivers.spi.loopback" name="tests/drivers/spi/spi_loopback/drivers.spi.loopback" time="27386.010000000002" /><testcase classname="mimxrt595_evk_cm33:tests/drivers/sensor/generic/drivers.sensor.generic" name="tests/drivers/sensor/generic/drivers.sensor.generic" time="27391.590000000004" /><testcase classname="mimxrt595_evk_cm33:tests/drivers/sensor/generic/drivers.sensor.generic.fpu" name="tests/drivers/sensor/generic/drivers.sensor.generic.fpu" time="27396.150000000005" /><testcase classname="mimxrt595_evk_cm33:tests/drivers/coredump/coredump_api/debug.coredump.drivers.api" name="tests/drivers/coredump/coredump_api/debug.coredump.drivers.api" time="27401.660000000003" /><testcase classname="mimxrt595_evk_cm33:tests/drivers/gpio/gpio_api_1pin/drivers.gpio.1pin" name="tests/drivers/gpio/gpio_api_1pin/drivers.gpio.1pin" time="27419.240000000005" /><testcase classname="mimxrt595_evk_cm33:tests/drivers/gpio/gpio_get_direction/drivers.gpio.get_direction" name="tests/drivers/gpio/gpio_get_direction/drivers.gpio.get_direction" time="27429.480000000007" /><testcase classname="mimxrt595_evk_cm33:tests/drivers/can/shell/drivers.can.shell" name="tests/drivers/can/shell/drivers.can.shell" time="27444.320000000007" /><testcase classname="mimxrt595_evk_cm33:tests/drivers/gnss/gnss_nmea0183/drivers.gnss.gnss_nmea0183" name="tests/drivers/gnss/gnss_nmea0183/drivers.gnss.gnss_nmea0183" time="27457.160000000007" /><testcase classname="mimxrt595_evk_cm33:tests/drivers/gnss/gnss_parse/drivers.gnss.gnss_parse" name="tests/drivers/gnss/gnss_parse/drivers.gnss.gnss_parse" time="27469.920000000006" /><testcase classname="mimxrt595_evk_cm33:tests/drivers/hwinfo/api/drivers.hwinfo.api" name="tests/drivers/hwinfo/api/drivers.hwinfo.api" time="27483.540000000005" /><testcase classname="mimxrt595_evk_cm33:tests/drivers/pwm/pwm_api/drivers.pwm" name="tests/drivers/pwm/pwm_api/drivers.pwm" time="27501.060000000005" /><testcase classname="mimxrt595_evk_cm33:tests/drivers/dma/chan_link_transfer/drivers.dma.chan_link_transfer" name="tests/drivers/dma/chan_link_transfer/drivers.dma.chan_link_transfer" time="27520.180000000004" /><testcase classname="mimxrt595_evk_cm33:tests/drivers/dma/chan_blen_transfer/drivers.dma.chan_blen_transfer" name="tests/drivers/dma/chan_blen_transfer/drivers.dma.chan_blen_transfer" time="27540.880000000005" /><testcase classname="mimxrt595_evk_cm33:tests/drivers/dma/loop_transfer/drivers.dma.loop_transfer" name="tests/drivers/dma/loop_transfer/drivers.dma.loop_transfer" time="27551.510000000006" /><testcase classname="mimxrt595_evk_cm33:tests/drivers/uart/uart_async_rx/drivers.uart.async_rx" name="tests/drivers/uart/uart_async_rx/drivers.uart.async_rx" time="27567.300000000007" /><testcase classname="mimxrt595_evk_cm33:tests/drivers/entropy/api/drivers.entropy" name="tests/drivers/entropy/api/drivers.entropy" time="27572.600000000006" /><testcase classname="mimxrt595_evk_cm33:tests/drivers/counter/counter_basic_api/drivers.counter.basic_api" name="tests/drivers/counter/counter_basic_api/drivers.counter.basic_api" time="27905.840000000007" /><testcase classname="mimxrt595_evk_cm33:tests/drivers/eeprom/shell/drivers.eeprom.shell" name="tests/drivers/eeprom/shell/drivers.eeprom.shell" time="27914.760000000006" /><testcase classname="mimxrt595_evk_cm33:tests/drivers/flash/common/drivers.flash.common.default" name="tests/drivers/flash/common/drivers.flash.common.default" time="27924.400000000005" /><testcase classname="mimxrt595_evk_cm33:tests/crypto/tinycrypt_hmac_prng/crypto.tinycrypt.hmac_prng" name="tests/crypto/tinycrypt_hmac_prng/crypto.tinycrypt.hmac_prng" time="27937.390000000007" /><testcase classname="mimxrt595_evk_cm33:tests/crypto/mbedtls/crypto.mbedtls" name="tests/crypto/mbedtls/crypto.mbedtls" time="27937.390000000007"><skipped type="untested" message="No results captured, testsuite misconfiguration?" /></testcase><testcase classname="mimxrt595_evk_cm33:tests/crypto/tinycrypt/crypto.tinycrypt" name="tests/crypto/tinycrypt/crypto.tinycrypt" time="27964.200000000008" /><testcase classname="mimxrt595_evk_cm33:tests/crypto/rand32/crypto.rand32" name="tests/crypto/rand32/crypto.rand32" time="27972.31000000001" /><testcase classname="mimxrt595_evk_cm33:tests/crypto/rand32/crypto.rand32.random_sw_systimer" name="tests/crypto/rand32/crypto.rand32.random_sw_systimer" time="27983.12000000001" /><testcase classname="mimxrt595_evk_cm33:tests/crypto/rand32/crypto.rand32.random_hw_xoshiro" name="tests/crypto/rand32/crypto.rand32.random_hw_xoshiro" time="27992.43000000001" /><testcase classname="mimxrt595_evk_cm33:tests/crypto/rand32/crypto.rand32.random_ctr_drbg" name="tests/crypto/rand32/crypto.rand32.random_ctr_drbg" time="28000.20000000001" /><testcase classname="mimxrt595_evk_cm33:tests/kconfig/configdefault/kconfig.configdefault" name="tests/kconfig/configdefault/kconfig.configdefault" time="28009.04000000001" /><testcase classname="mimxrt595_evk_cm33:tests/subsys/mgmt/mcumgr/fs_mgmt_hash_supported/mgmt.mcumgr.fs.mgmt.hash.supported.crc32" name="tests/subsys/mgmt/mcumgr/fs_mgmt_hash_supported/mgmt.mcumgr.fs.mgmt.hash.supported.crc32" time="28017.79000000001" /><testcase classname="mimxrt595_evk_cm33:tests/subsys/mgmt/mcumgr/fs_mgmt_hash_supported/mgmt.mcumgr.fs.mgmt.hash.supported.sha256" name="tests/subsys/mgmt/mcumgr/fs_mgmt_hash_supported/mgmt.mcumgr.fs.mgmt.hash.supported.sha256" time="28025.84000000001" /><testcase classname="mimxrt595_evk_cm33:tests/subsys/mgmt/mcumgr/fs_mgmt_hash_supported/mgmt.mcumgr.fs.mgmt.hash.supported.all" name="tests/subsys/mgmt/mcumgr/fs_mgmt_hash_supported/mgmt.mcumgr.fs.mgmt.hash.supported.all" time="28040.720000000012" /><testcase classname="mimxrt595_evk_cm33:tests/subsys/mgmt/mcumgr/os_mgmt_info/mgmt.mcumgr.os.info" name="tests/subsys/mgmt/mcumgr/os_mgmt_info/mgmt.mcumgr.os.info" time="28056.70000000001" /><testcase classname="mimxrt595_evk_cm33:tests/subsys/mgmt/mcumgr/os_mgmt_info/mgmt.mcumgr.os.info.no_hooks" name="tests/subsys/mgmt/mcumgr/os_mgmt_info/mgmt.mcumgr.os.info.no_hooks" time="28072.20000000001" /><testcase classname="mimxrt595_evk_cm33:tests/subsys/mgmt/mcumgr/os_mgmt_info/mgmt.mcumgr.os.info.build_date" name="tests/subsys/mgmt/mcumgr/os_mgmt_info/mgmt.mcumgr.os.info.build_date" time="28089.190000000013" /><testcase classname="mimxrt595_evk_cm33:tests/subsys/mgmt/mcumgr/os_mgmt_info/mgmt.mcumgr.os.info.limited_size" name="tests/subsys/mgmt/mcumgr/os_mgmt_info/mgmt.mcumgr.os.info.limited_size" time="28099.590000000015" /><testcase classname="mimxrt595_evk_cm33:tests/subsys/mgmt/mcumgr/os_mgmt_echo/mgmt.mcumgr.os.echo" name="tests/subsys/mgmt/mcumgr/os_mgmt_echo/mgmt.mcumgr.os.echo" time="28111.240000000016" /><testcase classname="mimxrt595_evk_cm33:tests/subsys/mgmt/mcumgr/smp_version/mgmt.mcumgr.smp.version" name="tests/subsys/mgmt/mcumgr/smp_version/mgmt.mcumgr.smp.version" time="28123.120000000017" /><testcase classname="mimxrt595_evk_cm33:tests/subsys/mgmt/mcumgr/smp_version/mgmt.mcumgr.smp.version_no_legacy" name="tests/subsys/mgmt/mcumgr/smp_version/mgmt.mcumgr.smp.version_no_legacy" time="28133.43000000002" /><testcase classname="mimxrt595_evk_cm33:tests/subsys/portability/cmsis_rtos_v1/portability.cmsis_rtos_v1" name="tests/subsys/portability/cmsis_rtos_v1/portability.cmsis_rtos_v1" time="28156.04000000002" /><testcase classname="mimxrt595_evk_cm33:tests/subsys/portability/cmsis_rtos_v2/portability.cmsis_rtos_v2" name="tests/subsys/portability/cmsis_rtos_v2/portability.cmsis_rtos_v2" time="28171.45000000002" /><testcase classname="mimxrt595_evk_cm33:tests/subsys/zbus/integration/message_bus.zbus.module_interaction_no_error" name="tests/subsys/zbus/integration/message_bus.zbus.module_interaction_no_error" time="28189.72000000002" /><testcase classname="mimxrt595_evk_cm33:tests/subsys/zbus/user_data/message_bus.zbus.user_data.channel_user_data" name="tests/subsys/zbus/user_data/message_bus.zbus.user_data.channel_user_data" time="28199.37000000002" /><testcase classname="mimxrt595_evk_cm33:tests/subsys/zbus/runtime_observers_registration/message_bus.zbus.runtime_obs_reg.add_and_remove_observers" name="tests/subsys/zbus/runtime_observers_registration/message_bus.zbus.runtime_obs_reg.add_and_remove_observers" time="28209.020000000022" /><testcase classname="mimxrt595_evk_cm33:tests/subsys/zbus/dyn_channel/message_bus.zbus.dyn_channel.static_and_dynamic_channels" name="tests/subsys/zbus/dyn_channel/message_bus.zbus.dyn_channel.static_and_dynamic_channels" time="28219.580000000024" /><testcase classname="mimxrt595_evk_cm33:tests/subsys/zbus/unittests/message_bus.zbus.hard_and_readonly_channels" name="tests/subsys/zbus/unittests/message_bus.zbus.hard_and_readonly_channels" time="28239.220000000023" /><testcase classname="mimxrt595_evk_cm33:tests/subsys/shell/shell/shell.core" name="tests/subsys/shell/shell/shell.core" time="28252.580000000024" /><testcase classname="mimxrt595_evk_cm33:tests/subsys/shell/shell_history/shell.history" name="tests/subsys/shell/shell_history/shell.history" time="28265.360000000022" /><testcase classname="mimxrt595_evk_cm33:tests/subsys/ipc/pbuf/ipc.icmsg_pbuf" name="tests/subsys/ipc/pbuf/ipc.icmsg_pbuf" time="28306.860000000022" /><testcase classname="mimxrt595_evk_cm33:tests/subsys/input/api/input.api.thread" name="tests/subsys/input/api/input.api.thread" time="28312.940000000024" /><testcase classname="mimxrt595_evk_cm33:tests/subsys/input/api/input.api.synchronous" name="tests/subsys/input/api/input.api.synchronous" time="28322.600000000024" /><testcase classname="mimxrt595_evk_cm33:tests/subsys/pm/power_mgmt_soc/pm.soc" name="tests/subsys/pm/power_mgmt_soc/pm.soc" time="28336.360000000022" /><testcase classname="mimxrt595_evk_cm33:tests/subsys/pm/device_runtime_api/pm.device_runtime.api" name="tests/subsys/pm/device_runtime_api/pm.device_runtime.api" time="28346.420000000024" /><testcase classname="mimxrt595_evk_cm33:tests/subsys/rtio/rtio_api/rtio.api.userspace" name="tests/subsys/rtio/rtio_api/rtio.api.userspace" time="28363.030000000024" /><testcase classname="mimxrt595_evk_cm33:tests/subsys/rtio/rtio_api/rtio.api.userspace.submit_sem" name="tests/subsys/rtio/rtio_api/rtio.api.userspace.submit_sem" time="28376.370000000024" /><testcase classname="mimxrt595_evk_cm33:tests/subsys/dsp/basicmath/zdsp.basicmath" name="tests/subsys/dsp/basicmath/zdsp.basicmath" time="28399.600000000024" /><testcase classname="mimxrt595_evk_cm33:tests/subsys/dsp/basicmath/zdsp.basicmath.fpu" name="tests/subsys/dsp/basicmath/zdsp.basicmath.fpu" time="28423.660000000025" /><testcase classname="mimxrt595_evk_cm33:tests/subsys/dsp/print_format/zdsp.print_format" name="tests/subsys/dsp/print_format/zdsp.print_format" time="28434.760000000024" /><testcase classname="mimxrt595_evk_cm33:tests/subsys/llext/llext.simple.arm" name="tests/subsys/llext/llext.simple.arm" time="28444.300000000025" /><testcase classname="mimxrt595_evk_cm33:tests/subsys/logging/log_timestamp/logging.output.default_timestamp" name="tests/subsys/logging/log_timestamp/logging.output.default_timestamp" time="28453.200000000026" /><testcase classname="mimxrt595_evk_cm33:tests/subsys/logging/log_timestamp/logging.output.custom_timestamp" name="tests/subsys/logging/log_timestamp/logging.output.custom_timestamp" time="28461.240000000027" /><testcase classname="mimxrt595_evk_cm33:tests/subsys/logging/log_links/logging.log_links" name="tests/subsys/logging/log_links/logging.log_links" time="28470.23000000003" /><testcase classname="mimxrt595_evk_cm33:tests/subsys/logging/log_switch_format/logging.format.switch.deferred" name="tests/subsys/logging/log_switch_format/logging.format.switch.deferred" time="28482.670000000027" /><testcase classname="mimxrt595_evk_cm33:tests/subsys/logging/log_switch_format/logging.format.switch.immediate" name="tests/subsys/logging/log_switch_format/logging.format.switch.immediate" time="28492.700000000026" /><testcase classname="mimxrt595_evk_cm33:tests/subsys/logging/log_switch_format/logging.format.switch.custom_output" name="tests/subsys/logging/log_switch_format/logging.format.switch.custom_output" time="28506.500000000025" /><testcase classname="mimxrt595_evk_cm33:tests/subsys/logging/log_custom_header/logging.log_custom_header" name="tests/subsys/logging/log_custom_header/logging.log_custom_header" time="28515.130000000026" /><testcase classname="mimxrt595_evk_cm33:tests/subsys/logging/log_syst/logging.mipi_syst" name="tests/subsys/logging/log_syst/logging.mipi_syst" time="28527.370000000028" /><testcase classname="mimxrt595_evk_cm33:tests/subsys/logging/log_syst/logging.mipi_syst.text" name="tests/subsys/logging/log_syst/logging.mipi_syst.text" time="28532.43000000003" /><testcase classname="mimxrt595_evk_cm33:tests/subsys/logging/log_core_additional/logging.async" name="tests/subsys/logging/log_core_additional/logging.async" time="28541.63000000003" /><testcase classname="mimxrt595_evk_cm33:tests/subsys/logging/log_core_additional/logging.sync" name="tests/subsys/logging/log_core_additional/logging.sync" time="28549.84000000003" /><testcase classname="mimxrt595_evk_cm33:tests/subsys/logging/log_benchmark/logging.benchmark" name="tests/subsys/logging/log_benchmark/logging.benchmark" time="28558.030000000028" /><testcase classname="mimxrt595_evk_cm33:tests/subsys/logging/log_benchmark/logging.benchmark_speed" name="tests/subsys/logging/log_benchmark/logging.benchmark_speed" time="28566.21000000003" /><testcase classname="mimxrt595_evk_cm33:tests/subsys/logging/log_backend_uart/logging.backend.uart.single" name="tests/subsys/logging/log_backend_uart/logging.backend.uart.single" time="28575.370000000028" /><testcase classname="mimxrt595_evk_cm33:tests/subsys/logging/log_backend_uart/logging.backend.uart.multi" name="tests/subsys/logging/log_backend_uart/logging.backend.uart.multi" time="28591.990000000027" /><testcase classname="mimxrt595_evk_cm33:tests/subsys/logging/log_link_order/logging.log_link_order" name="tests/subsys/logging/log_link_order/logging.log_link_order" time="28605.030000000028" /><testcase classname="mimxrt595_evk_cm33:tests/subsys/logging/log_backend_init/logging.backend.initialization" name="tests/subsys/logging/log_backend_init/logging.backend.initialization" time="28613.05000000003" /><testcase classname="mimxrt595_evk_cm33:tests/subsys/logging/log_immediate/logging.immediate" name="tests/subsys/logging/log_immediate/logging.immediate" time="28625.23000000003" /><testcase classname="mimxrt595_evk_cm33:tests/subsys/logging/log_immediate/logging.immediate.clean_output" name="tests/subsys/logging/log_immediate/logging.immediate.clean_output" time="28633.350000000028" /><testcase classname="mimxrt595_evk_cm33:tests/subsys/logging/log_cache/logging.cache" name="tests/subsys/logging/log_cache/logging.cache" time="28640.970000000027" /><testcase classname="mimxrt595_evk_cm33:tests/subsys/logging/log_output/logging.output" name="tests/subsys/logging/log_output/logging.output" time="28647.810000000027" /><testcase classname="mimxrt595_evk_cm33:tests/subsys/logging/log_output/logging.output.ts64" name="tests/subsys/logging/log_output/logging.output.ts64" time="28656.490000000027" /><testcase classname="mimxrt595_evk_cm33:tests/subsys/logging/log_output/logging.output.thread_id" name="tests/subsys/logging/log_output/logging.output.thread_id" time="28665.970000000027" /><testcase classname="mimxrt595_evk_cm33:tests/subsys/fs/fs_api/filesystem.api" name="tests/subsys/fs/fs_api/filesystem.api" time="28676.440000000028" /><testcase classname="mimxrt595_evk_cm33:tests/subsys/fs/fat_fs_api/filesystem.fat.api.mmc" name="tests/subsys/fs/fat_fs_api/filesystem.fat.api.mmc" time="29284.96000000003"><failure type="failure" message="Timeout">*** Booting Zephyr OS build zephyr-v3.5.0-2927-g03b702690ae7 ***
Running TESTSUITE fat_fs_basic
===================================================================
E: fs not mounted (mp == 0x30180fe4)
</failure></testcase><testcase classname="mimxrt595_evk_cm33:tests/subsys/debug/coredump_backends/debug.coredump.backends.logging" name="tests/subsys/debug/coredump_backends/debug.coredump.backends.logging" time="29293.70000000003" /><testcase classname="mimxrt595_evk_cm33:tests/subsys/debug/coredump_backends/debug.coredump.backends.other" name="tests/subsys/debug/coredump_backends/debug.coredump.backends.other" time="29303.02000000003" /><testcase classname="mimxrt595_evk_cm33:tests/subsys/debug/coredump/debug.coredump.logging_backend" name="tests/subsys/debug/coredump/debug.coredump.logging_backend" time="29308.38000000003" /><testcase classname="mimxrt595_evk_cm33:tests/subsys/usb/device/usb.device" name="tests/subsys/usb/device/usb.device" time="29317.07000000003"><failure type="failure" message="Failed">D: __usb_descriptor_start 0x30180f54
D: __usb_descriptor_end 0x30180fc5
D: Device descriptor 0x30180f54
D: Set bMaxPacketSize0 64
D: Configuration descriptor 0x30180f66
D: Interface descriptor 0x30180f6f
D: Endpoint descriptor 0x30180f78
D: Fixing EP address 81 -&gt; 81
D: endpoint 0x81
D: Now the wTotalLength is 25
D: idx_max 11, ascii_idx_max 5, buf 0x30180f85
D: char R : 52, idx 5 -&gt; 11
D: char Y : 59, idx 4 -&gt; 9
D: char H : 48, idx 3 -&gt; 7
D: char P : 50, idx 2 -&gt; 5
D: char E : 45, idx 1 -&gt; 3
D: char Z : 5a, idx 0 -&gt; 1
D: idx_max 13, ascii_idx_max 6, buf 0x30180f93
D: char V : 56, idx 6 -&gt; 13
D: char E : 45, idx 5 -&gt; 11
D: char D : 44, idx 4 -&gt; 9
D: char - : 2d, idx 3 -&gt; 7
D: char B : 42, idx 2 -&gt; 5
D: char S : 53, idx 1 -&gt; 3
D: char U : 55, idx 0 -&gt; 1
D: Serial Number
D: 5f c6 e2 86 ab 82 91 3a |_......:
D: idx_max 31, ascii_idx_max 15, buf 0x30180fa3
D: char A : 41, idx 15 -&gt; 31
D: char 3 : 33, idx 14 -&gt; 29
D: char 1 : 31, idx 13 -&gt; 27
D: char 9 : 39, idx 12 -&gt; 25
D: char 2 : 32, idx 11 -&gt; 23
D: char 8 : 38, idx 10 -&gt; 21
D: char B : 42, idx 9 -&gt; 19
D: char A : 41, idx 8 -&gt; 17
D: char 6 : 36, idx 7 -&gt; 15
D: char 8 : 38, idx 6 -&gt; 13
D: char 2 : 32, idx 5 -&gt; 11
D: char E : 45, idx 4 -&gt; 9
D: char 6 : 36, idx 3 -&gt; 7
D: char C : 43, idx 2 -&gt; 5
D: char F : 46, idx 1 -&gt; 3
D: char 5 : 35, idx 0 -&gt; 1
*** Booting Zephyr OS build zephyr-v3.5.0-2927-g03b702690ae7 ***
Running TESTSUITE device_usb
===================================================================
D: lock usb_enable_lock mutex
D: Attached
D: set cb, ep: 0x81
D: unlock usb_enable_lock mutex
START - test_usb_dc_api
PASS - test_usb_dc_api in 0.001 seconds
===================================================================
START - test_usb_dc_api_invalid
E: Wrong endpoint index/address
E: Wrong endpoint index/address
E: Wrong endpoint index/address
E: Wrong endpoint index/address
E: Wrong endpoint index/address
E: Wrong endpoint index/address
E: Wrong endpoint index/address
E: Wrong endpoint index/address
E: Wrong endpoint index/address
E: Endpoint is occupied by the controller
E: Endpoint is occupied by the controller
E: Wrong endpoint index/address/direction
E: Wrong endpoint index/address
PASS - test_usb_dc_api_invalid in 0.041 seconds
===================================================================
START - test_usb_dc_api_read_write
E: Endpoint is occupied by the controller
E: Wrong endpoint index/address
PASS - test_usb_dc_api_read_write in 0.007 seconds
===================================================================
START - test_usb_deconfig
PASS - test_usb_deconfig in 0.001 seconds
===================================================================
START - test_usb_disable
Assertion failed at WEST_TOPDIR/zephyr/tests/subsys/usb/device/src/main.c:96: device_usb_test_usb_disable: (usb_disable() not equal to TC_PASS)
usb_disable() failed
FAIL - test_usb_disable in 0.016 seconds
===================================================================
TESTSUITE device_usb failed.
------ TESTSUITE SUMMARY START ------
SUITE FAIL -  80.00% [device_usb]: pass = 4, fail = 1, skip = 0, total = 5 duration = 0.066 seconds
- PASS - [device_usb.test_usb_dc_api] duration = 0.001 seconds
- PASS - [device_usb.test_usb_dc_api_invalid] duration = 0.041 seconds
- PASS - [device_usb.test_usb_dc_api_read_write] duration = 0.007 seconds
- PASS - [device_usb.test_usb_deconfig] duration = 0.001 seconds
- FAIL - [device_usb.test_usb_disable] duration = 0.016 seconds
------ TESTSUITE SUMMARY END ------
===================================================================
RunID: 2c2597bedfdba059edf2d316998d111a
PROJECT EXECUTION FAILED
</failure></testcase><testcase classname="mimxrt595_evk_cm33:tests/subsys/usb/bos/usb.bos" name="tests/subsys/usb/bos/usb.bos" time="29320.93000000003" /><testcase classname="mimxrt595_evk_cm33:tests/subsys/usb/desc_sections/usb.desc_sections" name="tests/subsys/usb/desc_sections/usb.desc_sections" time="29325.08000000003" /><testcase classname="mimxrt595_evk_cm33:tests/subsys/jwt/libraries.encoding.jwt" name="tests/subsys/jwt/libraries.encoding.jwt" time="29329.69000000003" /><testcase classname="mimxrt595_evk_cm33:tests/subsys/sd/mmc/sd.mmc" name="tests/subsys/sd/mmc/sd.mmc" time="29933.33000000003"><failure type="failure" message="Timeout">*** Booting Zephyr OS build zephyr-v3.5.0-2927-g03b702690ae7 ***
Running TESTSUITE sd_stack
===================================================================
START - test_0_init
</failure></testcase><testcase classname="mimxrt595_evk_cm33:tests/lib/newlib/heap_listener/libraries.libc.newlib.heap_listener" name="tests/lib/newlib/heap_listener/libraries.libc.newlib.heap_listener" time="29939.47000000003" /><testcase classname="mimxrt595_evk_cm33:tests/lib/newlib/thread_safety/libraries.libc.newlib.thread_safety" name="tests/lib/newlib/thread_safety/libraries.libc.newlib.thread_safety" time="29943.82000000003" /><testcase classname="mimxrt595_evk_cm33:tests/lib/newlib/thread_safety/libraries.libc.newlib.thread_safety.stress" name="tests/lib/newlib/thread_safety/libraries.libc.newlib.thread_safety.stress" time="30548.64000000003"><failure type="failure" message="Timeout">=============================================================
============================================ART - test_malloc_lock
PASS - test_malloc_lock in 0.001 seconds
===================================================================
START - test_retargetable_lock_mutex
SS - test_retargetable_lock_mutex in 0.001 seconds
===================================================================
START - test_retargetable_lock_sem
PASS - test_retargetable_lock_sem in 0.001 seconds
==ART - test_sfp_lkASS - test_sfp_lock in 0.001 seconds
===================================================================
START - test_sinit_lock
nit_lock in 0.001 seconds
===================================================================
ST===========================
TEte_aftycs sucdednning TESTSUITE newlib_thread_safety_stress
===================================================================
START - test_malloc_thread_safety
Created 64 worker threads.
SUITE newlib_thread_saftyress succeeded
--
STE PA.00% eib_thd_e_lks]ss  7il=  sk0 total = 7 duratn =07 ecnd - PASS - [nelibtheasafety_lot__ckduron 0.01c - PASS - [newlib_thread_safety_locks.test_malloc_lock] duration = 0.001d
wlib_tad_afy_ks.st_retargab_lock_] urio=0.01cos - PASS - [newlib_thread_sfergble_lock_sem] durato= 0.001 seconds
s
SUITE PASS - 100.00% [newli_tre: ssfail = 0, sp 0, total = 1 duraon  30.01 - PASS - [newlib_thread_safe_strllthread_safety] duraon= 30010 seconds
--ESTARYE
================================================
Running TESTSUITE dma_m2m_link
=================================================================
START - test_dma_m2m_chan0_1_major_link
Preparing DMA Controller: Chan_ID=1, BURST_LEN=1
Starting the transfer
DAtnfrdn h 
is.....It is harder to be kind th beise...
nD Controller: Chan_ID=1, BURS_LEN=1
DMA transfer done ch 1
rdertob kind than to be wise........
It is harder to be kind than to be wie.... PASS - test_dma_m2m_chan0_1_minor_link in 2.020 seconds
=========================================================
START - test_dma_m2m_chan0_1_minor_major_link
Preparing DMA Controller: Chan_ID=1, BURST_LEN=1
Starting the transfer
DMA transfer doIt is harder to be kind than to be .It is harder to be kind than to be wise........
PASS - test_dma_m2m_chan0_1_minor_major_lin2.0 ecs===================================TESTSUITE dma_m2m_link succeeded
---ITE SUMM---
SUITE PASS - 100.00% [dmam2m_link]: ps= l = 0, skip 0, total n  6.060 se - PASS - [dma_m2m_link.test_dma_m2m_chan0_1_major_link] duration = 2.020 seconds
- PASS - [dma_m2m_liest_dma_m2m_n0_minati= 020 seconds
ds
------ TESTSUTEUMRY
=========================================
*** Booting Zephyr OS build zephyr-v3.5.0-1511-gb77e20363a **
r tommr rthe dma channel
Starting the transfer on channel 0 and waing f1 sndEach RX buffer should contain the full TX buffer string.
X data Loop 0
RX data Loop 1
RX data Loop 2
RX data Loop 3
Finished DMA: dma-controller@104000
PASS - test_test_dma0_m2m_loop in 0.284 seconds
===================================================================
Preparing DMA Controller
nel
o3
DMA memory to memory transfer started
Preparing DMA Controller: dma-conroller@104000
this platform do not support the dma channel
Starting the transfer on channel 0 and waiting for 1 second
suspend not supported
PASS - test_test_dma0_m2m_loop_suspend_resume in 0.021 seconds
==================================================================
TESTSUITE dmam2m_loop succeeded
------ TESTSUITE SUMMARY START ------
duration = 0.585 seconds
- PASS - [dma_m2m_loop.test_test_dma0_m2m_loop] duration = 0.284 seconds
- PASS - [dma_m2m_loop.test_test_a0_m2m_loop_repeated_start_stop] duration = 0.280 seconds
</failure></testcase><testcase classname="mimxrt595_evk_cm33:tests/lib/newlib/thread_safety/libraries.libc.newlib.thread_safety.userspace" name="tests/lib/newlib/thread_safety/libraries.libc.newlib.thread_safety.userspace" time="30557.280000000028" /><testcase classname="mimxrt595_evk_cm33:tests/lib/newlib/thread_safety/libraries.libc.newlib.thread_safety.userspace.stress" name="tests/lib/newlib/thread_safety/libraries.libc.newlib.thread_safety.userspace.stress" time="31320.07000000003"><failure type="failure" message="Testsuite mismatch">*** Booting Zephyr OS build zephyr-v3.5.0-2927-g03b702690ae7 ***
E: no free partition slots available
Running TESTSUITE newlib_thread_safety_locks
===================================================================
START - test_env_lock
PASS - test_env_lock in 0.001 seconds
===================================================================
START - test_malloc_lock
PASS - test_malloc_lock in 0.001 seconds
===================================================================
START - test_retargetable_lock_mutex
PASS - test_retargetable_lock_mutex in 0.001 seconds
===================================================================
START - test_retargetable_lock_sem
PASS - test_retargetable_lock_sem in 0.001 seconds
===================================================================
START - test_sfp_lock
PASS - test_sfp_lock in 0.001 seconds
===================================================================
START - test_sinit_lock
PASS - test_sinit_lock in 0.001 seconds
===================================================================
START - test_tz_lock
PASS - test_tz_lock in 0.001 seconds
===================================================================
TESTSUITE newlib_thread_safety_locks succeeded
Running TESTSUITE newlib_thread_safety_stress
===================================================================
START - test_malloc_thread_safety
Created 64 worker threads.
Waiting 30 seconds to see if any failures occur ...
E: ***** MPU FAULT *****
E:   Data Access Violation
E:   MMFAR Address: 0x301a0f04
E: r0/a1:  0x00000020  r1/a2:  0x00000100  r2/a3:  0x00000020
E: r3/a4:  0x00000101 r12/ip:  0x00000002 r14/lr:  0x1800eba5
E:  xpsr:  0x61000000
E: Faulting instruction address (r15/pc): 0x1800e9ae
E: &gt;&gt;&gt; ZEPHYR FATAL ERROR 0: CPU exception on CPU 0
E: Current thread: 0x301817d8 (unknown)
E: Halting system
*** Booting Zephyr OS buid zphyr-v3.5.0-1511-gb77e203603a0 ***
Running TESTSUITE dma_m2m
m0_m2m_chan0_burst16
=2
fr done
adrt ekn han to be wise........
PASS - test_test_dma0_m2m_chan0_burst16 in 2.015 seconds
START - test_test_dma0_m2m_chan0_burst8
Preparing DMACntroller: Name=dma-controller@104000, Chan_ID=0, BURST_LEN=1
Starting the transfer
wise........
=============================
START - test_test_dma0_m2m_chan1_burst16
Preparing DMA Controller: Name=dma-controller@104000, Chan_ID=1, BURST_LEN2Starting the transfer
DMA transfer de
It is harder to be kind than to be wise........
PASS - test_test_ma0_m2m_chan1_burst16 in 2.015 seconds
===================================================================
START - test_test_dma0_m2m_chan1_burst8
It is harder to be kind than to be wise........
PASS - test_test_dma0_m2m_chan1_burst8 in 2.015 seconds
SUITE PASS - 100.00% [dma_m2m]: pass = 4, fail = 0, skip = 0,total = 4 duration = 8.060 seconds
------ TESTSUITE SUMMARY END ------
5549dd55be864bdc9ePROJECT EXECUTION SUCCESSFUL
</failure></testcase><testcase classname="mimxrt595_evk_cm33:tests/lib/newlib/thread_safety/libraries.libc.newlib_nano.thread_safety" name="tests/lib/newlib/thread_safety/libraries.libc.newlib_nano.thread_safety" time="31327.15000000003" /><testcase classname="mimxrt595_evk_cm33:tests/lib/newlib/thread_safety/libraries.libc.newlib_nano.thread_safety.stress" name="tests/lib/newlib/thread_safety/libraries.libc.newlib_nano.thread_safety.stress" time="31362.13000000003" /><testcase classname="mimxrt595_evk_cm33:tests/lib/newlib/thread_safety/libraries.libc.newlib_nano.thread_safety.userspace" name="tests/lib/newlib/thread_safety/libraries.libc.newlib_nano.thread_safety.userspace" time="31362.13000000003"><skipped type="untested" message="No results captured, testsuite misconfiguration?" /></testcase><testcase classname="mimxrt595_evk_cm33:tests/lib/newlib/thread_safety/libraries.libc.newlib_nano.thread_safety.userspace.stress" name="tests/lib/newlib/thread_safety/libraries.libc.newlib_nano.thread_safety.userspace.stress" time="32571.47000000003"><failure type="failure" message="Timeout">*** Booting Zephyr OS build zephyr-v3.5.0-2927-g03b702690ae7 ***
E: no free partition slots available
Running TESTSUITE newlib_thread_safety_locks
===================================================================
START - test_env_lock
PASS - test_env_lock in 0.001 seconds
===================================================================
START - test_malloc_lock
PASS - test_malloc_lock in 0.001 seconds
===================================================================
START - test_retargetable_lock_mutex
PASS - test_retargetable_lock_mutex in 0.001 seconds
===================================================================
START - test_retargetable_lock_sem
PASS - test_retargetable_lock_sem in 0.001 seconds
===================================================================
START - test_sfp_lock
PASS - test_sfp_lock in 0.001 seconds
===================================================================
START - test_sinit_lock
PASS - test_sinit_lock in 0.001 seconds
===================================================================
START - test_tz_lock
PASS - test_tz_lock in 0.001 seconds
===================================================================
TESTSUITE newlib_thread_safety_locks succeeded
Running TESTSUITE newlib_thread_safety_stress
===================================================================
START - test_malloc_thread_safety
Created 64 worker threads.
Waiting 30 seconds to see if any failures occur ...
E: ***** MPU FAULT *****
E:   Data Access Violation
E:   MMFAR Address: 0x301a0720
E: r0/a1:  0x301a0720  r1/a2:  0x301a0720  r2/a3:  0x0000000c
E: r3/a4:  0x301a0721 r12/ip:  0x1800f431 r14/lr:  0x1800e8dd
E:  xpsr:  0x61000000
E: Faulting instruction address (r15/pc): 0x1800e3c8
E: &gt;&gt;&gt; ZEPHYR FATAL ERROR 0: CPU exception on CPU 0
E: Current thread: 0x30180ff8 (unknown)
E: Halting system
</failure></testcase><testcase classname="mimxrt595_evk_cm33:tests/lib/cbprintf_fp/libraries.cbprintf.fp.printk" name="tests/lib/cbprintf_fp/libraries.cbprintf.fp.printk" time="32579.07000000003" /><testcase classname="mimxrt595_evk_cm33:tests/lib/cbprintf_fp/libraries.cbprintf.fp.printf" name="tests/lib/cbprintf_fp/libraries.cbprintf.fp.printf" time="32588.00000000003" /><testcase classname="mimxrt595_evk_cm33:tests/lib/cbprintf_fp/libraries.cbprintf.fp.printf_nl" name="tests/lib/cbprintf_fp/libraries.cbprintf.fp.printf_nl" time="32595.170000000027" /><testcase classname="mimxrt595_evk_cm33:tests/lib/cbprintf_fp/libraries.cbprintf.fp.printfcb" name="tests/lib/cbprintf_fp/libraries.cbprintf.fp.printfcb" time="32604.00000000003" /><testcase classname="mimxrt595_evk_cm33:tests/lib/cbprintf_fp/libraries.cbprintf.fp.printfcb_nl" name="tests/lib/cbprintf_fp/libraries.cbprintf.fp.printfcb_nl" time="32617.350000000028" /><testcase classname="mimxrt595_evk_cm33:tests/lib/cbprintf_fp/libraries.cbprintf.fp.fprintf" name="tests/lib/cbprintf_fp/libraries.cbprintf.fp.fprintf" time="32627.240000000027" /><testcase classname="mimxrt595_evk_cm33:tests/lib/cbprintf_fp/libraries.cbprintf.fp.fprintfcb" name="tests/lib/cbprintf_fp/libraries.cbprintf.fp.fprintfcb" time="32639.170000000027" /><testcase classname="mimxrt595_evk_cm33:tests/lib/cbprintf_fp/libraries.cbprintf.fp.printf.picolibc" name="tests/lib/cbprintf_fp/libraries.cbprintf.fp.printf.picolibc" time="32653.450000000026" /><testcase classname="mimxrt595_evk_cm33:tests/lib/cbprintf_fp/libraries.cbprintf.fp.printfcb.picolibc" name="tests/lib/cbprintf_fp/libraries.cbprintf.fp.printfcb.picolibc" time="32667.180000000026" /><testcase classname="mimxrt595_evk_cm33:tests/lib/heap/libraries.heap" name="tests/lib/heap/libraries.heap" time="32700.750000000025" /><testcase classname="mimxrt595_evk_cm33:tests/lib/notify/libraries.data_structures" name="tests/lib/notify/libraries.data_structures" time="32709.850000000024" /><testcase classname="mimxrt595_evk_cm33:tests/lib/mem_blocks_stats/libraries.mem_blocks.stats" name="tests/lib/mem_blocks_stats/libraries.mem_blocks.stats" time="32722.650000000023" /><testcase classname="mimxrt595_evk_cm33:tests/lib/mem_blocks/libraries.mem_blocks" name="tests/lib/mem_blocks/libraries.mem_blocks" time="32732.940000000024" /><testcase classname="mimxrt595_evk_cm33:tests/lib/mem_alloc/libraries.libc.minimal.mem_alloc" name="tests/lib/mem_alloc/libraries.libc.minimal.mem_alloc" time="32740.530000000024" /><testcase classname="mimxrt595_evk_cm33:tests/lib/mem_alloc/libraries.libc.minimal.mem_alloc_negative_testing" name="tests/lib/mem_alloc/libraries.libc.minimal.mem_alloc_negative_testing" time="32746.850000000024" /><testcase classname="mimxrt595_evk_cm33:tests/lib/mem_alloc/libraries.libc.newlib.mem_alloc" name="tests/lib/mem_alloc/libraries.libc.newlib.mem_alloc" time="32754.870000000024" /><testcase classname="mimxrt595_evk_cm33:tests/lib/mem_alloc/libraries.libc.newlib_nano.mem_alloc" name="tests/lib/mem_alloc/libraries.libc.newlib_nano.mem_alloc" time="32764.390000000025" /><testcase classname="mimxrt595_evk_cm33:tests/lib/mem_alloc/libraries.libc.picolibc.mem_alloc" name="tests/lib/mem_alloc/libraries.libc.picolibc.mem_alloc" time="32772.06000000003" /><testcase classname="mimxrt595_evk_cm33:tests/lib/fdtable/libraries.fdtable" name="tests/lib/fdtable/libraries.fdtable" time="32784.08000000002" /><testcase classname="mimxrt595_evk_cm33:tests/lib/cmsis_dsp/statistics/libraries.cmsis_dsp.statistics" name="tests/lib/cmsis_dsp/statistics/libraries.cmsis_dsp.statistics" time="32802.36000000002" /><testcase classname="mimxrt595_evk_cm33:tests/lib/cmsis_dsp/statistics/libraries.cmsis_dsp.statistics.fpu" name="tests/lib/cmsis_dsp/statistics/libraries.cmsis_dsp.statistics.fpu" time="32819.61000000002" /><testcase classname="mimxrt595_evk_cm33:tests/lib/cmsis_dsp/svm/libraries.cmsis_dsp.svm" name="tests/lib/cmsis_dsp/svm/libraries.cmsis_dsp.svm" time="32833.730000000025" /><testcase classname="mimxrt595_evk_cm33:tests/lib/cmsis_dsp/svm/libraries.cmsis_dsp.svm.fpu" name="tests/lib/cmsis_dsp/svm/libraries.cmsis_dsp.svm.fpu" time="32845.83000000002" /><testcase classname="mimxrt595_evk_cm33:tests/lib/cmsis_dsp/interpolation/libraries.cmsis_dsp.interpolation" name="tests/lib/cmsis_dsp/interpolation/libraries.cmsis_dsp.interpolation" time="32856.75000000002" /><testcase classname="mimxrt595_evk_cm33:tests/lib/cmsis_dsp/interpolation/libraries.cmsis_dsp.interpolation.fpu" name="tests/lib/cmsis_dsp/interpolation/libraries.cmsis_dsp.interpolation.fpu" time="32866.10000000002" /><testcase classname="mimxrt595_evk_cm33:tests/lib/cmsis_dsp/bayes/libraries.cmsis_dsp.bayes" name="tests/lib/cmsis_dsp/bayes/libraries.cmsis_dsp.bayes" time="32875.62000000002" /><testcase classname="mimxrt595_evk_cm33:tests/lib/cmsis_dsp/bayes/libraries.cmsis_dsp.bayes.fpu" name="tests/lib/cmsis_dsp/bayes/libraries.cmsis_dsp.bayes.fpu" time="32886.790000000015" /><testcase classname="mimxrt595_evk_cm33:tests/lib/cmsis_dsp/filtering/libraries.cmsis_dsp.filtering.biquad" name="tests/lib/cmsis_dsp/filtering/libraries.cmsis_dsp.filtering.biquad" time="32895.76000000002" /><testcase classname="mimxrt595_evk_cm33:tests/lib/cmsis_dsp/filtering/libraries.cmsis_dsp.filtering.biquad.fpu" name="tests/lib/cmsis_dsp/filtering/libraries.cmsis_dsp.filtering.biquad.fpu" time="32905.03000000001" /><testcase classname="mimxrt595_evk_cm33:tests/lib/cmsis_dsp/filtering/libraries.cmsis_dsp.filtering.decim" name="tests/lib/cmsis_dsp/filtering/libraries.cmsis_dsp.filtering.decim" time="32915.900000000016" /><testcase classname="mimxrt595_evk_cm33:tests/lib/cmsis_dsp/filtering/libraries.cmsis_dsp.filtering.decim.fpu" name="tests/lib/cmsis_dsp/filtering/libraries.cmsis_dsp.filtering.decim.fpu" time="32925.35000000001" /><testcase classname="mimxrt595_evk_cm33:tests/lib/cmsis_dsp/filtering/libraries.cmsis_dsp.filtering.fir" name="tests/lib/cmsis_dsp/filtering/libraries.cmsis_dsp.filtering.fir" time="32933.38000000001" /><testcase classname="mimxrt595_evk_cm33:tests/lib/cmsis_dsp/filtering/libraries.cmsis_dsp.filtering.fir.fpu" name="tests/lib/cmsis_dsp/filtering/libraries.cmsis_dsp.filtering.fir.fpu" time="32943.570000000014" /><testcase classname="mimxrt595_evk_cm33:tests/lib/cmsis_dsp/filtering/libraries.cmsis_dsp.filtering.misc" name="tests/lib/cmsis_dsp/filtering/libraries.cmsis_dsp.filtering.misc" time="32961.73000000002" /><testcase classname="mimxrt595_evk_cm33:tests/lib/cmsis_dsp/filtering/libraries.cmsis_dsp.filtering.misc.fpu" name="tests/lib/cmsis_dsp/filtering/libraries.cmsis_dsp.filtering.misc.fpu" time="32979.750000000015" /><testcase classname="mimxrt595_evk_cm33:tests/lib/cmsis_dsp/complexmath/libraries.cmsis_dsp.complexmath" name="tests/lib/cmsis_dsp/complexmath/libraries.cmsis_dsp.complexmath" time="32991.000000000015" /><testcase classname="mimxrt595_evk_cm33:tests/lib/cmsis_dsp/complexmath/libraries.cmsis_dsp.complexmath.fpu" name="tests/lib/cmsis_dsp/complexmath/libraries.cmsis_dsp.complexmath.fpu" time="33006.03000000001" /><testcase classname="mimxrt595_evk_cm33:tests/lib/cmsis_dsp/fastmath/libraries.cmsis_dsp.fastmath" name="tests/lib/cmsis_dsp/fastmath/libraries.cmsis_dsp.fastmath" time="33016.580000000016" /><testcase classname="mimxrt595_evk_cm33:tests/lib/cmsis_dsp/fastmath/libraries.cmsis_dsp.fastmath.fpu" name="tests/lib/cmsis_dsp/fastmath/libraries.cmsis_dsp.fastmath.fpu" time="33025.17000000001" /><testcase classname="mimxrt595_evk_cm33:tests/lib/cmsis_dsp/matrix/libraries.cmsis_dsp.matrix.unary_q7" name="tests/lib/cmsis_dsp/matrix/libraries.cmsis_dsp.matrix.unary_q7" time="33035.570000000014" /><testcase classname="mimxrt595_evk_cm33:tests/lib/cmsis_dsp/matrix/libraries.cmsis_dsp.matrix.unary_q7.fpu" name="tests/lib/cmsis_dsp/matrix/libraries.cmsis_dsp.matrix.unary_q7.fpu" time="33048.37000000002" /><testcase classname="mimxrt595_evk_cm33:tests/lib/cmsis_dsp/matrix/libraries.cmsis_dsp.matrix.unary_q15" name="tests/lib/cmsis_dsp/matrix/libraries.cmsis_dsp.matrix.unary_q15" time="33060.06000000002" /><testcase classname="mimxrt595_evk_cm33:tests/lib/cmsis_dsp/matrix/libraries.cmsis_dsp.matrix.unary_q15.fpu" name="tests/lib/cmsis_dsp/matrix/libraries.cmsis_dsp.matrix.unary_q15.fpu" time="33073.400000000016" /><testcase classname="mimxrt595_evk_cm33:tests/lib/cmsis_dsp/matrix/libraries.cmsis_dsp.matrix.unary_q31" name="tests/lib/cmsis_dsp/matrix/libraries.cmsis_dsp.matrix.unary_q31" time="33087.20000000002" /><testcase classname="mimxrt595_evk_cm33:tests/lib/cmsis_dsp/matrix/libraries.cmsis_dsp.matrix.unary_q31.fpu" name="tests/lib/cmsis_dsp/matrix/libraries.cmsis_dsp.matrix.unary_q31.fpu" time="33099.970000000016" /><testcase classname="mimxrt595_evk_cm33:tests/lib/cmsis_dsp/matrix/libraries.cmsis_dsp.matrix.unary_f16" name="tests/lib/cmsis_dsp/matrix/libraries.cmsis_dsp.matrix.unary_f16" time="33111.970000000016" /><testcase classname="mimxrt595_evk_cm33:tests/lib/cmsis_dsp/matrix/libraries.cmsis_dsp.matrix.unary_f16.fpu" name="tests/lib/cmsis_dsp/matrix/libraries.cmsis_dsp.matrix.unary_f16.fpu" time="33124.49000000001" /><testcase classname="mimxrt595_evk_cm33:tests/lib/cmsis_dsp/matrix/libraries.cmsis_dsp.matrix.unary_f32" name="tests/lib/cmsis_dsp/matrix/libraries.cmsis_dsp.matrix.unary_f32" time="33139.63000000001" /><testcase classname="mimxrt595_evk_cm33:tests/lib/cmsis_dsp/matrix/libraries.cmsis_dsp.matrix.unary_f32.fpu" name="tests/lib/cmsis_dsp/matrix/libraries.cmsis_dsp.matrix.unary_f32.fpu" time="33151.790000000015" /><testcase classname="mimxrt595_evk_cm33:tests/lib/cmsis_dsp/matrix/libraries.cmsis_dsp.matrix.unary_f64" name="tests/lib/cmsis_dsp/matrix/libraries.cmsis_dsp.matrix.unary_f64" time="33166.860000000015" /><testcase classname="mimxrt595_evk_cm33:tests/lib/cmsis_dsp/matrix/libraries.cmsis_dsp.matrix.unary_f64.fpu" name="tests/lib/cmsis_dsp/matrix/libraries.cmsis_dsp.matrix.unary_f64.fpu" time="33178.52000000002" /><testcase classname="mimxrt595_evk_cm33:tests/lib/cmsis_dsp/matrix/libraries.cmsis_dsp.matrix.binary_q7" name="tests/lib/cmsis_dsp/matrix/libraries.cmsis_dsp.matrix.binary_q7" time="33189.610000000015" /><testcase classname="mimxrt595_evk_cm33:tests/lib/cmsis_dsp/matrix/libraries.cmsis_dsp.matrix.binary_q7.fpu" name="tests/lib/cmsis_dsp/matrix/libraries.cmsis_dsp.matrix.binary_q7.fpu" time="33203.110000000015" /><testcase classname="mimxrt595_evk_cm33:tests/lib/cmsis_dsp/matrix/libraries.cmsis_dsp.matrix.binary_q15" name="tests/lib/cmsis_dsp/matrix/libraries.cmsis_dsp.matrix.binary_q15" time="33217.570000000014" /><testcase classname="mimxrt595_evk_cm33:tests/lib/cmsis_dsp/matrix/libraries.cmsis_dsp.matrix.binary_q15.fpu" name="tests/lib/cmsis_dsp/matrix/libraries.cmsis_dsp.matrix.binary_q15.fpu" time="33230.790000000015" /><testcase classname="mimxrt595_evk_cm33:tests/lib/cmsis_dsp/matrix/libraries.cmsis_dsp.matrix.binary_q31" name="tests/lib/cmsis_dsp/matrix/libraries.cmsis_dsp.matrix.binary_q31" time="33245.06000000001" /><testcase classname="mimxrt595_evk_cm33:tests/lib/cmsis_dsp/matrix/libraries.cmsis_dsp.matrix.binary_q31.fpu" name="tests/lib/cmsis_dsp/matrix/libraries.cmsis_dsp.matrix.binary_q31.fpu" time="33259.88000000001" /><testcase classname="mimxrt595_evk_cm33:tests/lib/cmsis_dsp/matrix/libraries.cmsis_dsp.matrix.binary_f16" name="tests/lib/cmsis_dsp/matrix/libraries.cmsis_dsp.matrix.binary_f16" time="33274.430000000015" /><testcase classname="mimxrt595_evk_cm33:tests/lib/cmsis_dsp/matrix/libraries.cmsis_dsp.matrix.binary_f16.fpu" name="tests/lib/cmsis_dsp/matrix/libraries.cmsis_dsp.matrix.binary_f16.fpu" time="33291.610000000015" /><testcase classname="mimxrt595_evk_cm33:tests/lib/cmsis_dsp/matrix/libraries.cmsis_dsp.matrix.binary_f32" name="tests/lib/cmsis_dsp/matrix/libraries.cmsis_dsp.matrix.binary_f32" time="33307.30000000002" /><testcase classname="mimxrt595_evk_cm33:tests/lib/cmsis_dsp/matrix/libraries.cmsis_dsp.matrix.binary_f32.fpu" name="tests/lib/cmsis_dsp/matrix/libraries.cmsis_dsp.matrix.binary_f32.fpu" time="33322.05000000002" /><testcase classname="mimxrt595_evk_cm33:tests/lib/cmsis_dsp/matrix/libraries.cmsis_dsp.matrix.binary_f64" name="tests/lib/cmsis_dsp/matrix/libraries.cmsis_dsp.matrix.binary_f64" time="33337.31000000002" /><testcase classname="mimxrt595_evk_cm33:tests/lib/cmsis_dsp/matrix/libraries.cmsis_dsp.matrix.binary_f64.fpu" name="tests/lib/cmsis_dsp/matrix/libraries.cmsis_dsp.matrix.binary_f64.fpu" time="33354.02000000002" /><testcase classname="mimxrt595_evk_cm33:tests/lib/cmsis_dsp/transform/libraries.cmsis_dsp.transform.cq15" name="tests/lib/cmsis_dsp/transform/libraries.cmsis_dsp.transform.cq15" time="33370.41000000002" /><testcase classname="mimxrt595_evk_cm33:tests/lib/cmsis_dsp/transform/libraries.cmsis_dsp.transform.cq15.fpu" name="tests/lib/cmsis_dsp/transform/libraries.cmsis_dsp.transform.cq15.fpu" time="33386.30000000002" /><testcase classname="mimxrt595_evk_cm33:tests/lib/cmsis_dsp/transform/libraries.cmsis_dsp.transform.rq15" name="tests/lib/cmsis_dsp/transform/libraries.cmsis_dsp.transform.rq15" time="33399.80000000002" /><testcase classname="mimxrt595_evk_cm33:tests/lib/cmsis_dsp/transform/libraries.cmsis_dsp.transform.rq15.fpu" name="tests/lib/cmsis_dsp/transform/libraries.cmsis_dsp.transform.rq15.fpu" time="33412.080000000016" /><testcase classname="mimxrt595_evk_cm33:tests/lib/cmsis_dsp/transform/libraries.cmsis_dsp.transform.cq31" name="tests/lib/cmsis_dsp/transform/libraries.cmsis_dsp.transform.cq31" time="33426.820000000014" /><testcase classname="mimxrt595_evk_cm33:tests/lib/cmsis_dsp/transform/libraries.cmsis_dsp.transform.cq31.fpu" name="tests/lib/cmsis_dsp/transform/libraries.cmsis_dsp.transform.cq31.fpu" time="33440.59000000001" /><testcase classname="mimxrt595_evk_cm33:tests/lib/cmsis_dsp/transform/libraries.cmsis_dsp.transform.rq31" name="tests/lib/cmsis_dsp/transform/libraries.cmsis_dsp.transform.rq31" time="33461.18000000001" /><testcase classname="mimxrt595_evk_cm33:tests/lib/cmsis_dsp/transform/libraries.cmsis_dsp.transform.rq31.fpu" name="tests/lib/cmsis_dsp/transform/libraries.cmsis_dsp.transform.rq31.fpu" time="33480.71000000001" /><testcase classname="mimxrt595_evk_cm33:tests/lib/cmsis_dsp/transform/libraries.cmsis_dsp.transform.cf32" name="tests/lib/cmsis_dsp/transform/libraries.cmsis_dsp.transform.cf32" time="33498.07000000001" /><testcase classname="mimxrt595_evk_cm33:tests/lib/cmsis_dsp/transform/libraries.cmsis_dsp.transform.cf32.fpu" name="tests/lib/cmsis_dsp/transform/libraries.cmsis_dsp.transform.cf32.fpu" time="33513.950000000004" /><testcase classname="mimxrt595_evk_cm33:tests/lib/cmsis_dsp/transform/libraries.cmsis_dsp.transform.rf32" name="tests/lib/cmsis_dsp/transform/libraries.cmsis_dsp.transform.rf32" time="33529.280000000006" /><testcase classname="mimxrt595_evk_cm33:tests/lib/cmsis_dsp/transform/libraries.cmsis_dsp.transform.rf32.fpu" name="tests/lib/cmsis_dsp/transform/libraries.cmsis_dsp.transform.rf32.fpu" time="33543.020000000004" /><testcase classname="mimxrt595_evk_cm33:tests/lib/cmsis_dsp/transform/libraries.cmsis_dsp.transform.cf64" name="tests/lib/cmsis_dsp/transform/libraries.cmsis_dsp.transform.cf64" time="33567.090000000004" /><testcase classname="mimxrt595_evk_cm33:tests/lib/cmsis_dsp/transform/libraries.cmsis_dsp.transform.cf64.fpu" name="tests/lib/cmsis_dsp/transform/libraries.cmsis_dsp.transform.cf64.fpu" time="33588.19" /><testcase classname="mimxrt595_evk_cm33:tests/lib/cmsis_dsp/transform/libraries.cmsis_dsp.transform.rf64" name="tests/lib/cmsis_dsp/transform/libraries.cmsis_dsp.transform.rf64" time="33605.73" /><testcase classname="mimxrt595_evk_cm33:tests/lib/cmsis_dsp/transform/libraries.cmsis_dsp.transform.rf64.fpu" name="tests/lib/cmsis_dsp/transform/libraries.cmsis_dsp.transform.rf64.fpu" time="33624.340000000004" /><testcase classname="mimxrt595_evk_cm33:tests/lib/cmsis_dsp/quaternionmath/libraries.cmsis_dsp.quaternionmath" name="tests/lib/cmsis_dsp/quaternionmath/libraries.cmsis_dsp.quaternionmath" time="33634.950000000004" /><testcase classname="mimxrt595_evk_cm33:tests/lib/cmsis_dsp/quaternionmath/libraries.cmsis_dsp.quaternionmath.fpu" name="tests/lib/cmsis_dsp/quaternionmath/libraries.cmsis_dsp.quaternionmath.fpu" time="33646.29" /><testcase classname="mimxrt595_evk_cm33:tests/lib/cmsis_dsp/support/libraries.cmsis_dsp.support" name="tests/lib/cmsis_dsp/support/libraries.cmsis_dsp.support" time="33658.18" /><testcase classname="mimxrt595_evk_cm33:tests/lib/cmsis_dsp/support/libraries.cmsis_dsp.support.fpu" name="tests/lib/cmsis_dsp/support/libraries.cmsis_dsp.support.fpu" time="33671.64" /><testcase classname="mimxrt595_evk_cm33:tests/lib/cmsis_dsp/distance/libraries.cmsis_dsp.distance" name="tests/lib/cmsis_dsp/distance/libraries.cmsis_dsp.distance" time="33679.64" /><testcase classname="mimxrt595_evk_cm33:tests/lib/cmsis_dsp/distance/libraries.cmsis_dsp.distance.fpu" name="tests/lib/cmsis_dsp/distance/libraries.cmsis_dsp.distance.fpu" time="33689.21" /><testcase classname="mimxrt595_evk_cm33:tests/lib/spsc_pbuf/libraries.spsc_pbuf" name="tests/lib/spsc_pbuf/libraries.spsc_pbuf" time="33766.47" /><testcase classname="mimxrt595_evk_cm33:tests/lib/spsc_pbuf/libraries.spsc_pbuf.cache" name="tests/lib/spsc_pbuf/libraries.spsc_pbuf.cache" time="33836.39" /><testcase classname="mimxrt595_evk_cm33:tests/lib/spsc_pbuf/libraries.spsc_pbuf.nocache." name="tests/lib/spsc_pbuf/libraries.spsc_pbuf.nocache." time="33906.58" /><testcase classname="mimxrt595_evk_cm33:tests/lib/spsc_pbuf/libraries.spsc_pbuf.utilization" name="tests/lib/spsc_pbuf/libraries.spsc_pbuf.utilization" time="33979.69" /><testcase classname="mimxrt595_evk_cm33:tests/lib/p4workq/libraries.p4wq" name="tests/lib/p4workq/libraries.p4wq" time="33987.91" /><testcase classname="mimxrt595_evk_cm33:tests/lib/time/libraries.libc.time" name="tests/lib/time/libraries.libc.time" time="34015.79" /><testcase classname="mimxrt595_evk_cm33:tests/lib/cmsis_nn/libraries.cmsis_nn" name="tests/lib/cmsis_nn/libraries.cmsis_nn" time="34025.36" /><testcase classname="mimxrt595_evk_cm33:tests/lib/onoff/libraries.onoff" name="tests/lib/onoff/libraries.onoff" time="34036.85" /><testcase classname="mimxrt595_evk_cm33:tests/lib/sprintf/libraries.libc.sprintf" name="tests/lib/sprintf/libraries.libc.sprintf" time="34048.72" /><testcase classname="mimxrt595_evk_cm33:tests/lib/sprintf/libraries.libc.sprintf_new" name="tests/lib/sprintf/libraries.libc.sprintf_new" time="34058.68" /><testcase classname="mimxrt595_evk_cm33:tests/lib/sprintf/libraries.libc.picolibc.sprintf" name="tests/lib/sprintf/libraries.libc.picolibc.sprintf" time="34074.4" /><testcase classname="mimxrt595_evk_cm33:tests/lib/sprintf/libraries.libc.picolibc.sprintf_new" name="tests/lib/sprintf/libraries.libc.picolibc.sprintf_new" time="34083.94" /><testcase classname="mimxrt595_evk_cm33:tests/lib/sprintf/libraries.libc.picolibc.sprintf_inexact" name="tests/lib/sprintf/libraries.libc.picolibc.sprintf_inexact" time="34101.37" /><testcase classname="mimxrt595_evk_cm33:tests/lib/ringbuffer/libraries.ring_buffer" name="tests/lib/ringbuffer/libraries.ring_buffer" time="34176.68" /><testcase classname="mimxrt595_evk_cm33:tests/lib/cpp/cxx/cpp.main.minimal" name="tests/lib/cpp/cxx/cpp.main.minimal" time="34189.3" /><testcase classname="mimxrt595_evk_cm33:tests/lib/cpp/cxx/cpp.main.newlib" name="tests/lib/cpp/cxx/cpp.main.newlib" time="34202.090000000004" /><testcase classname="mimxrt595_evk_cm33:tests/lib/cpp/cxx/cpp.main.newlib_nano" name="tests/lib/cpp/cxx/cpp.main.newlib_nano" time="34215.100000000006" /><testcase classname="mimxrt595_evk_cm33:tests/lib/cpp/cxx/cpp.main.picolibc" name="tests/lib/cpp/cxx/cpp.main.picolibc" time="34227.37" /><testcase classname="mimxrt595_evk_cm33:tests/lib/cpp/libcxx/cpp.libcxx.glibcxx.newlib" name="tests/lib/cpp/libcxx/cpp.libcxx.glibcxx.newlib" time="34243.240000000005" /><testcase classname="mimxrt595_evk_cm33:tests/lib/cpp/libcxx/cpp.libcxx.glibcxx.newlib_nano" name="tests/lib/cpp/libcxx/cpp.libcxx.glibcxx.newlib_nano" time="34257.44" /><testcase classname="mimxrt595_evk_cm33:tests/lib/cpp/libcxx/cpp.libcxx.glibcxx.picolibc" name="tests/lib/cpp/libcxx/cpp.libcxx.glibcxx.picolibc" time="34270.87" /><testcase classname="mimxrt595_evk_cm33:tests/lib/heap_align/libraries.heap_align" name="tests/lib/heap_align/libraries.heap_align" time="34279.44" /><testcase classname="mimxrt595_evk_cm33:tests/lib/smf/libraries.smf.flat" name="tests/lib/smf/libraries.smf.flat" time="34287.350000000006" /><testcase classname="mimxrt595_evk_cm33:tests/lib/smf/libraries.smf.hierarchical" name="tests/lib/smf/libraries.smf.hierarchical" time="34299.47000000001" /><testcase classname="mimxrt595_evk_cm33:tests/lib/c_lib/common/libraries.libc.common" name="tests/lib/c_lib/common/libraries.libc.common" time="34318.48000000001" /><testcase classname="mimxrt595_evk_cm33:tests/lib/c_lib/common/libraries.libc.common.minimal" name="tests/lib/c_lib/common/libraries.libc.common.minimal" time="34333.07000000001" /><testcase classname="mimxrt595_evk_cm33:tests/lib/c_lib/common/libraries.libc.common.newlib" name="tests/lib/c_lib/common/libraries.libc.common.newlib" time="34337.990000000005" /><testcase classname="mimxrt595_evk_cm33:tests/lib/c_lib/common/libraries.libc.common.newlib_nano" name="tests/lib/c_lib/common/libraries.libc.common.newlib_nano" time="34348.46000000001" /><testcase classname="mimxrt595_evk_cm33:tests/lib/c_lib/common/libraries.libc.common.picolibc" name="tests/lib/c_lib/common/libraries.libc.common.picolibc" time="34353.04000000001" /><testcase classname="mimxrt595_evk_cm33:tests/lib/c_lib/common/libraries.libc.common.picolibc.module" name="tests/lib/c_lib/common/libraries.libc.common.picolibc.module" time="34969.30000000001"><failure type="failure" message="Timeout">*** Booting Zephyr OS build zephyr-v3.5.0-2927-g03b702690ae7 ***
E: no free partition slots available
Running TESTSUITE libc_common
===================================================================
START - test_abort
abort()
E: r0/a1:  0x00000004  r1/a2:  0x00000016  r2/a3:  0x00000016
E: r3/a4:  0x180169b1 r12/ip:  0x004a8800 r14/lr:  0x18006a99
E:  xpsr:  0x61000000
E: Faulting instruction address (r15/pc): 0x18006aa4
E: &gt;&gt;&gt; ZEPHYR FATAL ERROR 4: Kernel panic on CPU 0
E: Current thread: 0x30180fb8 (test_abort)
Caught system error -- reason 4 1
Fatal error expected as part of test case.
PASS - test_abort in 0.035 seconds
===================================================================
START - test_abs
PASS - test_abs in 0.001 seconds
===================================================================
START - test_atoi
PASS - test_atoi in 0.001 seconds
===================================================================
START - test_bsearch
PASS - test_bsearch in 0.001 seconds
===================================================================
START - test_checktype
PASS - test_checktype in 0.001 seconds
===================================================================
START - test_exit
exit
PASS - test_exit in 0.011 seconds
===================================================================
START - test_limits
PASS - test_limits in 0.001 seconds
===================================================================
START - test_memchr
PASS - test_memchr in 0.001 seconds
===================================================================
START - test_memcmp
PASS - test_memcmp in 0.001 seconds
===================================================================
START - test_memcpy
PASS - test_memcpy in 0.001 seconds
===================================================================
START - test_memmove
PASS - test_memmove in 0.001 seconds
===================================================================
START - test_memset
PASS - test_memset in 0.001 seconds
===================================================================
START - test_qsort
PASS - test_qsort in 0.001 seconds
===================================================================
START - test_qsort_r
PASS - test_qsort_r in 0.001 seconds
===================================================================
START - test_rand
SKIP - test_rand in 0.001 seconds
===================================================================
START - test_rand_reproducibility
SKIP - test_rand_reproducibility in 0.001 seconds
===================================================================
START - test_sqrt
test_sqrt max error 1 counts
PASS - test_sqrt in 0.006 seconds
===================================================================
START - test_sqrtf
test_sqrtf max error 1 counts
PASS - test_sqrtf in 0.005 seconds
===================================================================
START - test_srand
SKIP - test_srand in 0.001 seconds
===================================================================
START - test_ssize_t
PASS - test_ssize_t in 0.001 seconds
===================================================================
START - test_stdbool
PASS - test_stdbool in 0.001 seconds
===================================================================
START - test_stddef
PASS - test_stddef in 0.001 seconds
===================================================================
START - test_stdint
PASS - test_stdint in 0.001 seconds
===================================================================
START - test_str_operate
PASS - test_str_operate in 0.001 seconds
===================================================================
START - test_strchr
PASS - test_strchr in 0.001 seconds
===================================================================
START - test_strcmp
PASS - test_strcmp in 0.001 seconds
===================================================================
START - test_strcpy
PASS - test_strcpy in 0.001 seconds
===================================================================
START - test_strlen
PASS - test_strlen in 0.001 seconds
===================================================================
START - test_strncmp
PASS - test_strncmp in 0.001 seconds
===================================================================
START - test_strncpy
PASS - test_strncpy in 0.001 seconds
===================================================================
START - test_strtok_r
PASS - test_strtok_r in 0.001 seconds
===================================================================
START - test_strtol
PASS - test_strtol in 0.001 seconds
===================================================================
START - test_strtoul
PASS - test_strtoul in 0.001 seconds
===================================================================
START - test_strxspn
PASS - test_strxspn in 0.001 seconds
===================================================================
START - test_time
PASS - test_time in 0.001 seconds
===================================================================
START - test_time_t
PASS - test_time_t in 0.001 seconds
===================================================================
START - test_tolower_toupper
PASS - test_tolower_toupper in 0.001 seconds
===================================================================
TESTSUITE libc_common succeeded
------ TESTSUITE SUMMARY START ------
SUITE PASS - 100.00% [libc_common]: pass = 34, fail = 0, skip = 3, total = 37 duration = 0.090 seconds
- PASS - [libc_common.test_abort] duration = 0.035 seconds
- PASS - [libc_common.test_abs] duration = 0.001 seconds
- PASS - [libc_common.test_atoi] duration = 0.001 seconds
- PASS - [libc_common.test_bsearch] duration = 0.001 seconds
- PASS - [libc_common.test_checktype] duration = 0.001 seconds
- PASS - [libc_common.test_exit] duration = 0.011 seconds
- PASS - [libc_common.test_limits] duration = 0.001 seconds
- PASS - [libc_common.test_memchr] duration = 0.001 seconds
- PASS - [libc_common.test_memcmp] duration = 0.001 seconds
- PASS - [libc_common.test_memcpy] duration = 0.001 seconds
- PASS - [libc_common.test_memmove] duration = 0.001 seconds
- PASS - [libc_common.test_memset] duration = 0.001 seconds
- PASS - [libc_common.test_qsort] duration = 0.001 seconds
- PASS - [libc_common.test_qsort_r] duration = 0.001 seconds
- SKIP - [libc_common.test_rand] duration = 0.001 seconds
- SKIP - [libc_common.test_rand_reproducibility] duration = 0.001 seconds
- PASS - [libc_common.test_sqrt] duration = 0.006 seconds
- PASS - [libc_common.test_sqrtf] duration = 0.005 seconds
- SKIP - [libc_common.test_srand] duration = 0.001 seconds
- PASS - [libc_common.test_ssize_t] duration = 0.001 seconds
- PASS - [libc_common.test_stdbool] duration = 0.001 seconds
- PASS - [libc_common.test_stddef] duration = 0.001 seconds
- PASS - [libc_common.test_stdint] duration = 0.001 seconds
- PASS - [libc_common.test_str_operate] duration = 0.001 seconds
- PASS - [libc_common.test_strchr] duration = 0.001 seconds
- PASS - [libc_common.test_strcmp] duration = 0.001 seconds
- PASS - [libc_common.test_strcpy] duration = 0.001 seconds
- PASS - [libc_common.test_strlen] duration = 0.001 seconds
- PASS - [libc_common.test_strncmp] duration = 0.001 seconds
- PASS - [libc_common.test_strncpy] duration = 0.001 seconds
- PASS - [libc_common.test_strtok_r] duration = 0.001 seconds
- PASS - [libc_common.test_strtol] duration = 0.001 seconds
- PASS - [libc_common.test_strtoul] duration = 0.001 seconds
</failure></testcase><testcase classname="mimxrt595_evk_cm33:tests/lib/c_lib/common/libraries.libc.common.picolibc.notls" name="tests/lib/c_lib/common/libraries.libc.common.picolibc.notls" time="34973.85000000001" /><testcase classname="mimxrt595_evk_cm33:tests/lib/c_lib/thrd/libraries.libc.c11_threads.minimal" name="tests/lib/c_lib/thrd/libraries.libc.c11_threads.minimal" time="35577.820000000014"><failure type="failure" message="Timeout">*** Booting Zephyr OS build zephyr-v3.5.0-2927-g03b702690ae7 ***
Running TESTSUITE libc_cnd
===================================================================
START - test_cnd_broadcast_wait
PASS - test_cnd_broadcast_wait in 0.101 seconds
===================================================================
START - test_cnd_errors
PASS - test_cnd_errors in 0.001 seconds
===================================================================
START - test_cnd_init_destroy
PASS - test_cnd_init_destroy in 0.001 seconds
===================================================================
START - test_cnd_signal_timedwait
PASS - test_cnd_signal_timedwait in 0.051 seconds
===================================================================
START - test_cnd_signal_wait
PASS - test_cnd_signal_wait in 0.051 seconds
===================================================================
START - test_cnd_timedwait_timeout
E: Timeout waiting on cond 0x30181af8
PASS - test_cnd_timedwait_timeout in 0.204 seconds
===================================================================
TESTSUITE libc_cnd succeeded
Running TESTSUITE libc_mtx
===================================================================
START - test_mtx_destroy
PASS - test_mtx_destroy in 0.001 seconds
===================================================================
START - test_mtx_init
PASS - test_mtx_init in 0.001 seconds
===================================================================
START - test_mtx_lock
PASS - test_mtx_lock in 0.001 seconds
===================================================================
START - test_mtx_timedlock
Expecting timedlock with timeout of 200 ms to fail
E: Timeout locking mutex 0x30181b68
Expecting timedlock with timeout of 200 ms to succeed after 100ms
PASS - test_mtx_timedlock in 0.314 seconds
===================================================================
START - test_mtx_trylock
E: k_mutex_unlock() failed: -16
PASS - test_mtx_trylock in 0.004 seconds
===================================================================
START - test_mtx_unlock
E: Mutex is invalid (b105f00d)
PASS - test_mtx_unlock in 0.003 seconds
===================================================================
TESTSUITE libc_mtx succeeded
Running TESTSUITE libc_once
===================================================================
START - test_call_once
PASS - test_call_once in 0.001 seconds
===================================================================
TESTSUITE libc_once succeeded
Running TESTSUITE libc_thrd
===================================================================
START - test_thrd_create_join
PASS - test_thrd_create_join in 0.001 seconds
===================================================================
START - test_thrd_current_equal
PASS - test_thrd_current_equal in 0.001 seconds
===================================================================
START - test_thrd_detach
E: Pthread 0x30181030 is not a joinable
E: Pthread claims to be initialized (80000001)
PASS - test_thrd_detach in 0.108 seconds
===================================================================
START - test_thrd_exit
PASS - test_thrd_exit in 0.001 seconds
===================================================================
START - test_thrd_reuse
PASS - test_thrd_reuse in 0.003 seconds
===================================================================
START - test_thrd_sleep
sleeping 0 ms
sleeping 100 ms
</failure></testcase><testcase classname="mimxrt595_evk_cm33:tests/lib/c_lib/thrd/libraries.libc.c11_threads.picolibc" name="tests/lib/c_lib/thrd/libraries.libc.c11_threads.picolibc" time="36203.500000000015"><failure type="failure" message="Timeout">*** Booting Zephyr OS build zephyr-v3.5.0-2927-g03b702690ae7 ***
E: no free partition slots available
Running TESTSUITE libc_cnd
===================================================================
START - test_cnd_broadcast_wait
PASS - test_cnd_broadcast_wait in 0.101 seconds
===================================================================
START - test_cnd_errors
PASS - test_cnd_errors in 0.001 seconds
===================================================================
START - test_cnd_init_destroy
PASS - test_cnd_init_destroy in 0.001 seconds
===================================================================
START - test_cnd_signal_timedwait
PASS - test_cnd_signal_timedwait in 0.051 seconds
===================================================================
START - test_cnd_signal_wait
PASS - test_cnd_signal_wait in 0.051 seconds
===================================================================
START - test_cnd_timedwait_timeout
E: Timeout waiting on cond 0x30181af8
PASS - test_cnd_timedwait_timeout in 0.204 seconds
===================================================================
TESTSUITE libc_cnd succeeded
Running TESTSUITE libc_mtx
===================================================================
START - test_mtx_destroy
PASS - test_mtx_destroy in 0.001 seconds
===================================================================
START - test_mtx_init
PASS - test_mtx_init in 0.001 seconds
===================================================================
START - test_mtx_lock
PASS - test_mtx_lock in 0.001 seconds
===================================================================
START - test_mtx_timedlock
Expecting timedlock with timeout of 200 ms to fail
E: Timeout locking mutex 0x30181b68
Expecting timedlock with timeout of 200 ms to succeed after 100ms
PASS - test_mtx_timedlock in 0.314 seconds
===================================================================
START - test_mtx_trylock
E: k_mutex_unlock() failed: -16
PASS - test_mtx_trylock in 0.004 seconds
===================================================================
START - test_mtx_unlock
E: Mutex is invalid (b105f00d)
PASS - test_mtx_unlock in 0.003 seconds
===================================================================
TESTSUITE libc_mtx succeeded
Running TESTSUITE libc_once
===================================================================
START - test_call_once
PASS - test_call_once in 0.001 seconds
===================================================================
TESTSUITE libc_once succeeded
Running TESTSUITE libc_thrd
===================================================================
START - test_thrd_create_join
PASS - test_thrd_create_join in 0.001 seconds
===================================================================
START - test_thrd_current_equal
PASS - test_thrd_current_equal in 0.001 seconds
===================================================================
START - test_thrd_detach
E: Pthread 0x30181030 is not a joinable
E: Pthread claims to be initialized (80000001)
PASS - test_thrd_detach in 0.108 seconds
===================================================================
START - test_thrd_exit
PASS - test_thrd_exit in 0.001 seconds
===================================================================
START - test_thrd_reuse
PASS - test_thrd_reuse in 0.003 seconds
===================================================================
START - test_thrd_sleep
sleeping 0 ms
sleeping 100 ms
</failure></testcase><testcase classname="mimxrt595_evk_cm33:tests/lib/c_lib/thrd/libraries.libc.c11_threads.picolibc.module" name="tests/lib/c_lib/thrd/libraries.libc.c11_threads.picolibc.module" time="36809.01000000002"><failure type="failure" message="Timeout">*** Booting Zephyr OS build zephyr-v3.5.0-2927-g03b702690ae7 ***
E: no free partition slots available
Running TESTSUITE libc_cnd
===================================================================
START - test_cnd_broadcast_wait
PASS - test_cnd_broadcast_wait in 0.101 seconds
===================================================================
START - test_cnd_errors
PASS - test_cnd_errors in 0.001 seconds
===================================================================
START - test_cnd_init_destroy
PASS - test_cnd_init_destroy in 0.001 seconds
===================================================================
START - test_cnd_signal_timedwait
PASS - test_cnd_signal_timedwait in 0.051 seconds
===================================================================
START - test_cnd_signal_wait
PASS - test_cnd_signal_wait in 0.051 seconds
===================================================================
START - test_cnd_timedwait_timeout
E: Timeout waiting on cond 0x30181af8
PASS - test_cnd_timedwait_timeout in 0.204 seconds
===================================================================
TESTSUITE libc_cnd succeeded
Running TESTSUITE libc_mtx
===================================================================
START - test_mtx_destroy
PASS - test_mtx_destroy in 0.001 seconds
===================================================================
START - test_mtx_init
PASS - test_mtx_init in 0.001 seconds
===================================================================
START - test_mtx_lock
PASS - test_mtx_lock in 0.001 seconds
===================================================================
START - test_mtx_timedlock
Expecting timedlock with timeout of 200 ms to fail
E: Timeout locking mutex 0x30181b68
Expecting timedlock with timeout of 200 ms to succeed after 100ms
PASS - test_mtx_timedlock in 0.314 seconds
===================================================================
START - test_mtx_trylock
E: k_mutex_unlock() failed: -16
PASS - test_mtx_trylock in 0.004 seconds
===================================================================
START - test_mtx_unlock
E: Mutex is invalid (b105f00d)
PASS - test_mtx_unlock in 0.003 seconds
===================================================================
TESTSUITE libc_mtx succeeded
Running TESTSUITE libc_once
===================================================================
START - test_call_once
PASS - test_call_once in 0.001 seconds
===================================================================
TESTSUITE libc_once succeeded
Running TESTSUITE libc_thrd
===================================================================
START - test_thrd_create_join
PASS - test_thrd_create_join in 0.001 seconds
===================================================================
START - test_thrd_current_equal
PASS - test_thrd_current_equal in 0.001 seconds
===================================================================
START - test_thrd_detach
E: Pthread 0x30181030 is not a joinable
E: Pthread claims to be initialized (80000001)
PASS - test_thrd_detach in 0.108 seconds
===================================================================
START - test_thrd_exit
PASS - test_thrd_exit in 0.001 seconds
===================================================================
START - test_thrd_reuse
PASS - test_thrd_reuse in 0.003 seconds
===================================================================
START - test_thrd_sleep
sleeping 0 ms
sleeping 100 ms
</failure></testcase><testcase classname="mimxrt595_evk_cm33:tests/lib/c_lib/thrd/libraries.libc.c11_threads.picolibc.notls" name="tests/lib/c_lib/thrd/libraries.libc.c11_threads.picolibc.notls" time="37413.970000000016"><failure type="failure" message="Timeout">*** Booting Zephyr OS build zephyr-v3.5.0-2927-g03b702690ae7 ***
E: no free partition slots available
Running TESTSUITE libc_cnd
===================================================================
START - test_cnd_broadcast_wait
PASS - test_cnd_broadcast_wait in 0.101 seconds
===================================================================
START - test_cnd_errors
PASS - test_cnd_errors in 0.001 seconds
===================================================================
START - test_cnd_init_destroy
PASS - test_cnd_init_destroy in 0.001 seconds
===================================================================
START - test_cnd_signal_timedwait
PASS - test_cnd_signal_timedwait in 0.051 seconds
===================================================================
START - test_cnd_signal_wait
PASS - test_cnd_signal_wait in 0.051 seconds
===================================================================
START - test_cnd_timedwait_timeout
E: Timeout waiting on cond 0x30181af8
PASS - test_cnd_timedwait_timeout in 0.204 seconds
===================================================================
TESTSUITE libc_cnd succeeded
Running TESTSUITE libc_mtx
===================================================================
START - test_mtx_destroy
PASS - test_mtx_destroy in 0.001 seconds
===================================================================
START - test_mtx_init
PASS - test_mtx_init in 0.001 seconds
===================================================================
START - test_mtx_lock
PASS - test_mtx_lock in 0.001 seconds
===================================================================
START - test_mtx_timedlock
Expecting timedlock with timeout of 200 ms to fail
E: Timeout locking mutex 0x30181b68
Expecting timedlock with timeout of 200 ms to succeed after 100ms
PASS - test_mtx_timedlock in 0.314 seconds
===================================================================
START - test_mtx_trylock
E: k_mutex_unlock() failed: -16
PASS - test_mtx_trylock in 0.004 seconds
===================================================================
START - test_mtx_unlock
E: Mutex is invalid (b105f00d)
PASS - test_mtx_unlock in 0.003 seconds
===================================================================
TESTSUITE libc_mtx succeeded
Running TESTSUITE libc_once
===================================================================
START - test_call_once
PASS - test_call_once in 0.001 seconds
===================================================================
TESTSUITE libc_once succeeded
Running TESTSUITE libc_thrd
===================================================================
START - test_thrd_create_join
PASS - test_thrd_create_join in 0.001 seconds
===================================================================
START - test_thrd_current_equal
PASS - test_thrd_current_equal in 0.001 seconds
===================================================================
START - test_thrd_detach
E: Pthread 0x30181030 is not a joinable
E: Pthread claims to be initialized (80000001)
PASS - test_thrd_detach in 0.108 seconds
===================================================================
START - test_thrd_exit
PASS - test_thrd_exit in 0.001 seconds
===================================================================
START - test_thrd_reuse
PASS - test_thrd_reuse in 0.003 seconds
===================================================================
START - test_thrd_sleep
sleeping 0 ms
sleeping 100 ms
sleeping 200 ms
</failure></testcase><testcase classname="mimxrt595_evk_cm33:tests/lib/c_lib/thrd/libraries.libc.c11_threads.newlib" name="tests/lib/c_lib/thrd/libraries.libc.c11_threads.newlib" time="38018.31000000001"><failure type="failure" message="Timeout">*** Booting Zephyr OS build zephyr-v3.5.0-2927-g03b702690ae7 ***
E: no free partition slots available
Running TESTSUITE libc_cnd
===================================================================
START - test_cnd_broadcast_wait
PASS - test_cnd_broadcast_wait in 0.101 seconds
===================================================================
START - test_cnd_errors
PASS - test_cnd_errors in 0.001 seconds
===================================================================
START - test_cnd_init_destroy
PASS - test_cnd_init_destroy in 0.001 seconds
===================================================================
START - test_cnd_signal_timedwait
PASS - test_cnd_signal_timedwait in 0.051 seconds
===================================================================
START - test_cnd_signal_wait
PASS - test_cnd_signal_wait in 0.051 seconds
===================================================================
START - test_cnd_timedwait_timeout
E: Timeout waiting on cond 0x30182324
PASS - test_cnd_timedwait_timeout in 0.204 seconds
===================================================================
TESTSUITE libc_cnd succeeded
Running TESTSUITE libc_mtx
===================================================================
START - test_mtx_destroy
PASS - test_mtx_destroy in 0.001 seconds
===================================================================
START - test_mtx_init
PASS - test_mtx_init in 0.001 seconds
===================================================================
START - test_mtx_lock
PASS - test_mtx_lock in 0.001 seconds
===================================================================
START - test_mtx_timedlock
Expecting timedlock with timeout of 200 ms to fail
E: Timeout locking mutex 0x30182394
Expecting timedlock with timeout of 200 ms to succeed after 100ms
PASS - test_mtx_timedlock in 0.315 seconds
===================================================================
START - test_mtx_trylock
E: k_mutex_unlock() failed: -16
PASS - test_mtx_trylock in 0.004 seconds
===================================================================
START - test_mtx_unlock
E: Mutex is invalid (b105f00d)
PASS - test_mtx_unlock in 0.003 seconds
===================================================================
TESTSUITE libc_mtx succeeded
Running TESTSUITE libc_once
===================================================================
START - test_call_once
PASS - test_call_once in 0.001 seconds
===================================================================
TESTSUITE libc_once succeeded
Running TESTSUITE libc_thrd
===================================================================
START - test_thrd_create_join
PASS - test_thrd_create_join in 0.001 seconds
===================================================================
START - test_thrd_current_equal
PASS - test_thrd_current_equal in 0.001 seconds
===================================================================
START - test_thrd_detach
E: Pthread 0x30181850 is not a joinable
E: Pthread claims to be initialized (80000001)
PASS - test_thrd_detach in 0.108 seconds
===================================================================
START - test_thrd_exit
PASS - test_thrd_exit in 0.001 seconds
===================================================================
START - test_thrd_reuse
PASS - test_thrd_reuse in 0.004 seconds
===================================================================
START - test_thrd_sleep
sleeping 0 ms
sleeping 100 ms
</failure></testcase><testcase classname="mimxrt595_evk_cm33:tests/lib/c_lib/thrd/libraries.libc.c11_threads.newlib_nano" name="tests/lib/c_lib/thrd/libraries.libc.c11_threads.newlib_nano" time="38622.28000000001"><failure type="failure" message="Timeout">*** Booting Zephyr OS build zephyr-v3.5.0-2927-g03b702690ae7 ***
E: no free partition slots available
Running TESTSUITE libc_cnd
===================================================================
START - test_cnd_broadcast_wait
PASS - test_cnd_broadcast_wait in 0.101 seconds
===================================================================
START - test_cnd_errors
PASS - test_cnd_errors in 0.001 seconds
===================================================================
START - test_cnd_init_destroy
PASS - test_cnd_init_destroy in 0.001 seconds
===================================================================
START - test_cnd_signal_timedwait
PASS - test_cnd_signal_timedwait in 0.051 seconds
===================================================================
START - test_cnd_signal_wait
PASS - test_cnd_signal_wait in 0.051 seconds
===================================================================
START - test_cnd_timedwait_timeout
E: Timeout waiting on cond 0x30181b44
PASS - test_cnd_timedwait_timeout in 0.204 seconds
===================================================================
TESTSUITE libc_cnd succeeded
Running TESTSUITE libc_mtx
===================================================================
START - test_mtx_destroy
PASS - test_mtx_destroy in 0.001 seconds
===================================================================
START - test_mtx_init
PASS - test_mtx_init in 0.001 seconds
===================================================================
START - test_mtx_lock
PASS - test_mtx_lock in 0.001 seconds
===================================================================
START - test_mtx_timedlock
Expecting timedlock with timeout of 200 ms to fail
E: Timeout locking mutex 0x30181bb4
Expecting timedlock with timeout of 200 ms to succeed after 100ms
PASS - test_mtx_timedlock in 0.314 seconds
===================================================================
START - test_mtx_trylock
E: k_mutex_unlock() failed: -16
PASS - test_mtx_trylock in 0.004 seconds
===================================================================
START - test_mtx_unlock
E: Mutex is invalid (b105f00d)
PASS - test_mtx_unlock in 0.003 seconds
===================================================================
TESTSUITE libc_mtx succeeded
Running TESTSUITE libc_once
===================================================================
START - test_call_once
PASS - test_call_once in 0.001 seconds
===================================================================
TESTSUITE libc_once succeeded
Running TESTSUITE libc_thrd
===================================================================
START - test_thrd_create_join
PASS - test_thrd_create_join in 0.001 seconds
===================================================================
START - test_thrd_current_equal
PASS - test_thrd_current_equal in 0.001 seconds
===================================================================
START - test_thrd_detach
E: Pthread 0x30181070 is not a joinable
E: Pthread claims to be initialized (80000001)
PASS - test_thrd_detach in 0.108 seconds
===================================================================
START - test_thrd_exit
PASS - test_thrd_exit in 0.001 seconds
===================================================================
START - test_thrd_reuse
PASS - test_thrd_reuse in 0.004 seconds
===================================================================
START - test_thrd_sleep
sleeping 0 ms
sleeping 100 ms
</failure></testcase><testcase classname="mimxrt595_evk_cm33:tests/lib/c_lib/strerror/libraries.libc.strerror.minimal.strerror_table" name="tests/lib/c_lib/strerror/libraries.libc.strerror.minimal.strerror_table" time="38627.000000000015" /><testcase classname="mimxrt595_evk_cm33:tests/lib/c_lib/strerror/libraries.libc.strerror.minimal.no_strerror_table" name="tests/lib/c_lib/strerror/libraries.libc.strerror.minimal.no_strerror_table" time="38631.77000000001" /><testcase classname="mimxrt595_evk_cm33:tests/lib/c_lib/strerror/libraries.libc.strerror.newlib" name="tests/lib/c_lib/strerror/libraries.libc.strerror.newlib" time="38639.40000000001" /><testcase classname="mimxrt595_evk_cm33:tests/lib/c_lib/strerror/libraries.libc.strerror.newlib_nano" name="tests/lib/c_lib/strerror/libraries.libc.strerror.newlib_nano" time="38643.91000000001" /><testcase classname="mimxrt595_evk_cm33:tests/lib/c_lib/strerror/libraries.libc.strerror.picolibc" name="tests/lib/c_lib/strerror/libraries.libc.strerror.picolibc" time="38648.10000000001" /><testcase classname="mimxrt595_evk_cm33:tests/lib/c_lib/strerror/libraries.libc.strerror.picolibc.module" name="tests/lib/c_lib/strerror/libraries.libc.strerror.picolibc.module" time="38661.140000000014" /><testcase classname="mimxrt595_evk_cm33:tests/lib/c_lib/strerror/libraries.libc.strerror.picolibc.notls" name="tests/lib/c_lib/strerror/libraries.libc.strerror.picolibc.notls" time="38666.580000000016" /><testcase classname="mimxrt595_evk_cm33:tests/lib/linear_range/libraries.linear_range" name="tests/lib/linear_range/libraries.linear_range" time="38671.000000000015" /><testcase classname="mimxrt595_evk_cm33:tests/lib/devicetree/api_ext/libraries.devicetree.api_ext" name="tests/lib/devicetree/api_ext/libraries.devicetree.api_ext" time="38675.960000000014" /><testcase classname="mimxrt595_evk_cm33:tests/lib/hash_function/libraries.hash_function.identity" name="tests/lib/hash_function/libraries.hash_function.identity" time="38680.110000000015" /><testcase classname="mimxrt595_evk_cm33:tests/lib/hash_function/libraries.hash_function.djb2" name="tests/lib/hash_function/libraries.hash_function.djb2" time="38684.60000000001" /><testcase classname="mimxrt595_evk_cm33:tests/lib/sys_util/libraries.sys_util" name="tests/lib/sys_util/libraries.sys_util" time="38689.51000000002" /><testcase classname="mimxrt595_evk_cm33:tests/lib/hash_map/libraries.hash_map.separate_chaining.djb2" name="tests/lib/hash_map/libraries.hash_map.separate_chaining.djb2" time="38696.12000000002" /><testcase classname="mimxrt595_evk_cm33:tests/lib/hash_map/libraries.hash_map.open_addressing.djb2" name="tests/lib/hash_map/libraries.hash_map.open_addressing.djb2" time="38700.720000000016" /><testcase classname="mimxrt595_evk_cm33:tests/lib/hash_map/libraries.hash_map.cxx.djb2" name="tests/lib/hash_map/libraries.hash_map.cxx.djb2" time="38706.24000000001" /><testcase classname="mimxrt595_evk_cm33:tests/lib/json/libraries.encoding.json" name="tests/lib/json/libraries.encoding.json" time="38710.820000000014" /><testcase classname="mimxrt595_evk_cm33:tests/misc/iterable_sections/linker.iterable_sections" name="tests/misc/iterable_sections/linker.iterable_sections" time="38714.99000000001" /><testcase classname="mimxrt595_evk_cm33:tests/misc/print_format/printk.format" name="tests/misc/print_format/printk.format" time="38720.84000000001" /><testcase classname="mimxrt595_evk_cm33:tests/misc/print_format/printk.format_newlib" name="tests/misc/print_format/printk.format_newlib" time="38725.13000000001" /><testcase classname="mimxrt595_evk_cm33:tests/misc/print_format/printk.format.picolibc" name="tests/misc/print_format/printk.format.picolibc" time="38728.90000000001" /><testcase classname="mimxrt595_evk_cm33:tests/benchmarks/sched/benchmark.kernel.scheduler" name="tests/benchmarks/sched/benchmark.kernel.scheduler" time="38737.91000000001" /><testcase classname="mimxrt595_evk_cm33:tests/benchmarks/latency_measure/benchmark.kernel.latency" name="tests/benchmarks/latency_measure/benchmark.kernel.latency" time="38744.26000000001" /><testcase classname="mimxrt595_evk_cm33:tests/benchmarks/latency_measure/benchmark.kernel.latency.objcore.stats" name="tests/benchmarks/latency_measure/benchmark.kernel.latency.objcore.stats" time="38750.850000000006" /><testcase classname="mimxrt595_evk_cm33:tests/benchmarks/latency_measure/benchmark.user.latency" name="tests/benchmarks/latency_measure/benchmark.user.latency" time="38761.96000000001" /><testcase classname="mimxrt595_evk_cm33:tests/benchmarks/latency_measure/benchmark.user.latency.objcore.stats" name="tests/benchmarks/latency_measure/benchmark.user.latency.objcore.stats" time="38775.25000000001" /><testcase classname="mimxrt595_evk_cm33:tests/benchmarks/sys_kernel/benchmark.kernel.core" name="tests/benchmarks/sys_kernel/benchmark.kernel.core" time="38811.47000000001" /><testcase classname="mimxrt595_evk_cm33:tests/benchmarks/data_structure_perf/rbtree_perf/benchmark.data_structure_perf.rbtree" name="tests/benchmarks/data_structure_perf/rbtree_perf/benchmark.data_structure_perf.rbtree" time="38815.420000000006" /><testcase classname="mimxrt595_evk_cm33:tests/benchmarks/data_structure_perf/dlist_perf/benchmark.data_structure_perf.dlist" name="tests/benchmarks/data_structure_perf/dlist_perf/benchmark.data_structure_perf.dlist" time="38820.54000000001" /><testcase classname="mimxrt595_evk_cm33:tests/benchmarks/app_kernel/benchmark.kernel.application" name="tests/benchmarks/app_kernel/benchmark.kernel.application" time="38825.630000000005" /><testcase classname="mimxrt595_evk_cm33:tests/benchmarks/app_kernel/benchmark.kernel.application.objcore.stats" name="tests/benchmarks/app_kernel/benchmark.kernel.application.objcore.stats" time="38832.33" /><testcase classname="mimxrt595_evk_cm33:tests/benchmarks/app_kernel/benchmark.kernel.application.user" name="tests/benchmarks/app_kernel/benchmark.kernel.application.user" time="38841.6" /><testcase classname="mimxrt595_evk_cm33:tests/benchmarks/app_kernel/benchmark.kernel.application.user.objcore.stats" name="tests/benchmarks/app_kernel/benchmark.kernel.application.user.objcore.stats" time="38850.0" /><testcase classname="mimxrt595_evk_cm33:tests/arch/arm/arm_sw_vector_relay/arch.arm.sw_vector_relay" name="tests/arch/arm/arm_sw_vector_relay/arch.arm.sw_vector_relay" time="38858.24" /><testcase classname="mimxrt595_evk_cm33:tests/arch/arm/arm_interrupt/arch.arm.interrupt" name="tests/arch/arm/arm_interrupt/arch.arm.interrupt" time="38863.42" /><testcase classname="mimxrt595_evk_cm33:tests/arch/arm/arm_interrupt/arch.arm.interrupt.no_optimizations" name="tests/arch/arm/arm_interrupt/arch.arm.interrupt.no_optimizations" time="38872.5" /><testcase classname="mimxrt595_evk_cm33:tests/arch/arm/arm_interrupt/arch.arm.interrupt.extra_exception_info" name="tests/arch/arm/arm_interrupt/arch.arm.interrupt.extra_exception_info" time="38878.36" /><testcase classname="mimxrt595_evk_cm33:tests/arch/arm/arm_irq_advanced_features/arch.arm.irq_advanced_features" name="tests/arch/arm/arm_irq_advanced_features/arch.arm.irq_advanced_features" time="38884.71" /><testcase classname="mimxrt595_evk_cm33:tests/arch/arm/arm_irq_advanced_features/arch.arm.irq_advanced_features.secure_fw" name="tests/arch/arm/arm_irq_advanced_features/arch.arm.irq_advanced_features.secure_fw" time="38890.61" /><testcase classname="mimxrt595_evk_cm33:tests/arch/arm/arm_hardfault_validation/arch.arm.interrupt.hardfault_validation" name="tests/arch/arm/arm_hardfault_validation/arch.arm.interrupt.hardfault_validation" time="38896.64" /><testcase classname="mimxrt595_evk_cm33:tests/arch/arm/arm_irq_zero_latency_levels/arch.arm.irq_zero_latency_levels" name="tests/arch/arm/arm_irq_zero_latency_levels/arch.arm.irq_zero_latency_levels" time="38902.729999999996" /><testcase classname="mimxrt595_evk_cm33:tests/arch/arm/arm_irq_zero_latency_levels/arch.arm.irq_zero_latency_levels.secure_fw" name="tests/arch/arm/arm_irq_zero_latency_levels/arch.arm.irq_zero_latency_levels.secure_fw" time="38909.13" /><testcase classname="mimxrt595_evk_cm33:tests/arch/arm/arm_custom_interrupt/arch.arm.custom_interrupt" name="tests/arch/arm/arm_custom_interrupt/arch.arm.custom_interrupt" time="38913.649999999994" /><testcase classname="mimxrt595_evk_cm33:tests/arch/arm/arm_irq_vector_table/arch.arm.irq_vector_table" name="tests/arch/arm/arm_irq_vector_table/arch.arm.irq_vector_table" time="38918.38" /><testcase classname="mimxrt595_evk_cm33:tests/arch/arm/arm_thread_swap/arch.arm.swap.common" name="tests/arch/arm/arm_thread_swap/arch.arm.swap.common" time="38922.54" /><testcase classname="mimxrt595_evk_cm33:tests/arch/arm/arm_thread_swap/arch.arm.swap.common.no_optimizations" name="tests/arch/arm/arm_thread_swap/arch.arm.swap.common.no_optimizations" time="38928.56" /><testcase classname="mimxrt595_evk_cm33:tests/arch/arm/arm_thread_swap/arch.arm.swap.common.fpu_sharing" name="tests/arch/arm/arm_thread_swap/arch.arm.swap.common.fpu_sharing" time="38932.43" /><testcase classname="mimxrt595_evk_cm33:tests/arch/arm/arm_thread_swap/arch.arm.swap.common.fpu_sharing.no_optimizations" name="tests/arch/arm/arm_thread_swap/arch.arm.swap.common.fpu_sharing.no_optimizations" time="38937.29" /><testcase classname="mimxrt595_evk_cm33:tests/arch/arm/arm_runtime_nmi/arch.arm.interrupt.nmi" name="tests/arch/arm/arm_runtime_nmi/arch.arm.interrupt.nmi" time="38944.66" /><testcase classname="mimxrt595_evk_cm33:tests/arch/arm/arm_tz_wrap_func/arch.arm.tz_wrap_func" name="tests/arch/arm/arm_tz_wrap_func/arch.arm.tz_wrap_func" time="38948.670000000006" /><testcase classname="mimxrt595_evk_cm33:tests/arch/common/timing/arch.common.timing" name="tests/arch/common/timing/arch.common.timing" time="38954.41" /><testcase classname="mimxrt595_evk_cm33:tests/arch/common/ramfunc/arch.common.ramfunc" name="tests/arch/common/ramfunc/arch.common.ramfunc" time="38958.98" /></testsuite></testsuites>